{"/Users/ivanbesevic/Documents/iso-game/ai.js": {"path":"/Users/ivanbesevic/Documents/iso-game/ai.js","statementMap":{"0":{"start":{"line":16,"column":21},"end":{"line":16,"column":69}},"1":{"start":{"line":16,"column":45},"end":{"line":16,"column":68}},"2":{"start":{"line":17,"column":19},"end":{"line":17,"column":63}},"3":{"start":{"line":17,"column":41},"end":{"line":17,"column":62}},"4":{"start":{"line":18,"column":4},"end":{"line":18,"column":99}},"5":{"start":{"line":18,"column":17},"end":{"line":18,"column":99}},"6":{"start":{"line":21,"column":18},"end":{"line":21,"column":93}},"7":{"start":{"line":22,"column":26},"end":{"line":22,"column":53}},"8":{"start":{"line":23,"column":4},"end":{"line":25,"column":5}},"9":{"start":{"line":24,"column":8},"end":{"line":24,"column":89}},"10":{"start":{"line":28,"column":20},"end":{"line":33,"column":5}},"11":{"start":{"line":30,"column":8},"end":{"line":30,"column":66}},"12":{"start":{"line":30,"column":54},"end":{"line":30,"column":66}},"13":{"start":{"line":32,"column":8},"end":{"line":32,"column":78}},"14":{"start":{"line":34,"column":17},"end":{"line":34,"column":132}},"15":{"start":{"line":36,"column":19},"end":{"line":36,"column":21}},"16":{"start":{"line":37,"column":19},"end":{"line":37,"column":20}},"17":{"start":{"line":38,"column":4},"end":{"line":43,"column":5}},"18":{"start":{"line":40,"column":25},"end":{"line":40,"column":40}},"19":{"start":{"line":41,"column":8},"end":{"line":41,"column":48}},"20":{"start":{"line":42,"column":8},"end":{"line":42,"column":47}},"21":{"start":{"line":46,"column":25},"end":{"line":46,"column":30}},"22":{"start":{"line":47,"column":4},"end":{"line":51,"column":5}},"23":{"start":{"line":48,"column":20},"end":{"line":48,"column":49}},"24":{"start":{"line":49,"column":22},"end":{"line":49,"column":85}},"25":{"start":{"line":50,"column":8},"end":{"line":50,"column":53}},"26":{"start":{"line":53,"column":4},"end":{"line":53,"column":65}},"27":{"start":{"line":68,"column":4},"end":{"line":68,"column":63}},"28":{"start":{"line":69,"column":19},"end":{"line":69,"column":63}},"29":{"start":{"line":69,"column":41},"end":{"line":69,"column":62}},"30":{"start":{"line":71,"column":4},"end":{"line":75,"column":5}},"31":{"start":{"line":72,"column":8},"end":{"line":72,"column":94}},"32":{"start":{"line":73,"column":8},"end":{"line":73,"column":37}},"33":{"start":{"line":73,"column":24},"end":{"line":73,"column":37}},"34":{"start":{"line":74,"column":8},"end":{"line":74,"column":15}},"35":{"start":{"line":77,"column":30},"end":{"line":77,"column":35}},"36":{"start":{"line":78,"column":21},"end":{"line":78,"column":69}},"37":{"start":{"line":78,"column":45},"end":{"line":78,"column":68}},"38":{"start":{"line":81,"column":21},"end":{"line":81,"column":102}},"39":{"start":{"line":82,"column":4},"end":{"line":88,"column":5}},"40":{"start":{"line":83,"column":8},"end":{"line":83,"column":67}},"41":{"start":{"line":84,"column":8},"end":{"line":84,"column":38}},"42":{"start":{"line":85,"column":8},"end":{"line":85,"column":19}},"43":{"start":{"line":86,"column":8},"end":{"line":86,"column":35}},"44":{"start":{"line":87,"column":8},"end":{"line":87,"column":51}},"45":{"start":{"line":87,"column":31},"end":{"line":87,"column":49}},"46":{"start":{"line":92,"column":4},"end":{"line":92,"column":99}},"47":{"start":{"line":93,"column":4},"end":{"line":135,"column":5}},"48":{"start":{"line":94,"column":24},"end":{"line":98,"column":9}},"49":{"start":{"line":95,"column":12},"end":{"line":95,"column":70}},"50":{"start":{"line":95,"column":58},"end":{"line":95,"column":70}},"51":{"start":{"line":97,"column":12},"end":{"line":97,"column":82}},"52":{"start":{"line":99,"column":21},"end":{"line":99,"column":136}},"53":{"start":{"line":101,"column":8},"end":{"line":134,"column":9}},"54":{"start":{"line":103,"column":37},"end":{"line":103,"column":72}},"55":{"start":{"line":104,"column":12},"end":{"line":133,"column":13}},"56":{"start":{"line":105,"column":17},"end":{"line":105,"column":86}},"57":{"start":{"line":108,"column":36},"end":{"line":108,"column":71}},"58":{"start":{"line":109,"column":37},"end":{"line":109,"column":61}},"59":{"start":{"line":112,"column":16},"end":{"line":117,"column":17}},"60":{"start":{"line":113,"column":38},"end":{"line":113,"column":67}},"61":{"start":{"line":114,"column":20},"end":{"line":116,"column":21}},"62":{"start":{"line":115,"column":24},"end":{"line":115,"column":73}},"63":{"start":{"line":118,"column":38},"end":{"line":118,"column":80}},"64":{"start":{"line":119,"column":39},"end":{"line":119,"column":76}},"65":{"start":{"line":122,"column":16},"end":{"line":132,"column":17}},"66":{"start":{"line":123,"column":20},"end":{"line":123,"column":113}},"67":{"start":{"line":124,"column":20},"end":{"line":124,"column":161}},"68":{"start":{"line":125,"column":20},"end":{"line":125,"column":103}},"69":{"start":{"line":125,"column":49},"end":{"line":125,"column":101}},"70":{"start":{"line":126,"column":32},"end":{"line":126,"column":61}},"71":{"start":{"line":127,"column":8},"end":{"line":127,"column":28}},"72":{"start":{"line":128,"column":8},"end":{"line":128,"column":28}},"73":{"start":{"line":129,"column":20},"end":{"line":129,"column":47}},"74":{"start":{"line":130,"column":20},"end":{"line":130,"column":92}},"75":{"start":{"line":131,"column":20},"end":{"line":131,"column":63}},"76":{"start":{"line":131,"column":43},"end":{"line":131,"column":61}},"77":{"start":{"line":138,"column":4},"end":{"line":138,"column":99}},"78":{"start":{"line":139,"column":4},"end":{"line":145,"column":5}},"79":{"start":{"line":140,"column":8},"end":{"line":140,"column":70}},"80":{"start":{"line":141,"column":8},"end":{"line":141,"column":38}},"81":{"start":{"line":142,"column":8},"end":{"line":142,"column":19}},"82":{"start":{"line":144,"column":8},"end":{"line":144,"column":51}},"83":{"start":{"line":144,"column":31},"end":{"line":144,"column":49}},"84":{"start":{"line":147,"column":4},"end":{"line":147,"column":85}},"85":{"start":{"line":148,"column":4},"end":{"line":148,"column":33}},"86":{"start":{"line":148,"column":20},"end":{"line":148,"column":33}},"87":{"start":{"line":153,"column":21},"end":{"line":153,"column":68}},"88":{"start":{"line":153,"column":45},"end":{"line":153,"column":67}},"89":{"start":{"line":154,"column":19},"end":{"line":154,"column":63}},"90":{"start":{"line":154,"column":41},"end":{"line":154,"column":62}},"91":{"start":{"line":155,"column":5},"end":{"line":155,"column":139}},"92":{"start":{"line":155,"column":18},"end":{"line":155,"column":139}},"93":{"start":{"line":157,"column":18},"end":{"line":157,"column":91}},"94":{"start":{"line":158,"column":25},"end":{"line":158,"column":51}},"95":{"start":{"line":161,"column":20},"end":{"line":165,"column":5}},"96":{"start":{"line":162,"column":8},"end":{"line":162,"column":66}},"97":{"start":{"line":162,"column":54},"end":{"line":162,"column":66}},"98":{"start":{"line":164,"column":8},"end":{"line":164,"column":77}},"99":{"start":{"line":166,"column":17},"end":{"line":166,"column":129}},"100":{"start":{"line":168,"column":19},"end":{"line":168,"column":20}},"101":{"start":{"line":168,"column":33},"end":{"line":168,"column":35}},"102":{"start":{"line":169,"column":4},"end":{"line":172,"column":5}},"103":{"start":{"line":170,"column":8},"end":{"line":170,"column":54}},"104":{"start":{"line":171,"column":8},"end":{"line":171,"column":47}},"105":{"start":{"line":174,"column":16},"end":{"line":174,"column":102}},"106":{"start":{"line":175,"column":26},"end":{"line":175,"column":110}},"107":{"start":{"line":178,"column":19},"end":{"line":178,"column":62}},"108":{"start":{"line":178,"column":36},"end":{"line":178,"column":61}},"109":{"start":{"line":179,"column":23},"end":{"line":179,"column":28}},"110":{"start":{"line":179,"column":45},"end":{"line":179,"column":49}},"111":{"start":{"line":180,"column":4},"end":{"line":188,"column":5}},"112":{"start":{"line":181,"column":23},"end":{"line":181,"column":28}},"113":{"start":{"line":182,"column":23},"end":{"line":182,"column":28}},"114":{"start":{"line":183,"column":29},"end":{"line":183,"column":94}},"115":{"start":{"line":184,"column":8},"end":{"line":187,"column":9}},"116":{"start":{"line":185,"column":12},"end":{"line":185,"column":32}},"117":{"start":{"line":186,"column":12},"end":{"line":186,"column":64}},"118":{"start":{"line":189,"column":4},"end":{"line":189,"column":91}},"119":{"start":{"line":194,"column":20},"end":{"line":194,"column":64}},"120":{"start":{"line":194,"column":42},"end":{"line":194,"column":63}},"121":{"start":{"line":195,"column":5},"end":{"line":195,"column":59}},"122":{"start":{"line":195,"column":20},"end":{"line":195,"column":49}},"123":{"start":{"line":195,"column":36},"end":{"line":195,"column":49}},"124":{"start":{"line":195,"column":50},"end":{"line":195,"column":57}},"125":{"start":{"line":198,"column":35},"end":{"line":198,"column":36}},"126":{"start":{"line":199,"column":4},"end":{"line":270,"column":5}},"127":{"start":{"line":201,"column":8},"end":{"line":204,"column":9}},"128":{"start":{"line":202,"column":12},"end":{"line":202,"column":59}},"129":{"start":{"line":203,"column":12},"end":{"line":203,"column":18}},"130":{"start":{"line":206,"column":21},"end":{"line":206,"column":76}},"131":{"start":{"line":207,"column":8},"end":{"line":207,"column":45}},"132":{"start":{"line":209,"column":23},"end":{"line":209,"column":68}},"133":{"start":{"line":209,"column":40},"end":{"line":209,"column":67}},"134":{"start":{"line":210,"column":23},"end":{"line":210,"column":66}},"135":{"start":{"line":210,"column":40},"end":{"line":210,"column":65}},"136":{"start":{"line":211,"column":26},"end":{"line":211,"column":43}},"137":{"start":{"line":212,"column":27},"end":{"line":212,"column":44}},"138":{"start":{"line":214,"column":28},"end":{"line":214,"column":107}},"139":{"start":{"line":215,"column":35},"end":{"line":215,"column":264}},"140":{"start":{"line":215,"column":231},"end":{"line":215,"column":253}},"141":{"start":{"line":220,"column":8},"end":{"line":228,"column":9}},"142":{"start":{"line":221,"column":12},"end":{"line":221,"column":79}},"143":{"start":{"line":222,"column":12},"end":{"line":222,"column":46}},"144":{"start":{"line":223,"column":12},"end":{"line":223,"column":33}},"145":{"start":{"line":224,"column":12},"end":{"line":224,"column":64}},"146":{"start":{"line":225,"column":12},"end":{"line":225,"column":39}},"147":{"start":{"line":226,"column":12},"end":{"line":226,"column":55}},"148":{"start":{"line":226,"column":35},"end":{"line":226,"column":53}},"149":{"start":{"line":227,"column":12},"end":{"line":227,"column":21}},"150":{"start":{"line":232,"column":8},"end":{"line":242,"column":9}},"151":{"start":{"line":233,"column":13},"end":{"line":233,"column":105}},"152":{"start":{"line":234,"column":13},"end":{"line":234,"column":95}},"153":{"start":{"line":234,"column":42},"end":{"line":234,"column":93}},"154":{"start":{"line":235,"column":25},"end":{"line":235,"column":64}},"155":{"start":{"line":236,"column":13},"end":{"line":236,"column":32}},"156":{"start":{"line":236,"column":33},"end":{"line":236,"column":52}},"157":{"start":{"line":237,"column":13},"end":{"line":237,"column":38}},"158":{"start":{"line":238,"column":13},"end":{"line":238,"column":64}},"159":{"start":{"line":239,"column":13},"end":{"line":239,"column":40}},"160":{"start":{"line":240,"column":13},"end":{"line":240,"column":56}},"161":{"start":{"line":240,"column":36},"end":{"line":240,"column":54}},"162":{"start":{"line":241,"column":13},"end":{"line":241,"column":22}},"163":{"start":{"line":245,"column":8},"end":{"line":251,"column":9}},"164":{"start":{"line":246,"column":12},"end":{"line":246,"column":80}},"165":{"start":{"line":247,"column":12},"end":{"line":247,"column":71}},"166":{"start":{"line":248,"column":12},"end":{"line":248,"column":39}},"167":{"start":{"line":249,"column":12},"end":{"line":249,"column":55}},"168":{"start":{"line":249,"column":35},"end":{"line":249,"column":53}},"169":{"start":{"line":250,"column":12},"end":{"line":250,"column":21}},"170":{"start":{"line":255,"column":8},"end":{"line":265,"column":9}},"171":{"start":{"line":256,"column":13},"end":{"line":256,"column":104}},"172":{"start":{"line":257,"column":13},"end":{"line":257,"column":95}},"173":{"start":{"line":257,"column":42},"end":{"line":257,"column":93}},"174":{"start":{"line":258,"column":25},"end":{"line":258,"column":64}},"175":{"start":{"line":259,"column":13},"end":{"line":259,"column":32}},"176":{"start":{"line":259,"column":33},"end":{"line":259,"column":52}},"177":{"start":{"line":260,"column":13},"end":{"line":260,"column":38}},"178":{"start":{"line":261,"column":13},"end":{"line":261,"column":72}},"179":{"start":{"line":262,"column":13},"end":{"line":262,"column":40}},"180":{"start":{"line":263,"column":13},"end":{"line":263,"column":56}},"181":{"start":{"line":263,"column":36},"end":{"line":263,"column":54}},"182":{"start":{"line":264,"column":13},"end":{"line":264,"column":22}},"183":{"start":{"line":268,"column":9},"end":{"line":268,"column":64}},"184":{"start":{"line":269,"column":8},"end":{"line":269,"column":14}},"185":{"start":{"line":272,"column":4},"end":{"line":272,"column":44}},"186":{"start":{"line":273,"column":4},"end":{"line":273,"column":33}},"187":{"start":{"line":273,"column":20},"end":{"line":273,"column":33}},"188":{"start":{"line":287,"column":21},"end":{"line":287,"column":76}},"189":{"start":{"line":287,"column":45},"end":{"line":287,"column":75}},"190":{"start":{"line":288,"column":19},"end":{"line":288,"column":63}},"191":{"start":{"line":288,"column":41},"end":{"line":288,"column":62}},"192":{"start":{"line":289,"column":4},"end":{"line":289,"column":40}},"193":{"start":{"line":289,"column":17},"end":{"line":289,"column":40}},"194":{"start":{"line":291,"column":24},"end":{"line":291,"column":59}},"195":{"start":{"line":291,"column":41},"end":{"line":291,"column":58}},"196":{"start":{"line":292,"column":25},"end":{"line":292,"column":70}},"197":{"start":{"line":292,"column":42},"end":{"line":292,"column":69}},"198":{"start":{"line":294,"column":26},"end":{"line":294,"column":28}},"199":{"start":{"line":297,"column":4},"end":{"line":306,"column":5}},"200":{"start":{"line":299,"column":8},"end":{"line":305,"column":9}},"201":{"start":{"line":300,"column":32},"end":{"line":300,"column":121}},"202":{"start":{"line":301,"column":34},"end":{"line":301,"column":135}},"203":{"start":{"line":302,"column":12},"end":{"line":304,"column":13}},"204":{"start":{"line":303,"column":16},"end":{"line":303,"column":99}},"205":{"start":{"line":309,"column":4},"end":{"line":315,"column":5}},"206":{"start":{"line":310,"column":27},"end":{"line":310,"column":116}},"207":{"start":{"line":311,"column":29},"end":{"line":311,"column":130}},"208":{"start":{"line":312,"column":8},"end":{"line":314,"column":9}},"209":{"start":{"line":313,"column":12},"end":{"line":313,"column":93}},"210":{"start":{"line":318,"column":4},"end":{"line":355,"column":5}},"211":{"start":{"line":320,"column":8},"end":{"line":325,"column":9}},"212":{"start":{"line":321,"column":40},"end":{"line":321,"column":131}},"213":{"start":{"line":322,"column":13},"end":{"line":324,"column":14}},"214":{"start":{"line":323,"column":17},"end":{"line":323,"column":135}},"215":{"start":{"line":327,"column":8},"end":{"line":332,"column":9}},"216":{"start":{"line":328,"column":39},"end":{"line":328,"column":129}},"217":{"start":{"line":329,"column":13},"end":{"line":331,"column":14}},"218":{"start":{"line":330,"column":17},"end":{"line":330,"column":132}},"219":{"start":{"line":335,"column":8},"end":{"line":354,"column":9}},"220":{"start":{"line":335,"column":39},"end":{"line":335,"column":56}},"221":{"start":{"line":336,"column":28},"end":{"line":340,"column":13}},"222":{"start":{"line":337,"column":17},"end":{"line":337,"column":75}},"223":{"start":{"line":337,"column":63},"end":{"line":337,"column":75}},"224":{"start":{"line":339,"column":17},"end":{"line":339,"column":94}},"225":{"start":{"line":342,"column":33},"end":{"line":342,"column":163}},"226":{"start":{"line":343,"column":12},"end":{"line":353,"column":13}},"227":{"start":{"line":344,"column":32},"end":{"line":344,"column":82}},"228":{"start":{"line":345,"column":34},"end":{"line":345,"column":69}},"229":{"start":{"line":346,"column":17},"end":{"line":349,"column":18}},"230":{"start":{"line":347,"column":21},"end":{"line":347,"column":38}},"231":{"start":{"line":348,"column":21},"end":{"line":348,"column":32}},"232":{"start":{"line":350,"column":17},"end":{"line":352,"column":18}},"233":{"start":{"line":351,"column":21},"end":{"line":351,"column":112}},"234":{"start":{"line":358,"column":4},"end":{"line":363,"column":7}},"235":{"start":{"line":359,"column":25},"end":{"line":359,"column":107}},"236":{"start":{"line":360,"column":21},"end":{"line":360,"column":66}},"237":{"start":{"line":361,"column":21},"end":{"line":361,"column":66}},"238":{"start":{"line":362,"column":8},"end":{"line":362,"column":61}},"239":{"start":{"line":365,"column":4},"end":{"line":365,"column":72}},"240":{"start":{"line":366,"column":4},"end":{"line":366,"column":40}},"241":{"start":{"line":371,"column":19},"end":{"line":371,"column":23}},"242":{"start":{"line":372,"column":18},"end":{"line":372,"column":26}},"243":{"start":{"line":373,"column":24},"end":{"line":373,"column":32}},"244":{"start":{"line":375,"column":4},"end":{"line":400,"column":5}},"245":{"start":{"line":375,"column":18},"end":{"line":375,"column":28}},"246":{"start":{"line":376,"column":8},"end":{"line":399,"column":9}},"247":{"start":{"line":376,"column":22},"end":{"line":376,"column":32}},"248":{"start":{"line":377,"column":12},"end":{"line":377,"column":92}},"249":{"start":{"line":377,"column":83},"end":{"line":377,"column":92}},"250":{"start":{"line":378,"column":25},"end":{"line":378,"column":42}},"251":{"start":{"line":379,"column":25},"end":{"line":379,"column":42}},"252":{"start":{"line":381,"column":12},"end":{"line":381,"column":97}},"253":{"start":{"line":381,"column":88},"end":{"line":381,"column":97}},"254":{"start":{"line":383,"column":34},"end":{"line":383,"column":95}},"255":{"start":{"line":384,"column":36},"end":{"line":384,"column":109}},"256":{"start":{"line":386,"column":12},"end":{"line":398,"column":13}},"257":{"start":{"line":387,"column":32},"end":{"line":387,"column":105}},"258":{"start":{"line":387,"column":42},"end":{"line":387,"column":105}},"259":{"start":{"line":389,"column":35},"end":{"line":389,"column":131}},"260":{"start":{"line":390,"column":16},"end":{"line":397,"column":17}},"261":{"start":{"line":391,"column":33},"end":{"line":391,"column":54}},"262":{"start":{"line":392,"column":20},"end":{"line":396,"column":21}},"263":{"start":{"line":393,"column":24},"end":{"line":393,"column":39}},"264":{"start":{"line":394,"column":24},"end":{"line":394,"column":54}},"265":{"start":{"line":395,"column":24},"end":{"line":395,"column":68}},"266":{"start":{"line":401,"column":4},"end":{"line":401,"column":20}},"267":{"start":{"line":417,"column":4},"end":{"line":417,"column":77}},"268":{"start":{"line":418,"column":19},"end":{"line":418,"column":63}},"269":{"start":{"line":418,"column":41},"end":{"line":418,"column":62}},"270":{"start":{"line":419,"column":24},"end":{"line":419,"column":59}},"271":{"start":{"line":419,"column":41},"end":{"line":419,"column":58}},"272":{"start":{"line":420,"column":25},"end":{"line":420,"column":70}},"273":{"start":{"line":420,"column":42},"end":{"line":420,"column":69}},"274":{"start":{"line":422,"column":4},"end":{"line":426,"column":5}},"275":{"start":{"line":423,"column":8},"end":{"line":423,"column":108}},"276":{"start":{"line":424,"column":8},"end":{"line":424,"column":37}},"277":{"start":{"line":424,"column":24},"end":{"line":424,"column":37}},"278":{"start":{"line":425,"column":8},"end":{"line":425,"column":15}},"279":{"start":{"line":427,"column":4},"end":{"line":431,"column":5}},"280":{"start":{"line":428,"column":9},"end":{"line":428,"column":89}},"281":{"start":{"line":429,"column":9},"end":{"line":429,"column":38}},"282":{"start":{"line":429,"column":25},"end":{"line":429,"column":38}},"283":{"start":{"line":430,"column":9},"end":{"line":430,"column":16}},"284":{"start":{"line":433,"column":31},"end":{"line":433,"column":35}},"285":{"start":{"line":434,"column":4},"end":{"line":489,"column":5}},"286":{"start":{"line":435,"column":8},"end":{"line":435,"column":37}},"287":{"start":{"line":436,"column":27},"end":{"line":436,"column":98}},"288":{"start":{"line":437,"column":27},"end":{"line":437,"column":87}},"289":{"start":{"line":439,"column":8},"end":{"line":442,"column":9}},"290":{"start":{"line":440,"column":12},"end":{"line":440,"column":68}},"291":{"start":{"line":441,"column":12},"end":{"line":441,"column":18}},"292":{"start":{"line":444,"column":8},"end":{"line":444,"column":66}},"293":{"start":{"line":447,"column":8},"end":{"line":484,"column":9}},"294":{"start":{"line":448,"column":13},"end":{"line":448,"column":69}},"295":{"start":{"line":449,"column":13},"end":{"line":449,"column":50}},"296":{"start":{"line":450,"column":13},"end":{"line":450,"column":53}},"297":{"start":{"line":451,"column":13},"end":{"line":451,"column":58}},"298":{"start":{"line":452,"column":13},"end":{"line":452,"column":41}},"299":{"start":{"line":454,"column":13},"end":{"line":484,"column":9}},"300":{"start":{"line":455,"column":12},"end":{"line":455,"column":56}},"301":{"start":{"line":456,"column":12},"end":{"line":456,"column":48}},"302":{"start":{"line":457,"column":12},"end":{"line":457,"column":55}},"303":{"start":{"line":458,"column":12},"end":{"line":458,"column":40}},"304":{"start":{"line":460,"column":13},"end":{"line":484,"column":9}},"305":{"start":{"line":461,"column":12},"end":{"line":461,"column":99}},"306":{"start":{"line":464,"column":33},"end":{"line":464,"column":59}},"307":{"start":{"line":465,"column":12},"end":{"line":470,"column":13}},"308":{"start":{"line":466,"column":34},"end":{"line":466,"column":65}},"309":{"start":{"line":467,"column":16},"end":{"line":469,"column":17}},"310":{"start":{"line":468,"column":20},"end":{"line":468,"column":69}},"311":{"start":{"line":471,"column":34},"end":{"line":471,"column":78}},"312":{"start":{"line":472,"column":35},"end":{"line":472,"column":72}},"313":{"start":{"line":474,"column":12},"end":{"line":483,"column":13}},"314":{"start":{"line":475,"column":16},"end":{"line":475,"column":106}},"315":{"start":{"line":475,"column":45},"end":{"line":475,"column":104}},"316":{"start":{"line":476,"column":28},"end":{"line":476,"column":57}},"317":{"start":{"line":477,"column":16},"end":{"line":477,"column":43}},"318":{"start":{"line":478,"column":16},"end":{"line":478,"column":43}},"319":{"start":{"line":479,"column":16},"end":{"line":479,"column":50}},"320":{"start":{"line":480,"column":16},"end":{"line":480,"column":44}},"321":{"start":{"line":482,"column":17},"end":{"line":482,"column":94}},"322":{"start":{"line":486,"column":8},"end":{"line":488,"column":9}},"323":{"start":{"line":487,"column":13},"end":{"line":487,"column":56}},"324":{"start":{"line":487,"column":36},"end":{"line":487,"column":54}},"325":{"start":{"line":491,"column":4},"end":{"line":491,"column":65}},"326":{"start":{"line":492,"column":4},"end":{"line":492,"column":99}},"327":{"start":{"line":493,"column":4},"end":{"line":493,"column":33}},"328":{"start":{"line":493,"column":20},"end":{"line":493,"column":33}},"329":{"start":{"line":502,"column":20},"end":{"line":502,"column":22}},"330":{"start":{"line":503,"column":19},"end":{"line":503,"column":63}},"331":{"start":{"line":503,"column":41},"end":{"line":503,"column":62}},"332":{"start":{"line":505,"column":19},"end":{"line":505,"column":93}},"333":{"start":{"line":505,"column":43},"end":{"line":505,"column":92}},"334":{"start":{"line":506,"column":21},"end":{"line":506,"column":68}},"335":{"start":{"line":506,"column":45},"end":{"line":506,"column":67}},"336":{"start":{"line":508,"column":4},"end":{"line":508,"column":99}},"337":{"start":{"line":509,"column":4},"end":{"line":509,"column":121}},"338":{"start":{"line":510,"column":4},"end":{"line":510,"column":98}},"339":{"start":{"line":510,"column":58},"end":{"line":510,"column":95}},"340":{"start":{"line":511,"column":4},"end":{"line":511,"column":94}},"341":{"start":{"line":511,"column":54},"end":{"line":511,"column":91}},"342":{"start":{"line":513,"column":20},"end":{"line":516,"column":5}},"343":{"start":{"line":515,"column":8},"end":{"line":515,"column":86}},"344":{"start":{"line":519,"column":4},"end":{"line":526,"column":5}},"345":{"start":{"line":521,"column":30},"end":{"line":521,"column":82}},"346":{"start":{"line":522,"column":8},"end":{"line":525,"column":9}},"347":{"start":{"line":522,"column":49},"end":{"line":522,"column":99}},"348":{"start":{"line":523,"column":12},"end":{"line":523,"column":71}},"349":{"start":{"line":524,"column":12},"end":{"line":524,"column":78}},"350":{"start":{"line":529,"column":26},"end":{"line":529,"column":27}},"351":{"start":{"line":530,"column":28},"end":{"line":530,"column":29}},"352":{"start":{"line":531,"column":4},"end":{"line":544,"column":5}},"353":{"start":{"line":532,"column":8},"end":{"line":532,"column":119}},"354":{"start":{"line":533,"column":8},"end":{"line":533,"column":65}},"355":{"start":{"line":534,"column":8},"end":{"line":543,"column":9}},"356":{"start":{"line":535,"column":13},"end":{"line":535,"column":119}},"357":{"start":{"line":536,"column":26},"end":{"line":536,"column":95}},"358":{"start":{"line":537,"column":28},"end":{"line":537,"column":109}},"359":{"start":{"line":538,"column":13},"end":{"line":538,"column":111}},"360":{"start":{"line":539,"column":13},"end":{"line":542,"column":14}},"361":{"start":{"line":540,"column":17},"end":{"line":540,"column":100}},"362":{"start":{"line":541,"column":17},"end":{"line":541,"column":96}},"363":{"start":{"line":547,"column":4},"end":{"line":576,"column":5}},"364":{"start":{"line":548,"column":21},"end":{"line":548,"column":133}},"365":{"start":{"line":549,"column":8},"end":{"line":549,"column":63}},"366":{"start":{"line":550,"column":8},"end":{"line":575,"column":9}},"367":{"start":{"line":551,"column":31},"end":{"line":551,"column":46}},"368":{"start":{"line":552,"column":33},"end":{"line":552,"column":62}},"369":{"start":{"line":554,"column":12},"end":{"line":574,"column":13}},"370":{"start":{"line":555,"column":38},"end":{"line":555,"column":69}},"371":{"start":{"line":556,"column":44},"end":{"line":556,"column":71}},"372":{"start":{"line":558,"column":16},"end":{"line":573,"column":17}},"373":{"start":{"line":559,"column":20},"end":{"line":559,"column":94}},"374":{"start":{"line":560,"column":20},"end":{"line":565,"column":23}},"375":{"start":{"line":568,"column":21},"end":{"line":568,"column":147}},"376":{"start":{"line":570,"column":21},"end":{"line":572,"column":22}},"377":{"start":{"line":570,"column":44},"end":{"line":570,"column":70}},"378":{"start":{"line":571,"column":25},"end":{"line":571,"column":114}},"379":{"start":{"line":580,"column":4},"end":{"line":636,"column":5}},"380":{"start":{"line":580,"column":86},"end":{"line":580,"column":106}},"381":{"start":{"line":581,"column":8},"end":{"line":581,"column":132}},"382":{"start":{"line":582,"column":36},"end":{"line":582,"column":40}},"383":{"start":{"line":584,"column":8},"end":{"line":630,"column":9}},"384":{"start":{"line":585,"column":12},"end":{"line":585,"column":116}},"385":{"start":{"line":587,"column":39},"end":{"line":587,"column":128}},"386":{"start":{"line":588,"column":13},"end":{"line":588,"column":141}},"387":{"start":{"line":589,"column":34},"end":{"line":589,"column":38}},"388":{"start":{"line":590,"column":32},"end":{"line":590,"column":40}},"389":{"start":{"line":592,"column":12},"end":{"line":605,"column":13}},"390":{"start":{"line":593,"column":35},"end":{"line":593,"column":96}},"391":{"start":{"line":595,"column":37},"end":{"line":595,"column":110}},"392":{"start":{"line":596,"column":17},"end":{"line":596,"column":163}},"393":{"start":{"line":598,"column":16},"end":{"line":604,"column":17}},"394":{"start":{"line":600,"column":20},"end":{"line":603,"column":21}},"395":{"start":{"line":601,"column":24},"end":{"line":601,"column":50}},"396":{"start":{"line":602,"column":24},"end":{"line":602,"column":47}},"397":{"start":{"line":608,"column":12},"end":{"line":629,"column":13}},"398":{"start":{"line":609,"column":16},"end":{"line":609,"column":172}},"399":{"start":{"line":611,"column":39},"end":{"line":611,"column":155}},"400":{"start":{"line":612,"column":17},"end":{"line":612,"column":134}},"401":{"start":{"line":614,"column":16},"end":{"line":628,"column":17}},"402":{"start":{"line":615,"column":21},"end":{"line":615,"column":108}},"403":{"start":{"line":616,"column":42},"end":{"line":621,"column":21}},"404":{"start":{"line":623,"column":20},"end":{"line":625,"column":21}},"405":{"start":{"line":624,"column":24},"end":{"line":624,"column":62}},"406":{"start":{"line":627,"column":21},"end":{"line":627,"column":242}},"407":{"start":{"line":632,"column":8},"end":{"line":635,"column":9}},"408":{"start":{"line":633,"column":12},"end":{"line":633,"column":102}},"409":{"start":{"line":634,"column":12},"end":{"line":634,"column":48}},"410":{"start":{"line":639,"column":4},"end":{"line":651,"column":5}},"411":{"start":{"line":641,"column":21},"end":{"line":641,"column":127}},"412":{"start":{"line":642,"column":8},"end":{"line":642,"column":65}},"413":{"start":{"line":643,"column":8},"end":{"line":650,"column":9}},"414":{"start":{"line":644,"column":31},"end":{"line":644,"column":65}},"415":{"start":{"line":645,"column":12},"end":{"line":649,"column":13}},"416":{"start":{"line":646,"column":33},"end":{"line":646,"column":62}},"417":{"start":{"line":647,"column":17},"end":{"line":647,"column":73}},"418":{"start":{"line":648,"column":16},"end":{"line":648,"column":98}},"419":{"start":{"line":652,"column":4},"end":{"line":652,"column":70}},"420":{"start":{"line":653,"column":4},"end":{"line":653,"column":19}},"421":{"start":{"line":660,"column":4},"end":{"line":660,"column":69}},"422":{"start":{"line":661,"column":19},"end":{"line":661,"column":63}},"423":{"start":{"line":661,"column":41},"end":{"line":661,"column":62}},"424":{"start":{"line":662,"column":23},"end":{"line":662,"column":24}},"425":{"start":{"line":664,"column":4},"end":{"line":809,"column":5}},"426":{"start":{"line":665,"column":8},"end":{"line":665,"column":22}},"427":{"start":{"line":666,"column":32},"end":{"line":666,"column":87}},"428":{"start":{"line":667,"column":8},"end":{"line":667,"column":68}},"429":{"start":{"line":669,"column":8},"end":{"line":672,"column":9}},"430":{"start":{"line":670,"column":12},"end":{"line":670,"column":60}},"431":{"start":{"line":671,"column":12},"end":{"line":671,"column":18}},"432":{"start":{"line":675,"column":25},"end":{"line":675,"column":29}},"433":{"start":{"line":678,"column":8},"end":{"line":678,"column":68}},"434":{"start":{"line":678,"column":47},"end":{"line":678,"column":66}},"435":{"start":{"line":681,"column":8},"end":{"line":683,"column":9}},"436":{"start":{"line":682,"column":12},"end":{"line":682,"column":77}},"437":{"start":{"line":682,"column":51},"end":{"line":682,"column":75}},"438":{"start":{"line":686,"column":8},"end":{"line":693,"column":9}},"439":{"start":{"line":687,"column":35},"end":{"line":687,"column":84}},"440":{"start":{"line":687,"column":63},"end":{"line":687,"column":83}},"441":{"start":{"line":688,"column":12},"end":{"line":692,"column":13}},"442":{"start":{"line":690,"column":17},"end":{"line":690,"column":112}},"443":{"start":{"line":690,"column":47},"end":{"line":690,"column":110}},"444":{"start":{"line":691,"column":17},"end":{"line":691,"column":48}},"445":{"start":{"line":696,"column":9},"end":{"line":703,"column":9}},"446":{"start":{"line":697,"column":40},"end":{"line":697,"column":94}},"447":{"start":{"line":697,"column":68},"end":{"line":697,"column":93}},"448":{"start":{"line":699,"column":13},"end":{"line":702,"column":14}},"449":{"start":{"line":700,"column":17},"end":{"line":700,"column":74}},"450":{"start":{"line":700,"column":51},"end":{"line":700,"column":72}},"451":{"start":{"line":701,"column":17},"end":{"line":701,"column":52}},"452":{"start":{"line":706,"column":8},"end":{"line":708,"column":9}},"453":{"start":{"line":707,"column":12},"end":{"line":707,"column":79}},"454":{"start":{"line":707,"column":51},"end":{"line":707,"column":77}},"455":{"start":{"line":711,"column":8},"end":{"line":711,"column":87}},"456":{"start":{"line":711,"column":55},"end":{"line":711,"column":87}},"457":{"start":{"line":713,"column":8},"end":{"line":713,"column":58}},"458":{"start":{"line":716,"column":24},"end":{"line":716,"column":29}},"459":{"start":{"line":717,"column":8},"end":{"line":802,"column":9}},"460":{"start":{"line":719,"column":12},"end":{"line":727,"column":13}},"461":{"start":{"line":720,"column":16},"end":{"line":720,"column":90}},"462":{"start":{"line":721,"column":16},"end":{"line":721,"column":61}},"463":{"start":{"line":723,"column":16},"end":{"line":723,"column":46}},"464":{"start":{"line":725,"column":16},"end":{"line":725,"column":113}},"465":{"start":{"line":726,"column":16},"end":{"line":726,"column":33}},"466":{"start":{"line":728,"column":15},"end":{"line":802,"column":9}},"467":{"start":{"line":730,"column":12},"end":{"line":739,"column":13}},"468":{"start":{"line":731,"column":16},"end":{"line":731,"column":157}},"469":{"start":{"line":732,"column":16},"end":{"line":732,"column":64}},"470":{"start":{"line":734,"column":16},"end":{"line":734,"column":46}},"471":{"start":{"line":735,"column":16},"end":{"line":735,"column":48}},"472":{"start":{"line":737,"column":16},"end":{"line":737,"column":114}},"473":{"start":{"line":738,"column":16},"end":{"line":738,"column":33}},"474":{"start":{"line":740,"column":15},"end":{"line":802,"column":9}},"475":{"start":{"line":742,"column":13},"end":{"line":763,"column":13}},"476":{"start":{"line":743,"column":17},"end":{"line":743,"column":91}},"477":{"start":{"line":744,"column":17},"end":{"line":744,"column":101}},"478":{"start":{"line":744,"column":46},"end":{"line":744,"column":99}},"479":{"start":{"line":745,"column":29},"end":{"line":745,"column":72}},"480":{"start":{"line":746,"column":17},"end":{"line":746,"column":36}},"481":{"start":{"line":746,"column":37},"end":{"line":746,"column":56}},"482":{"start":{"line":748,"column":17},"end":{"line":748,"column":47}},"483":{"start":{"line":751,"column":17},"end":{"line":759,"column":18}},"484":{"start":{"line":752,"column":21},"end":{"line":752,"column":108}},"485":{"start":{"line":753,"column":21},"end":{"line":753,"column":66}},"486":{"start":{"line":755,"column":21},"end":{"line":755,"column":51}},"487":{"start":{"line":757,"column":20},"end":{"line":757,"column":127}},"488":{"start":{"line":761,"column":17},"end":{"line":761,"column":131}},"489":{"start":{"line":762,"column":17},"end":{"line":762,"column":34}},"490":{"start":{"line":764,"column":15},"end":{"line":802,"column":9}},"491":{"start":{"line":766,"column":13},"end":{"line":788,"column":13}},"492":{"start":{"line":767,"column":17},"end":{"line":767,"column":96}},"493":{"start":{"line":768,"column":17},"end":{"line":768,"column":101}},"494":{"start":{"line":768,"column":46},"end":{"line":768,"column":99}},"495":{"start":{"line":769,"column":29},"end":{"line":769,"column":72}},"496":{"start":{"line":770,"column":17},"end":{"line":770,"column":36}},"497":{"start":{"line":770,"column":37},"end":{"line":770,"column":56}},"498":{"start":{"line":772,"column":17},"end":{"line":772,"column":47}},"499":{"start":{"line":775,"column":17},"end":{"line":784,"column":18}},"500":{"start":{"line":776,"column":20},"end":{"line":776,"column":174}},"501":{"start":{"line":777,"column":20},"end":{"line":777,"column":68}},"502":{"start":{"line":779,"column":20},"end":{"line":779,"column":50}},"503":{"start":{"line":780,"column":20},"end":{"line":780,"column":52}},"504":{"start":{"line":782,"column":20},"end":{"line":782,"column":128}},"505":{"start":{"line":786,"column":16},"end":{"line":786,"column":131}},"506":{"start":{"line":787,"column":16},"end":{"line":787,"column":33}},"507":{"start":{"line":789,"column":15},"end":{"line":802,"column":9}},"508":{"start":{"line":791,"column":12},"end":{"line":801,"column":13}},"509":{"start":{"line":792,"column":17},"end":{"line":792,"column":100}},"510":{"start":{"line":793,"column":17},"end":{"line":793,"column":101}},"511":{"start":{"line":793,"column":46},"end":{"line":793,"column":99}},"512":{"start":{"line":794,"column":29},"end":{"line":794,"column":72}},"513":{"start":{"line":795,"column":17},"end":{"line":795,"column":36}},"514":{"start":{"line":795,"column":37},"end":{"line":795,"column":56}},"515":{"start":{"line":797,"column":17},"end":{"line":797,"column":47}},"516":{"start":{"line":799,"column":16},"end":{"line":799,"column":120}},"517":{"start":{"line":800,"column":16},"end":{"line":800,"column":33}},"518":{"start":{"line":804,"column":8},"end":{"line":807,"column":9}},"519":{"start":{"line":805,"column":13},"end":{"line":805,"column":79}},"520":{"start":{"line":806,"column":13},"end":{"line":806,"column":19}},"521":{"start":{"line":808,"column":8},"end":{"line":808,"column":51}},"522":{"start":{"line":808,"column":31},"end":{"line":808,"column":49}},"523":{"start":{"line":811,"column":4},"end":{"line":811,"column":91}},"524":{"start":{"line":812,"column":4},"end":{"line":812,"column":33}},"525":{"start":{"line":812,"column":20},"end":{"line":812,"column":33}}},"fnMap":{"0":{"name":"computesheepPlan","decl":{"start":{"line":15,"column":16},"end":{"line":15,"column":32}},"loc":{"start":{"line":15,"column":79},"end":{"line":54,"column":1}},"line":15},"1":{"name":"(anonymous_1)","decl":{"start":{"line":16,"column":40},"end":{"line":16,"column":41}},"loc":{"start":{"line":16,"column":45},"end":{"line":16,"column":68}},"line":16},"2":{"name":"(anonymous_2)","decl":{"start":{"line":17,"column":36},"end":{"line":17,"column":37}},"loc":{"start":{"line":17,"column":41},"end":{"line":17,"column":62}},"line":17},"3":{"name":"(anonymous_3)","decl":{"start":{"line":28,"column":20},"end":{"line":28,"column":21}},"loc":{"start":{"line":28,"column":30},"end":{"line":33,"column":5}},"line":28},"4":{"name":"sheepAI","decl":{"start":{"line":67,"column":22},"end":{"line":67,"column":29}},"loc":{"start":{"line":67,"column":121},"end":{"line":149,"column":1}},"line":67},"5":{"name":"(anonymous_5)","decl":{"start":{"line":69,"column":36},"end":{"line":69,"column":37}},"loc":{"start":{"line":69,"column":41},"end":{"line":69,"column":62}},"line":69},"6":{"name":"(anonymous_6)","decl":{"start":{"line":78,"column":40},"end":{"line":78,"column":41}},"loc":{"start":{"line":78,"column":45},"end":{"line":78,"column":68}},"line":78},"7":{"name":"(anonymous_7)","decl":{"start":{"line":87,"column":26},"end":{"line":87,"column":27}},"loc":{"start":{"line":87,"column":31},"end":{"line":87,"column":49}},"line":87},"8":{"name":"(anonymous_8)","decl":{"start":{"line":94,"column":24},"end":{"line":94,"column":25}},"loc":{"start":{"line":94,"column":34},"end":{"line":98,"column":9}},"line":94},"9":{"name":"(anonymous_9)","decl":{"start":{"line":125,"column":38},"end":{"line":125,"column":39}},"loc":{"start":{"line":125,"column":49},"end":{"line":125,"column":101}},"line":125},"10":{"name":"(anonymous_10)","decl":{"start":{"line":131,"column":38},"end":{"line":131,"column":39}},"loc":{"start":{"line":131,"column":43},"end":{"line":131,"column":61}},"line":131},"11":{"name":"(anonymous_11)","decl":{"start":{"line":144,"column":26},"end":{"line":144,"column":27}},"loc":{"start":{"line":144,"column":31},"end":{"line":144,"column":49}},"line":144},"12":{"name":"computeBossPlan","decl":{"start":{"line":152,"column":16},"end":{"line":152,"column":31}},"loc":{"start":{"line":152,"column":77},"end":{"line":190,"column":1}},"line":152},"13":{"name":"(anonymous_13)","decl":{"start":{"line":153,"column":40},"end":{"line":153,"column":41}},"loc":{"start":{"line":153,"column":45},"end":{"line":153,"column":67}},"line":153},"14":{"name":"(anonymous_14)","decl":{"start":{"line":154,"column":36},"end":{"line":154,"column":37}},"loc":{"start":{"line":154,"column":41},"end":{"line":154,"column":62}},"line":154},"15":{"name":"(anonymous_15)","decl":{"start":{"line":161,"column":20},"end":{"line":161,"column":21}},"loc":{"start":{"line":161,"column":30},"end":{"line":165,"column":5}},"line":161},"16":{"name":"(anonymous_16)","decl":{"start":{"line":178,"column":31},"end":{"line":178,"column":32}},"loc":{"start":{"line":178,"column":36},"end":{"line":178,"column":61}},"line":178},"17":{"name":"bossAI","decl":{"start":{"line":193,"column":22},"end":{"line":193,"column":28}},"loc":{"start":{"line":193,"column":140},"end":{"line":274,"column":1}},"line":193},"18":{"name":"(anonymous_18)","decl":{"start":{"line":194,"column":37},"end":{"line":194,"column":38}},"loc":{"start":{"line":194,"column":42},"end":{"line":194,"column":63}},"line":194},"19":{"name":"(anonymous_19)","decl":{"start":{"line":209,"column":35},"end":{"line":209,"column":36}},"loc":{"start":{"line":209,"column":40},"end":{"line":209,"column":67}},"line":209},"20":{"name":"(anonymous_20)","decl":{"start":{"line":210,"column":35},"end":{"line":210,"column":36}},"loc":{"start":{"line":210,"column":40},"end":{"line":210,"column":65}},"line":210},"21":{"name":"(anonymous_21)","decl":{"start":{"line":215,"column":226},"end":{"line":215,"column":227}},"loc":{"start":{"line":215,"column":231},"end":{"line":215,"column":253}},"line":215},"22":{"name":"(anonymous_22)","decl":{"start":{"line":226,"column":30},"end":{"line":226,"column":31}},"loc":{"start":{"line":226,"column":35},"end":{"line":226,"column":53}},"line":226},"23":{"name":"(anonymous_23)","decl":{"start":{"line":234,"column":31},"end":{"line":234,"column":32}},"loc":{"start":{"line":234,"column":42},"end":{"line":234,"column":93}},"line":234},"24":{"name":"(anonymous_24)","decl":{"start":{"line":240,"column":31},"end":{"line":240,"column":32}},"loc":{"start":{"line":240,"column":36},"end":{"line":240,"column":54}},"line":240},"25":{"name":"(anonymous_25)","decl":{"start":{"line":249,"column":30},"end":{"line":249,"column":31}},"loc":{"start":{"line":249,"column":35},"end":{"line":249,"column":53}},"line":249},"26":{"name":"(anonymous_26)","decl":{"start":{"line":257,"column":31},"end":{"line":257,"column":32}},"loc":{"start":{"line":257,"column":42},"end":{"line":257,"column":93}},"line":257},"27":{"name":"(anonymous_27)","decl":{"start":{"line":263,"column":31},"end":{"line":263,"column":32}},"loc":{"start":{"line":263,"column":36},"end":{"line":263,"column":54}},"line":263},"28":{"name":"computesheepistNoirPlan","decl":{"start":{"line":286,"column":16},"end":{"line":286,"column":39}},"loc":{"start":{"line":286,"column":88},"end":{"line":367,"column":1}},"line":286},"29":{"name":"(anonymous_29)","decl":{"start":{"line":287,"column":40},"end":{"line":287,"column":41}},"loc":{"start":{"line":287,"column":45},"end":{"line":287,"column":75}},"line":287},"30":{"name":"(anonymous_30)","decl":{"start":{"line":288,"column":36},"end":{"line":288,"column":37}},"loc":{"start":{"line":288,"column":41},"end":{"line":288,"column":62}},"line":288},"31":{"name":"(anonymous_31)","decl":{"start":{"line":291,"column":36},"end":{"line":291,"column":37}},"loc":{"start":{"line":291,"column":41},"end":{"line":291,"column":58}},"line":291},"32":{"name":"(anonymous_32)","decl":{"start":{"line":292,"column":37},"end":{"line":292,"column":38}},"loc":{"start":{"line":292,"column":42},"end":{"line":292,"column":69}},"line":292},"33":{"name":"(anonymous_33)","decl":{"start":{"line":335,"column":34},"end":{"line":335,"column":35}},"loc":{"start":{"line":335,"column":39},"end":{"line":335,"column":56}},"line":335},"34":{"name":"(anonymous_34)","decl":{"start":{"line":336,"column":28},"end":{"line":336,"column":29}},"loc":{"start":{"line":336,"column":38},"end":{"line":340,"column":13}},"line":336},"35":{"name":"(anonymous_35)","decl":{"start":{"line":358,"column":25},"end":{"line":358,"column":26}},"loc":{"start":{"line":358,"column":35},"end":{"line":363,"column":5}},"line":358},"36":{"name":"findBestMoveTarget","decl":{"start":{"line":370,"column":9},"end":{"line":370,"column":27}},"loc":{"start":{"line":370,"column":82},"end":{"line":402,"column":1}},"line":370},"37":{"name":"(anonymous_37)","decl":{"start":{"line":387,"column":32},"end":{"line":387,"column":33}},"loc":{"start":{"line":387,"column":42},"end":{"line":387,"column":105}},"line":387},"38":{"name":"sheepistNoirAI","decl":{"start":{"line":416,"column":22},"end":{"line":416,"column":36}},"loc":{"start":{"line":416,"column":154},"end":{"line":494,"column":1}},"line":416},"39":{"name":"(anonymous_39)","decl":{"start":{"line":418,"column":36},"end":{"line":418,"column":37}},"loc":{"start":{"line":418,"column":41},"end":{"line":418,"column":62}},"line":418},"40":{"name":"(anonymous_40)","decl":{"start":{"line":419,"column":36},"end":{"line":419,"column":37}},"loc":{"start":{"line":419,"column":41},"end":{"line":419,"column":58}},"line":419},"41":{"name":"(anonymous_41)","decl":{"start":{"line":420,"column":37},"end":{"line":420,"column":38}},"loc":{"start":{"line":420,"column":42},"end":{"line":420,"column":69}},"line":420},"42":{"name":"(anonymous_42)","decl":{"start":{"line":475,"column":34},"end":{"line":475,"column":35}},"loc":{"start":{"line":475,"column":45},"end":{"line":475,"column":104}},"line":475},"43":{"name":"(anonymous_43)","decl":{"start":{"line":487,"column":31},"end":{"line":487,"column":32}},"loc":{"start":{"line":487,"column":36},"end":{"line":487,"column":54}},"line":487},"44":{"name":"computeChefPlan","decl":{"start":{"line":501,"column":16},"end":{"line":501,"column":31}},"loc":{"start":{"line":501,"column":72},"end":{"line":654,"column":1}},"line":501},"45":{"name":"(anonymous_45)","decl":{"start":{"line":503,"column":36},"end":{"line":503,"column":37}},"loc":{"start":{"line":503,"column":41},"end":{"line":503,"column":62}},"line":503},"46":{"name":"(anonymous_46)","decl":{"start":{"line":505,"column":38},"end":{"line":505,"column":39}},"loc":{"start":{"line":505,"column":43},"end":{"line":505,"column":92}},"line":505},"47":{"name":"(anonymous_47)","decl":{"start":{"line":506,"column":40},"end":{"line":506,"column":41}},"loc":{"start":{"line":506,"column":45},"end":{"line":506,"column":67}},"line":506},"48":{"name":"(anonymous_48)","decl":{"start":{"line":510,"column":53},"end":{"line":510,"column":54}},"loc":{"start":{"line":510,"column":58},"end":{"line":510,"column":95}},"line":510},"49":{"name":"(anonymous_49)","decl":{"start":{"line":511,"column":49},"end":{"line":511,"column":50}},"loc":{"start":{"line":511,"column":54},"end":{"line":511,"column":91}},"line":511},"50":{"name":"(anonymous_50)","decl":{"start":{"line":513,"column":20},"end":{"line":513,"column":21}},"loc":{"start":{"line":513,"column":45},"end":{"line":516,"column":5}},"line":513},"51":{"name":"(anonymous_51)","decl":{"start":{"line":522,"column":41},"end":{"line":522,"column":42}},"loc":{"start":{"line":522,"column":49},"end":{"line":522,"column":99}},"line":522},"52":{"name":"(anonymous_52)","decl":{"start":{"line":570,"column":39},"end":{"line":570,"column":40}},"loc":{"start":{"line":570,"column":44},"end":{"line":570,"column":70}},"line":570},"53":{"name":"(anonymous_53)","decl":{"start":{"line":580,"column":81},"end":{"line":580,"column":82}},"loc":{"start":{"line":580,"column":86},"end":{"line":580,"column":106}},"line":580},"54":{"name":"chefDeGuerreAI","decl":{"start":{"line":659,"column":22},"end":{"line":659,"column":36}},"loc":{"start":{"line":659,"column":145},"end":{"line":813,"column":1}},"line":659},"55":{"name":"(anonymous_55)","decl":{"start":{"line":661,"column":36},"end":{"line":661,"column":37}},"loc":{"start":{"line":661,"column":41},"end":{"line":661,"column":62}},"line":661},"56":{"name":"(anonymous_56)","decl":{"start":{"line":678,"column":42},"end":{"line":678,"column":43}},"loc":{"start":{"line":678,"column":47},"end":{"line":678,"column":66}},"line":678},"57":{"name":"(anonymous_57)","decl":{"start":{"line":682,"column":46},"end":{"line":682,"column":47}},"loc":{"start":{"line":682,"column":51},"end":{"line":682,"column":75}},"line":682},"58":{"name":"(anonymous_58)","decl":{"start":{"line":687,"column":58},"end":{"line":687,"column":59}},"loc":{"start":{"line":687,"column":63},"end":{"line":687,"column":83}},"line":687},"59":{"name":"(anonymous_59)","decl":{"start":{"line":690,"column":37},"end":{"line":690,"column":38}},"loc":{"start":{"line":690,"column":47},"end":{"line":690,"column":110}},"line":690},"60":{"name":"(anonymous_60)","decl":{"start":{"line":697,"column":63},"end":{"line":697,"column":64}},"loc":{"start":{"line":697,"column":68},"end":{"line":697,"column":93}},"line":697},"61":{"name":"(anonymous_61)","decl":{"start":{"line":700,"column":41},"end":{"line":700,"column":42}},"loc":{"start":{"line":700,"column":51},"end":{"line":700,"column":72}},"line":700},"62":{"name":"(anonymous_62)","decl":{"start":{"line":707,"column":46},"end":{"line":707,"column":47}},"loc":{"start":{"line":707,"column":51},"end":{"line":707,"column":77}},"line":707},"63":{"name":"(anonymous_63)","decl":{"start":{"line":744,"column":35},"end":{"line":744,"column":36}},"loc":{"start":{"line":744,"column":46},"end":{"line":744,"column":99}},"line":744},"64":{"name":"(anonymous_64)","decl":{"start":{"line":768,"column":35},"end":{"line":768,"column":36}},"loc":{"start":{"line":768,"column":46},"end":{"line":768,"column":99}},"line":768},"65":{"name":"(anonymous_65)","decl":{"start":{"line":793,"column":35},"end":{"line":793,"column":36}},"loc":{"start":{"line":793,"column":46},"end":{"line":793,"column":99}},"line":793},"66":{"name":"(anonymous_66)","decl":{"start":{"line":808,"column":26},"end":{"line":808,"column":27}},"loc":{"start":{"line":808,"column":31},"end":{"line":808,"column":49}},"line":808}},"branchMap":{"0":{"loc":{"start":{"line":15,"column":40},"end":{"line":15,"column":56}},"type":"default-arg","locations":[{"start":{"line":15,"column":54},"end":{"line":15,"column":56}}],"line":15},"1":{"loc":{"start":{"line":16,"column":45},"end":{"line":16,"column":68}},"type":"binary-expr","locations":[{"start":{"line":16,"column":45},"end":{"line":16,"column":56}},{"start":{"line":16,"column":60},"end":{"line":16,"column":68}}],"line":16},"2":{"loc":{"start":{"line":18,"column":4},"end":{"line":18,"column":99}},"type":"if","locations":[{"start":{"line":18,"column":4},"end":{"line":18,"column":99}},{"start":{},"end":{}}],"line":18},"3":{"loc":{"start":{"line":22,"column":26},"end":{"line":22,"column":53}},"type":"binary-expr","locations":[{"start":{"line":22,"column":26},"end":{"line":22,"column":37}},{"start":{"line":22,"column":41},"end":{"line":22,"column":53}}],"line":22},"4":{"loc":{"start":{"line":23,"column":4},"end":{"line":25,"column":5}},"type":"if","locations":[{"start":{"line":23,"column":4},"end":{"line":25,"column":5}},{"start":{},"end":{}}],"line":23},"5":{"loc":{"start":{"line":30,"column":8},"end":{"line":30,"column":66}},"type":"if","locations":[{"start":{"line":30,"column":8},"end":{"line":30,"column":66}},{"start":{},"end":{}}],"line":30},"6":{"loc":{"start":{"line":30,"column":12},"end":{"line":30,"column":52}},"type":"binary-expr","locations":[{"start":{"line":30,"column":12},"end":{"line":30,"column":30}},{"start":{"line":30,"column":34},"end":{"line":30,"column":52}}],"line":30},"7":{"loc":{"start":{"line":34,"column":17},"end":{"line":34,"column":132}},"type":"binary-expr","locations":[{"start":{"line":34,"column":17},"end":{"line":34,"column":126}},{"start":{"line":34,"column":130},"end":{"line":34,"column":132}}],"line":34},"8":{"loc":{"start":{"line":38,"column":4},"end":{"line":43,"column":5}},"type":"if","locations":[{"start":{"line":38,"column":4},"end":{"line":43,"column":5}},{"start":{},"end":{}}],"line":38},"9":{"loc":{"start":{"line":47,"column":4},"end":{"line":51,"column":5}},"type":"if","locations":[{"start":{"line":47,"column":4},"end":{"line":51,"column":5}},{"start":{},"end":{}}],"line":47},"10":{"loc":{"start":{"line":50,"column":25},"end":{"line":50,"column":52}},"type":"binary-expr","locations":[{"start":{"line":50,"column":25},"end":{"line":50,"column":36}},{"start":{"line":50,"column":40},"end":{"line":50,"column":52}}],"line":50},"11":{"loc":{"start":{"line":67,"column":82},"end":{"line":67,"column":98}},"type":"default-arg","locations":[{"start":{"line":67,"column":96},"end":{"line":67,"column":98}}],"line":67},"12":{"loc":{"start":{"line":71,"column":4},"end":{"line":75,"column":5}},"type":"if","locations":[{"start":{"line":71,"column":4},"end":{"line":75,"column":5}},{"start":{},"end":{}}],"line":71},"13":{"loc":{"start":{"line":71,"column":8},"end":{"line":71,"column":32}},"type":"binary-expr","locations":[{"start":{"line":71,"column":8},"end":{"line":71,"column":15}},{"start":{"line":71,"column":19},"end":{"line":71,"column":32}}],"line":71},"14":{"loc":{"start":{"line":73,"column":8},"end":{"line":73,"column":37}},"type":"if","locations":[{"start":{"line":73,"column":8},"end":{"line":73,"column":37}},{"start":{},"end":{}}],"line":73},"15":{"loc":{"start":{"line":78,"column":45},"end":{"line":78,"column":68}},"type":"binary-expr","locations":[{"start":{"line":78,"column":45},"end":{"line":78,"column":56}},{"start":{"line":78,"column":60},"end":{"line":78,"column":68}}],"line":78},"16":{"loc":{"start":{"line":82,"column":4},"end":{"line":88,"column":5}},"type":"if","locations":[{"start":{"line":82,"column":4},"end":{"line":88,"column":5}},{"start":{},"end":{}}],"line":82},"17":{"loc":{"start":{"line":82,"column":8},"end":{"line":82,"column":34}},"type":"binary-expr","locations":[{"start":{"line":82,"column":8},"end":{"line":82,"column":18}},{"start":{"line":82,"column":22},"end":{"line":82,"column":34}}],"line":82},"18":{"loc":{"start":{"line":93,"column":4},"end":{"line":135,"column":5}},"type":"if","locations":[{"start":{"line":93,"column":4},"end":{"line":135,"column":5}},{"start":{},"end":{}}],"line":93},"19":{"loc":{"start":{"line":93,"column":8},"end":{"line":93,"column":35}},"type":"binary-expr","locations":[{"start":{"line":93,"column":8},"end":{"line":93,"column":19}},{"start":{"line":93,"column":23},"end":{"line":93,"column":35}}],"line":93},"20":{"loc":{"start":{"line":95,"column":12},"end":{"line":95,"column":70}},"type":"if","locations":[{"start":{"line":95,"column":12},"end":{"line":95,"column":70}},{"start":{},"end":{}}],"line":95},"21":{"loc":{"start":{"line":95,"column":16},"end":{"line":95,"column":56}},"type":"binary-expr","locations":[{"start":{"line":95,"column":16},"end":{"line":95,"column":34}},{"start":{"line":95,"column":38},"end":{"line":95,"column":56}}],"line":95},"22":{"loc":{"start":{"line":99,"column":21},"end":{"line":99,"column":136}},"type":"binary-expr","locations":[{"start":{"line":99,"column":21},"end":{"line":99,"column":130}},{"start":{"line":99,"column":134},"end":{"line":99,"column":136}}],"line":99},"23":{"loc":{"start":{"line":101,"column":8},"end":{"line":134,"column":9}},"type":"if","locations":[{"start":{"line":101,"column":8},"end":{"line":134,"column":9}},{"start":{},"end":{}}],"line":101},"24":{"loc":{"start":{"line":104,"column":12},"end":{"line":133,"column":13}},"type":"if","locations":[{"start":{"line":104,"column":12},"end":{"line":133,"column":13}},{"start":{"line":106,"column":19},"end":{"line":133,"column":13}}],"line":104},"25":{"loc":{"start":{"line":112,"column":16},"end":{"line":117,"column":17}},"type":"if","locations":[{"start":{"line":112,"column":16},"end":{"line":117,"column":17}},{"start":{},"end":{}}],"line":112},"26":{"loc":{"start":{"line":114,"column":20},"end":{"line":116,"column":21}},"type":"if","locations":[{"start":{"line":114,"column":20},"end":{"line":116,"column":21}},{"start":{},"end":{}}],"line":114},"27":{"loc":{"start":{"line":114,"column":24},"end":{"line":114,"column":84}},"type":"binary-expr","locations":[{"start":{"line":114,"column":24},"end":{"line":114,"column":52}},{"start":{"line":114,"column":56},"end":{"line":114,"column":84}}],"line":114},"28":{"loc":{"start":{"line":122,"column":16},"end":{"line":132,"column":17}},"type":"if","locations":[{"start":{"line":122,"column":16},"end":{"line":132,"column":17}},{"start":{},"end":{}}],"line":122},"29":{"loc":{"start":{"line":139,"column":4},"end":{"line":145,"column":5}},"type":"if","locations":[{"start":{"line":139,"column":4},"end":{"line":145,"column":5}},{"start":{},"end":{}}],"line":139},"30":{"loc":{"start":{"line":139,"column":8},"end":{"line":139,"column":58}},"type":"binary-expr","locations":[{"start":{"line":139,"column":8},"end":{"line":139,"column":28}},{"start":{"line":139,"column":32},"end":{"line":139,"column":42}},{"start":{"line":139,"column":46},"end":{"line":139,"column":58}}],"line":139},"31":{"loc":{"start":{"line":148,"column":4},"end":{"line":148,"column":33}},"type":"if","locations":[{"start":{"line":148,"column":4},"end":{"line":148,"column":33}},{"start":{},"end":{}}],"line":148},"32":{"loc":{"start":{"line":152,"column":38},"end":{"line":152,"column":54}},"type":"default-arg","locations":[{"start":{"line":152,"column":52},"end":{"line":152,"column":54}}],"line":152},"33":{"loc":{"start":{"line":153,"column":45},"end":{"line":153,"column":67}},"type":"binary-expr","locations":[{"start":{"line":153,"column":45},"end":{"line":153,"column":55}},{"start":{"line":153,"column":59},"end":{"line":153,"column":67}}],"line":153},"34":{"loc":{"start":{"line":155,"column":5},"end":{"line":155,"column":139}},"type":"if","locations":[{"start":{"line":155,"column":5},"end":{"line":155,"column":139}},{"start":{},"end":{}}],"line":155},"35":{"loc":{"start":{"line":158,"column":25},"end":{"line":158,"column":51}},"type":"binary-expr","locations":[{"start":{"line":158,"column":25},"end":{"line":158,"column":36}},{"start":{"line":158,"column":40},"end":{"line":158,"column":51}}],"line":158},"36":{"loc":{"start":{"line":162,"column":8},"end":{"line":162,"column":66}},"type":"if","locations":[{"start":{"line":162,"column":8},"end":{"line":162,"column":66}},{"start":{},"end":{}}],"line":162},"37":{"loc":{"start":{"line":162,"column":12},"end":{"line":162,"column":52}},"type":"binary-expr","locations":[{"start":{"line":162,"column":12},"end":{"line":162,"column":30}},{"start":{"line":162,"column":34},"end":{"line":162,"column":52}}],"line":162},"38":{"loc":{"start":{"line":166,"column":17},"end":{"line":166,"column":129}},"type":"binary-expr","locations":[{"start":{"line":166,"column":17},"end":{"line":166,"column":123}},{"start":{"line":166,"column":127},"end":{"line":166,"column":129}}],"line":166},"39":{"loc":{"start":{"line":169,"column":4},"end":{"line":172,"column":5}},"type":"if","locations":[{"start":{"line":169,"column":4},"end":{"line":172,"column":5}},{"start":{},"end":{}}],"line":169},"40":{"loc":{"start":{"line":174,"column":16},"end":{"line":174,"column":102}},"type":"cond-expr","locations":[{"start":{"line":174,"column":38},"end":{"line":174,"column":67}},{"start":{"line":174,"column":70},"end":{"line":174,"column":102}}],"line":174},"41":{"loc":{"start":{"line":175,"column":26},"end":{"line":175,"column":110}},"type":"binary-expr","locations":[{"start":{"line":175,"column":26},"end":{"line":175,"column":95}},{"start":{"line":175,"column":99},"end":{"line":175,"column":110}}],"line":175},"42":{"loc":{"start":{"line":178,"column":36},"end":{"line":178,"column":61}},"type":"binary-expr","locations":[{"start":{"line":178,"column":36},"end":{"line":178,"column":46}},{"start":{"line":178,"column":50},"end":{"line":178,"column":61}}],"line":178},"43":{"loc":{"start":{"line":180,"column":4},"end":{"line":188,"column":5}},"type":"if","locations":[{"start":{"line":180,"column":4},"end":{"line":188,"column":5}},{"start":{},"end":{}}],"line":180},"44":{"loc":{"start":{"line":180,"column":8},"end":{"line":180,"column":40}},"type":"binary-expr","locations":[{"start":{"line":180,"column":8},"end":{"line":180,"column":14}},{"start":{"line":180,"column":18},"end":{"line":180,"column":40}}],"line":180},"45":{"loc":{"start":{"line":184,"column":8},"end":{"line":187,"column":9}},"type":"if","locations":[{"start":{"line":184,"column":8},"end":{"line":187,"column":9}},{"start":{},"end":{}}],"line":184},"46":{"loc":{"start":{"line":184,"column":12},"end":{"line":184,"column":121}},"type":"binary-expr","locations":[{"start":{"line":184,"column":12},"end":{"line":184,"column":40}},{"start":{"line":184,"column":44},"end":{"line":184,"column":121}}],"line":184},"47":{"loc":{"start":{"line":193,"column":101},"end":{"line":193,"column":117}},"type":"default-arg","locations":[{"start":{"line":193,"column":115},"end":{"line":193,"column":117}}],"line":193},"48":{"loc":{"start":{"line":195,"column":5},"end":{"line":195,"column":59}},"type":"if","locations":[{"start":{"line":195,"column":5},"end":{"line":195,"column":59}},{"start":{},"end":{}}],"line":195},"49":{"loc":{"start":{"line":195,"column":20},"end":{"line":195,"column":49}},"type":"if","locations":[{"start":{"line":195,"column":20},"end":{"line":195,"column":49}},{"start":{},"end":{}}],"line":195},"50":{"loc":{"start":{"line":199,"column":11},"end":{"line":199,"column":39}},"type":"binary-expr","locations":[{"start":{"line":199,"column":11},"end":{"line":199,"column":22}},{"start":{"line":199,"column":27},"end":{"line":199,"column":38}}],"line":199},"51":{"loc":{"start":{"line":201,"column":8},"end":{"line":204,"column":9}},"type":"if","locations":[{"start":{"line":201,"column":8},"end":{"line":204,"column":9}},{"start":{},"end":{}}],"line":201},"52":{"loc":{"start":{"line":209,"column":40},"end":{"line":209,"column":67}},"type":"binary-expr","locations":[{"start":{"line":209,"column":40},"end":{"line":209,"column":50}},{"start":{"line":209,"column":54},"end":{"line":209,"column":67}}],"line":209},"53":{"loc":{"start":{"line":210,"column":40},"end":{"line":210,"column":65}},"type":"binary-expr","locations":[{"start":{"line":210,"column":40},"end":{"line":210,"column":50}},{"start":{"line":210,"column":54},"end":{"line":210,"column":65}}],"line":210},"54":{"loc":{"start":{"line":211,"column":26},"end":{"line":211,"column":43}},"type":"binary-expr","locations":[{"start":{"line":211,"column":26},"end":{"line":211,"column":38}},{"start":{"line":211,"column":42},"end":{"line":211,"column":43}}],"line":211},"55":{"loc":{"start":{"line":212,"column":27},"end":{"line":212,"column":44}},"type":"binary-expr","locations":[{"start":{"line":212,"column":27},"end":{"line":212,"column":39}},{"start":{"line":212,"column":43},"end":{"line":212,"column":44}}],"line":212},"56":{"loc":{"start":{"line":215,"column":35},"end":{"line":215,"column":264}},"type":"binary-expr","locations":[{"start":{"line":215,"column":35},"end":{"line":215,"column":41}},{"start":{"line":215,"column":46},"end":{"line":215,"column":135}},{"start":{"line":215,"column":140},"end":{"line":215,"column":264}}],"line":215},"57":{"loc":{"start":{"line":215,"column":231},"end":{"line":215,"column":253}},"type":"binary-expr","locations":[{"start":{"line":215,"column":231},"end":{"line":215,"column":241}},{"start":{"line":215,"column":245},"end":{"line":215,"column":253}}],"line":215},"58":{"loc":{"start":{"line":220,"column":8},"end":{"line":228,"column":9}},"type":"if","locations":[{"start":{"line":220,"column":8},"end":{"line":228,"column":9}},{"start":{},"end":{}}],"line":220},"59":{"loc":{"start":{"line":220,"column":12},"end":{"line":220,"column":47}},"type":"binary-expr","locations":[{"start":{"line":220,"column":12},"end":{"line":220,"column":23}},{"start":{"line":220,"column":27},"end":{"line":220,"column":47}}],"line":220},"60":{"loc":{"start":{"line":232,"column":8},"end":{"line":242,"column":9}},"type":"if","locations":[{"start":{"line":232,"column":8},"end":{"line":242,"column":9}},{"start":{},"end":{}}],"line":232},"61":{"loc":{"start":{"line":232,"column":12},"end":{"line":232,"column":102}},"type":"binary-expr","locations":[{"start":{"line":232,"column":12},"end":{"line":232,"column":24}},{"start":{"line":232,"column":28},"end":{"line":232,"column":46}},{"start":{"line":232,"column":50},"end":{"line":232,"column":74}},{"start":{"line":232,"column":78},"end":{"line":232,"column":102}}],"line":232},"62":{"loc":{"start":{"line":245,"column":8},"end":{"line":251,"column":9}},"type":"if","locations":[{"start":{"line":245,"column":8},"end":{"line":251,"column":9}},{"start":{},"end":{}}],"line":245},"63":{"loc":{"start":{"line":245,"column":12},"end":{"line":245,"column":55}},"type":"binary-expr","locations":[{"start":{"line":245,"column":12},"end":{"line":245,"column":30}},{"start":{"line":245,"column":34},"end":{"line":245,"column":55}}],"line":245},"64":{"loc":{"start":{"line":255,"column":8},"end":{"line":265,"column":9}},"type":"if","locations":[{"start":{"line":255,"column":8},"end":{"line":265,"column":9}},{"start":{},"end":{}}],"line":255},"65":{"loc":{"start":{"line":255,"column":12},"end":{"line":255,"column":64}},"type":"binary-expr","locations":[{"start":{"line":255,"column":12},"end":{"line":255,"column":36}},{"start":{"line":255,"column":40},"end":{"line":255,"column":64}}],"line":255},"66":{"loc":{"start":{"line":273,"column":4},"end":{"line":273,"column":33}},"type":"if","locations":[{"start":{"line":273,"column":4},"end":{"line":273,"column":33}},{"start":{},"end":{}}],"line":273},"67":{"loc":{"start":{"line":287,"column":45},"end":{"line":287,"column":75}},"type":"binary-expr","locations":[{"start":{"line":287,"column":45},"end":{"line":287,"column":63}},{"start":{"line":287,"column":67},"end":{"line":287,"column":75}}],"line":287},"68":{"loc":{"start":{"line":289,"column":4},"end":{"line":289,"column":40}},"type":"if","locations":[{"start":{"line":289,"column":4},"end":{"line":289,"column":40}},{"start":{},"end":{}}],"line":289},"69":{"loc":{"start":{"line":297,"column":4},"end":{"line":306,"column":5}},"type":"if","locations":[{"start":{"line":297,"column":4},"end":{"line":306,"column":5}},{"start":{},"end":{}}],"line":297},"70":{"loc":{"start":{"line":297,"column":8},"end":{"line":297,"column":97}},"type":"binary-expr","locations":[{"start":{"line":297,"column":8},"end":{"line":297,"column":20}},{"start":{"line":297,"column":24},"end":{"line":297,"column":60}},{"start":{"line":297,"column":64},"end":{"line":297,"column":97}}],"line":297},"71":{"loc":{"start":{"line":299,"column":8},"end":{"line":305,"column":9}},"type":"if","locations":[{"start":{"line":299,"column":8},"end":{"line":305,"column":9}},{"start":{},"end":{}}],"line":299},"72":{"loc":{"start":{"line":299,"column":12},"end":{"line":299,"column":35}},"type":"binary-expr","locations":[{"start":{"line":299,"column":12},"end":{"line":299,"column":18}},{"start":{"line":299,"column":22},"end":{"line":299,"column":35}}],"line":299},"73":{"loc":{"start":{"line":302,"column":12},"end":{"line":304,"column":13}},"type":"if","locations":[{"start":{"line":302,"column":12},"end":{"line":304,"column":13}},{"start":{},"end":{}}],"line":302},"74":{"loc":{"start":{"line":302,"column":16},"end":{"line":302,"column":66}},"type":"binary-expr","locations":[{"start":{"line":302,"column":16},"end":{"line":302,"column":49}},{"start":{"line":302,"column":53},"end":{"line":302,"column":66}}],"line":302},"75":{"loc":{"start":{"line":309,"column":4},"end":{"line":315,"column":5}},"type":"if","locations":[{"start":{"line":309,"column":4},"end":{"line":315,"column":5}},{"start":{},"end":{}}],"line":309},"76":{"loc":{"start":{"line":309,"column":8},"end":{"line":309,"column":58}},"type":"binary-expr","locations":[{"start":{"line":309,"column":8},"end":{"line":309,"column":19}},{"start":{"line":309,"column":23},"end":{"line":309,"column":58}}],"line":309},"77":{"loc":{"start":{"line":312,"column":8},"end":{"line":314,"column":9}},"type":"if","locations":[{"start":{"line":312,"column":8},"end":{"line":314,"column":9}},{"start":{},"end":{}}],"line":312},"78":{"loc":{"start":{"line":312,"column":12},"end":{"line":312,"column":59}},"type":"binary-expr","locations":[{"start":{"line":312,"column":12},"end":{"line":312,"column":43}},{"start":{"line":312,"column":47},"end":{"line":312,"column":59}}],"line":312},"79":{"loc":{"start":{"line":318,"column":4},"end":{"line":355,"column":5}},"type":"if","locations":[{"start":{"line":318,"column":4},"end":{"line":355,"column":5}},{"start":{},"end":{}}],"line":318},"80":{"loc":{"start":{"line":320,"column":8},"end":{"line":325,"column":9}},"type":"if","locations":[{"start":{"line":320,"column":8},"end":{"line":325,"column":9}},{"start":{},"end":{}}],"line":320},"81":{"loc":{"start":{"line":320,"column":12},"end":{"line":320,"column":128}},"type":"binary-expr","locations":[{"start":{"line":320,"column":12},"end":{"line":320,"column":24}},{"start":{"line":320,"column":28},"end":{"line":320,"column":64}},{"start":{"line":320,"column":68},"end":{"line":320,"column":101}},{"start":{"line":320,"column":105},"end":{"line":320,"column":111}},{"start":{"line":320,"column":115},"end":{"line":320,"column":128}}],"line":320},"82":{"loc":{"start":{"line":322,"column":13},"end":{"line":324,"column":14}},"type":"if","locations":[{"start":{"line":322,"column":13},"end":{"line":324,"column":14}},{"start":{},"end":{}}],"line":322},"83":{"loc":{"start":{"line":327,"column":8},"end":{"line":332,"column":9}},"type":"if","locations":[{"start":{"line":327,"column":8},"end":{"line":332,"column":9}},{"start":{},"end":{}}],"line":327},"84":{"loc":{"start":{"line":327,"column":12},"end":{"line":327,"column":62}},"type":"binary-expr","locations":[{"start":{"line":327,"column":12},"end":{"line":327,"column":23}},{"start":{"line":327,"column":27},"end":{"line":327,"column":62}}],"line":327},"85":{"loc":{"start":{"line":329,"column":13},"end":{"line":331,"column":14}},"type":"if","locations":[{"start":{"line":329,"column":13},"end":{"line":331,"column":14}},{"start":{},"end":{}}],"line":329},"86":{"loc":{"start":{"line":335,"column":8},"end":{"line":354,"column":9}},"type":"if","locations":[{"start":{"line":335,"column":8},"end":{"line":354,"column":9}},{"start":{},"end":{}}],"line":335},"87":{"loc":{"start":{"line":337,"column":17},"end":{"line":337,"column":75}},"type":"if","locations":[{"start":{"line":337,"column":17},"end":{"line":337,"column":75}},{"start":{},"end":{}}],"line":337},"88":{"loc":{"start":{"line":337,"column":21},"end":{"line":337,"column":61}},"type":"binary-expr","locations":[{"start":{"line":337,"column":21},"end":{"line":337,"column":39}},{"start":{"line":337,"column":43},"end":{"line":337,"column":61}}],"line":337},"89":{"loc":{"start":{"line":343,"column":12},"end":{"line":353,"column":13}},"type":"if","locations":[{"start":{"line":343,"column":12},"end":{"line":353,"column":13}},{"start":{},"end":{}}],"line":343},"90":{"loc":{"start":{"line":343,"column":16},"end":{"line":343,"column":55}},"type":"binary-expr","locations":[{"start":{"line":343,"column":16},"end":{"line":343,"column":28}},{"start":{"line":343,"column":32},"end":{"line":343,"column":55}}],"line":343},"91":{"loc":{"start":{"line":346,"column":24},"end":{"line":346,"column":187}},"type":"binary-expr","locations":[{"start":{"line":346,"column":24},"end":{"line":346,"column":45}},{"start":{"line":346,"column":49},"end":{"line":346,"column":187}}],"line":346},"92":{"loc":{"start":{"line":350,"column":17},"end":{"line":352,"column":18}},"type":"if","locations":[{"start":{"line":350,"column":17},"end":{"line":352,"column":18}},{"start":{},"end":{}}],"line":350},"93":{"loc":{"start":{"line":360,"column":21},"end":{"line":360,"column":66}},"type":"cond-expr","locations":[{"start":{"line":360,"column":41},"end":{"line":360,"column":57}},{"start":{"line":360,"column":60},"end":{"line":360,"column":66}}],"line":360},"94":{"loc":{"start":{"line":361,"column":21},"end":{"line":361,"column":66}},"type":"cond-expr","locations":[{"start":{"line":361,"column":41},"end":{"line":361,"column":57}},{"start":{"line":361,"column":60},"end":{"line":361,"column":66}}],"line":361},"95":{"loc":{"start":{"line":362,"column":16},"end":{"line":362,"column":35}},"type":"binary-expr","locations":[{"start":{"line":362,"column":16},"end":{"line":362,"column":30}},{"start":{"line":362,"column":34},"end":{"line":362,"column":35}}],"line":362},"96":{"loc":{"start":{"line":362,"column":40},"end":{"line":362,"column":59}},"type":"binary-expr","locations":[{"start":{"line":362,"column":40},"end":{"line":362,"column":54}},{"start":{"line":362,"column":58},"end":{"line":362,"column":59}}],"line":362},"97":{"loc":{"start":{"line":377,"column":12},"end":{"line":377,"column":92}},"type":"if","locations":[{"start":{"line":377,"column":12},"end":{"line":377,"column":92}},{"start":{},"end":{}}],"line":377},"98":{"loc":{"start":{"line":377,"column":16},"end":{"line":377,"column":81}},"type":"binary-expr","locations":[{"start":{"line":377,"column":16},"end":{"line":377,"column":55}},{"start":{"line":377,"column":60},"end":{"line":377,"column":68}},{"start":{"line":377,"column":72},"end":{"line":377,"column":80}}],"line":377},"99":{"loc":{"start":{"line":381,"column":12},"end":{"line":381,"column":97}},"type":"if","locations":[{"start":{"line":381,"column":12},"end":{"line":381,"column":97}},{"start":{},"end":{}}],"line":381},"100":{"loc":{"start":{"line":386,"column":12},"end":{"line":398,"column":13}},"type":"if","locations":[{"start":{"line":386,"column":12},"end":{"line":398,"column":13}},{"start":{},"end":{}}],"line":386},"101":{"loc":{"start":{"line":386,"column":16},"end":{"line":386,"column":57}},"type":"binary-expr","locations":[{"start":{"line":386,"column":16},"end":{"line":386,"column":38}},{"start":{"line":386,"column":42},"end":{"line":386,"column":57}}],"line":386},"102":{"loc":{"start":{"line":390,"column":16},"end":{"line":397,"column":17}},"type":"if","locations":[{"start":{"line":390,"column":16},"end":{"line":397,"column":17}},{"start":{},"end":{}}],"line":390},"103":{"loc":{"start":{"line":390,"column":20},"end":{"line":390,"column":68}},"type":"binary-expr","locations":[{"start":{"line":390,"column":20},"end":{"line":390,"column":30}},{"start":{"line":390,"column":34},"end":{"line":390,"column":68}}],"line":390},"104":{"loc":{"start":{"line":392,"column":20},"end":{"line":396,"column":21}},"type":"if","locations":[{"start":{"line":392,"column":20},"end":{"line":396,"column":21}},{"start":{},"end":{}}],"line":392},"105":{"loc":{"start":{"line":392,"column":24},"end":{"line":392,"column":93}},"type":"binary-expr","locations":[{"start":{"line":392,"column":24},"end":{"line":392,"column":38}},{"start":{"line":392,"column":43},"end":{"line":392,"column":59}},{"start":{"line":392,"column":63},"end":{"line":392,"column":92}}],"line":392},"106":{"loc":{"start":{"line":422,"column":4},"end":{"line":426,"column":5}},"type":"if","locations":[{"start":{"line":422,"column":4},"end":{"line":426,"column":5}},{"start":{},"end":{}}],"line":422},"107":{"loc":{"start":{"line":422,"column":8},"end":{"line":422,"column":39}},"type":"binary-expr","locations":[{"start":{"line":422,"column":8},"end":{"line":422,"column":15}},{"start":{"line":422,"column":19},"end":{"line":422,"column":39}}],"line":422},"108":{"loc":{"start":{"line":424,"column":8},"end":{"line":424,"column":37}},"type":"if","locations":[{"start":{"line":424,"column":8},"end":{"line":424,"column":37}},{"start":{},"end":{}}],"line":424},"109":{"loc":{"start":{"line":427,"column":4},"end":{"line":431,"column":5}},"type":"if","locations":[{"start":{"line":427,"column":4},"end":{"line":431,"column":5}},{"start":{},"end":{}}],"line":427},"110":{"loc":{"start":{"line":427,"column":8},"end":{"line":427,"column":37}},"type":"binary-expr","locations":[{"start":{"line":427,"column":8},"end":{"line":427,"column":20}},{"start":{"line":427,"column":24},"end":{"line":427,"column":37}}],"line":427},"111":{"loc":{"start":{"line":429,"column":9},"end":{"line":429,"column":38}},"type":"if","locations":[{"start":{"line":429,"column":9},"end":{"line":429,"column":38}},{"start":{},"end":{}}],"line":429},"112":{"loc":{"start":{"line":437,"column":27},"end":{"line":437,"column":87}},"type":"cond-expr","locations":[{"start":{"line":437,"column":59},"end":{"line":437,"column":80}},{"start":{"line":437,"column":83},"end":{"line":437,"column":87}}],"line":437},"113":{"loc":{"start":{"line":439,"column":8},"end":{"line":442,"column":9}},"type":"if","locations":[{"start":{"line":439,"column":8},"end":{"line":442,"column":9}},{"start":{},"end":{}}],"line":439},"114":{"loc":{"start":{"line":447,"column":8},"end":{"line":484,"column":9}},"type":"if","locations":[{"start":{"line":447,"column":8},"end":{"line":484,"column":9}},{"start":{"line":454,"column":13},"end":{"line":484,"column":9}}],"line":447},"115":{"loc":{"start":{"line":447,"column":12},"end":{"line":447,"column":118}},"type":"binary-expr","locations":[{"start":{"line":447,"column":12},"end":{"line":447,"column":41}},{"start":{"line":447,"column":45},"end":{"line":447,"column":81}},{"start":{"line":447,"column":85},"end":{"line":447,"column":118}}],"line":447},"116":{"loc":{"start":{"line":454,"column":13},"end":{"line":484,"column":9}},"type":"if","locations":[{"start":{"line":454,"column":13},"end":{"line":484,"column":9}},{"start":{"line":460,"column":13},"end":{"line":484,"column":9}}],"line":454},"117":{"loc":{"start":{"line":454,"column":17},"end":{"line":454,"column":84}},"type":"binary-expr","locations":[{"start":{"line":454,"column":17},"end":{"line":454,"column":45}},{"start":{"line":454,"column":49},"end":{"line":454,"column":84}}],"line":454},"118":{"loc":{"start":{"line":460,"column":13},"end":{"line":484,"column":9}},"type":"if","locations":[{"start":{"line":460,"column":13},"end":{"line":484,"column":9}},{"start":{},"end":{}}],"line":460},"119":{"loc":{"start":{"line":460,"column":17},"end":{"line":460,"column":111}},"type":"binary-expr","locations":[{"start":{"line":460,"column":17},"end":{"line":460,"column":43}},{"start":{"line":460,"column":47},"end":{"line":460,"column":81}},{"start":{"line":460,"column":85},"end":{"line":460,"column":111}}],"line":460},"120":{"loc":{"start":{"line":465,"column":12},"end":{"line":470,"column":13}},"type":"if","locations":[{"start":{"line":465,"column":12},"end":{"line":470,"column":13}},{"start":{},"end":{}}],"line":465},"121":{"loc":{"start":{"line":467,"column":16},"end":{"line":469,"column":17}},"type":"if","locations":[{"start":{"line":467,"column":16},"end":{"line":469,"column":17}},{"start":{},"end":{}}],"line":467},"122":{"loc":{"start":{"line":467,"column":20},"end":{"line":467,"column":80}},"type":"binary-expr","locations":[{"start":{"line":467,"column":20},"end":{"line":467,"column":48}},{"start":{"line":467,"column":52},"end":{"line":467,"column":80}}],"line":467},"123":{"loc":{"start":{"line":474,"column":12},"end":{"line":483,"column":13}},"type":"if","locations":[{"start":{"line":474,"column":12},"end":{"line":483,"column":13}},{"start":{"line":481,"column":19},"end":{"line":483,"column":13}}],"line":474},"124":{"loc":{"start":{"line":486,"column":8},"end":{"line":488,"column":9}},"type":"if","locations":[{"start":{"line":486,"column":8},"end":{"line":488,"column":9}},{"start":{},"end":{}}],"line":486},"125":{"loc":{"start":{"line":493,"column":4},"end":{"line":493,"column":33}},"type":"if","locations":[{"start":{"line":493,"column":4},"end":{"line":493,"column":33}},{"start":{},"end":{}}],"line":493},"126":{"loc":{"start":{"line":505,"column":43},"end":{"line":505,"column":92}},"type":"binary-expr","locations":[{"start":{"line":505,"column":43},"end":{"line":505,"column":60}},{"start":{"line":505,"column":64},"end":{"line":505,"column":80}},{"start":{"line":505,"column":84},"end":{"line":505,"column":92}}],"line":505},"127":{"loc":{"start":{"
[...]
:8,"column":31}},"loc":{"start":{"line":8,"column":34},"end":{"line":23,"column":1}},"line":8},"1":{"name":"initAudioInteraction","decl":{"start":{"line":25,"column":16},"end":{"line":25,"column":36}},"loc":{"start":{"line":25,"column":39},"end":{"line":29,"column":1}},"line":25},"2":{"name":"showMessage","decl":{"start":{"line":33,"column":16},"end":{"line":33,"column":27}},"loc":{"start":{"line":33,"column":51},"end":{"line":41,"column":1}},"line":33},"3":{"name":"(anonymous_3)","decl":{"start":{"line":38,"column":34},"end":{"line":38,"column":35}},"loc":{"start":{"line":38,"column":40},"end":{"line":40,"column":5}},"line":38},"4":{"name":"updateHealthBar","decl":{"start":{"line":44,"column":16},"end":{"line":44,"column":31}},"loc":{"start":{"line":44,"column":62},"end":{"line":58,"column":1}},"line":44},"5":{"name":"updateUI","decl":{"start":{"line":61,"column":16},"end":{"line":61,"column":24}},"loc":{"start":{"line":67,"column":2},"end":{"line":110,"column":1}},"line":67},"6":{"name":"(anonymous_6)","decl":{"start":{"line":85,"column":50},"end":{"line":85,"column":51}},"loc":{"start":{"line":85,"column":55},"end":{"line":85,"column":63}},"line":85},"7":{"name":"(anonymous_7)","decl":{"start":{"line":94,"column":67},"end":{"line":94,"column":68}},"loc":{"start":{"line":94,"column":72},"end":{"line":94,"column":84}},"line":94},"8":{"name":"(anonymous_8)","decl":{"start":{"line":95,"column":58},"end":{"line":95,"column":59}},"loc":{"start":{"line":95,"column":70},"end":{"line":95,"column":80}},"line":95},"9":{"name":"(anonymous_9)","decl":{"start":{"line":96,"column":55},"end":{"line":96,"column":56}},"loc":{"start":{"line":96,"column":67},"end":{"line":96,"column":80}},"line":96},"10":{"name":"updateSpellBarSelection","decl":{"start":{"line":116,"column":16},"end":{"line":116,"column":39}},"loc":{"start":{"line":116,"column":60},"end":{"line":124,"column":1}},"line":116},"11":{"name":"setupSpellBarListeners","decl":{"start":{"line":134,"column":16},"end":{"line":134,"column":38}},"loc":{"start":{"line":134,"column":122},"end":{"line":176,"column":1}},"line":134},"12":{"name":"(anonymous_12)","decl":{"start":{"line":141,"column":42},"end":{"line":141,"column":43}},"loc":{"start":{"line":141,"column":53},"end":{"line":151,"column":13}},"line":141},"13":{"name":"(anonymous_13)","decl":{"start":{"line":154,"column":45},"end":{"line":154,"column":46}},"loc":{"start":{"line":154,"column":61},"end":{"line":172,"column":13}},"line":154},"14":{"name":"updateAllUI","decl":{"start":{"line":181,"column":16},"end":{"line":181,"column":27}},"loc":{"start":{"line":201,"column":3},"end":{"line":219,"column":1}},"line":201},"15":{"name":"playSound","decl":{"start":{"line":229,"column":16},"end":{"line":229,"column":25}},"loc":{"start":{"line":229,"column":32},"end":{"line":256,"column":1}},"line":229},"16":{"name":"(anonymous_16)","decl":{"start":{"line":244,"column":42},"end":{"line":244,"column":43}},"loc":{"start":{"line":244,"column":47},"end":{"line":250,"column":17}},"line":244},"17":{"name":"stopSound","decl":{"start":{"line":258,"column":16},"end":{"line":258,"column":25}},"loc":{"start":{"line":258,"column":32},"end":{"line":263,"column":1}},"line":258},"18":{"name":"updateTurnOrder","decl":{"start":{"line":267,"column":16},"end":{"line":267,"column":31}},"loc":{"start":{"line":267,"column":56},"end":{"line":297,"column":1}},"line":267},"19":{"name":"setupSpellTooltips","decl":{"start":{"line":300,"column":16},"end":{"line":300,"column":34}},"loc":{"start":{"line":300,"column":43},"end":{"line":392,"column":1}},"line":300},"20":{"name":"(anonymous_20)","decl":{"start":{"line":313,"column":28},"end":{"line":313,"column":29}},"loc":{"start":{"line":313,"column":34},"end":{"line":324,"column":9}},"line":313},"21":{"name":"(anonymous_21)","decl":{"start":{"line":326,"column":28},"end":{"line":326,"column":29}},"loc":{"start":{"line":326,"column":34},"end":{"line":328,"column":9}},"line":326},"22":{"name":"(anonymous_22)","decl":{"start":{"line":331,"column":43},"end":{"line":331,"column":44}},"loc":{"start":{"line":331,"column":48},"end":{"line":335,"column":9}},"line":331},"23":{"name":"(anonymous_23)","decl":{"start":{"line":336,"column":43},"end":{"line":336,"column":44}},"loc":{"start":{"line":336,"column":49},"end":{"line":340,"column":9}},"line":336},"24":{"name":"(anonymous_24)","decl":{"start":{"line":343,"column":43},"end":{"line":343,"column":44}},"loc":{"start":{"line":343,"column":48},"end":{"line":353,"column":9}},"line":343},"25":{"name":"(anonymous_25)","decl":{"start":{"line":349,"column":38},"end":{"line":349,"column":39}},"loc":{"start":{"line":349,"column":44},"end":{"line":352,"column":13}},"line":349},"26":{"name":"(anonymous_26)","decl":{"start":{"line":355,"column":42},"end":{"line":355,"column":43}},"loc":{"start":{"line":355,"column":47},"end":{"line":367,"column":9}},"line":355},"27":{"name":"(anonymous_27)","decl":{"start":{"line":369,"column":41},"end":{"line":369,"column":42}},"loc":{"start":{"line":369,"column":46},"end":{"line":382,"column":9}},"line":369},"28":{"name":"(anonymous_28)","decl":{"start":{"line":384,"column":44},"end":{"line":384,"column":45}},"loc":{"start":{"line":384,"column":49},"end":{"line":390,"column":9}},"line":384}},"branchMap":{"0":{"loc":{"start":{"line":9,"column":4},"end":{"line":9,"column":31}},"type":"if","locations":[{"start":{"line":9,"column":4},"end":{"line":9,"column":31}},{"start":{},"end":{}}],"line":9},"1":{"loc":{"start":{"line":33,"column":34},"end":{"line":33,"column":49}},"type":"default-arg","locations":[{"start":{"line":33,"column":45},"end":{"line":33,"column":49}}],"line":33},"2":{"loc":{"start":{"line":47,"column":4},"end":{"line":49,"column":5}},"type":"if","locations":[{"start":{"line":47,"column":4},"end":{"line":49,"column":5}},{"start":{},"end":{}}],"line":47},"3":{"loc":{"start":{"line":52,"column":4},"end":{"line":57,"column":5}},"type":"if","locations":[{"start":{"line":52,"column":4},"end":{"line":57,"column":5}},{"start":{"line":53,"column":9},"end":{"line":57,"column":5}}],"line":52},"4":{"loc":{"start":{"line":53,"column":9},"end":{"line":57,"column":5}},"type":"if","locations":[{"start":{"line":53,"column":9},"end":{"line":57,"column":5}},{"start":{"line":54,"column":9},"end":{"line":57,"column":5}}],"line":53},"5":{"loc":{"start":{"line":55,"column":8},"end":{"line":56,"column":58}},"type":"if","locations":[{"start":{"line":55,"column":8},"end":{"line":56,"column":58}},{"start":{"line":56,"column":13},"end":{"line":56,"column":58}}],"line":55},"6":{"loc":{"start":{"line":74,"column":4},"end":{"line":81,"column":5}},"type":"if","locations":[{"start":{"line":74,"column":4},"end":{"line":81,"column":5}},{"start":{"line":79,"column":11},"end":{"line":81,"column":5}}],"line":74},"7":{"loc":{"start":{"line":74,"column":8},"end":{"line":74,"column":85}},"type":"binary-expr","locations":[{"start":{"line":74,"column":8},"end":{"line":74,"column":17}},{"start":{"line":74,"column":21},"end":{"line":74,"column":34}},{"start":{"line":74,"column":38},"end":{"line":74,"column":51}},{"start":{"line":74,"column":55},"end":{"line":74,"column":68}},{"start":{"line":74,"column":72},"end":{"line":74,"column":85}}],"line":74},"8":{"loc":{"start":{"line":79,"column":11},"end":{"line":81,"column":5}},"type":"if","locations":[{"start":{"line":79,"column":11},"end":{"line":81,"column":5}},{"start":{},"end":{}}],"line":79},"9":{"loc":{"start":{"line":84,"column":4},"end":{"line":104,"column":5}},"type":"if","locations":[{"start":{"line":84,"column":4},"end":{"line":104,"column":5}},{"start":{},"end":{}}],"line":84},"10":{"loc":{"start":{"line":84,"column":8},"end":{"line":84,"column":87}},"type":"binary-expr","locations":[{"start":{"line":84,"column":8},"end":{"line":84,"column":20}},{"start":{"line":84,"column":24},"end":{"line":84,"column":41}},{"start":{"line":84,"column":45},"end":{"line":84,"column":62}},{"start":{"line":84,"column":66},"end":{"line":84,"column":87}}],"line":84},"11":{"loc":{"start":{"line":86,"column":52},"end":{"line":86,"column":89}},"type":"cond-expr","locations":[{"start":{"line":86,"column":84},"end":{"line":86,"column":85}},{"start":{"line":86,"column":88},"end":{"line":86,"column":89}}],"line":86},"12":{"loc":{"start":{"line":86,"column":52},"end":{"line":86,"column":81}},"type":"binary-expr","locations":[{"start":{"line":86,"column":52},"end":{"line":86,"column":61}},{"start":{"line":86,"column":65},"end":{"line":86,"column":81}}],"line":86},"13":{"loc":{"start":{"line":87,"column":50},"end":{"line":87,"column":67}},"type":"cond-expr","locations":[{"start":{"line":87,"column":62},"end":{"line":87,"column":63}},{"start":{"line":87,"column":66},"end":{"line":87,"column":67}}],"line":87},"14":{"loc":{"start":{"line":92,"column":8},"end":{"line":100,"column":9}},"type":"if","locations":[{"start":{"line":92,"column":8},"end":{"line":100,"column":9}},{"start":{"line":98,"column":15},"end":{"line":100,"column":9}}],"line":92},"15":{"loc":{"start":{"line":103,"column":8},"end":{"line":103,"column":60}},"type":"if","locations":[{"start":{"line":103,"column":8},"end":{"line":103,"column":60}},{"start":{},"end":{}}],"line":103},"16":{"loc":{"start":{"line":106,"column":29},"end":{"line":106,"column":118}},"type":"binary-expr","locations":[{"start":{"line":106,"column":29},"end":{"line":106,"column":37}},{"start":{"line":106,"column":41},"end":{"line":106,"column":52}},{"start":{"line":106,"column":56},"end":{"line":106,"column":80}},{"start":{"line":106,"column":84},"end":{"line":106,"column":106}},{"start":{"line":106,"column":110},"end":{"line":106,"column":118}}],"line":106},"17":{"loc":{"start":{"line":107,"column":4},"end":{"line":109,"column":5}},"type":"if","locations":[{"start":{"line":107,"column":4},"end":{"line":109,"column":5}},{"start":{},"end":{}}],"line":107},"18":{"loc":{"start":{"line":108,"column":39},"end":{"line":108,"column":128}},"type":"binary-expr","locations":[{"start":{"line":108,"column":39},"end":{"line":108,"column":47}},{"start":{"line":108,"column":51},"end":{"line":108,"column":62}},{"start":{"line":108,"column":66},"end":{"line":108,"column":90}},{"start":{"line":108,"column":94},"end":{"line":108,"column":116}},{"start":{"line":108,"column":120},"end":{"line":108,"column":128}}],"line":108},"19":{"loc":{"start":{"line":119,"column":8},"end":{"line":122,"column":9}},"type":"if","locations":[{"start":{"line":119,"column":8},"end":{"line":122,"column":9}},{"start":{},"end":{}}],"line":119},"20":{"loc":{"start":{"line":120,"column":32},"end":{"line":120,"column":86}},"type":"cond-expr","locations":[{"start":{"line":120,"column":61},"end":{"line":120,"column":77}},{"start":{"line":120,"column":80},"end":{"line":120,"column":86}}],"line":120},"21":{"loc":{"start":{"line":121,"column":35},"end":{"line":121,"column":97}},"type":"cond-expr","locations":[{"start":{"line":121,"column":64},"end":{"line":121,"column":88}},{"start":{"line":121,"column":91},"end":{"line":121,"column":97}}],"line":121},"22":{"loc":{"start":{"line":137,"column":8},"end":{"line":173,"column":9}},"type":"if","locations":[{"start":{"line":137,"column":8},"end":{"line":173,"column":9}},{"start":{},"end":{}}],"line":137},"23":{"loc":{"start":{"line":143,"column":16},"end":{"line":146,"column":17}},"type":"if","locations":[{"start":{"line":143,"column":16},"end":{"line":146,"column":17}},{"start":{},"end":{}}],"line":143},"24":{"loc":{"start":{"line":159,"column":16},"end":{"line":170,"column":17}},"type":"if","locations":[{"start":{"line":159,"column":16},"end":{"line":170,"column":17}},{"start":{},"end":{}}],"line":159},"25":{"loc":{"start":{"line":212,"column":4},"end":{"line":212,"column":24}},"type":"if","locations":[{"start":{"line":212,"column":4},"end":{"line":212,"column":24}},{"start":{},"end":{}}],"line":212},"26":{"loc":{"start":{"line":213,"column":4},"end":{"line":218,"column":41}},"type":"if","locations":[{"start":{"line":213,"column":4},"end":{"line":218,"column":41}},{"start":{"line":215,"column":9},"end":{"line":218,"column":41}}],"line":213},"27":{"loc":{"start":{"line":215,"column":9},"end":{"line":218,"column":41}},"type":"if","locations":[{"start":{"line":215,"column":9},"end":{"line":218,"column":41}},{"start":{"line":216,"column":9},"end":{"line":218,"column":41}}],"line":215},"28":{"loc":{"start":{"line":215,"column":13},"end":{"line":215,"column":52}},"type":"binary-expr","locations":[{"start":{"line":215,"column":13},"end":{"line":215,"column":37}},{"start":{"line":215,"column":41},"end":{"line":215,"column":52}}],"line":215},"29":{"loc":{"start":{"line":216,"column":9},"end":{"line":218,"column":41}},"type":"if","locations":[{"start":{"line":216,"column":9},"end":{"line":218,"column":41}},{"start":{"line":217,"column":9},"end":{"line":218,"column":41}}],"line":216},"30":{"loc":{"start":{"line":217,"column":9},"end":{"line":218,"column":41}},"type":"if","locations":[{"start":{"line":217,"column":9},"end":{"line":218,"column":41}},{"start":{"line":218,"column":9},"end":{"line":218,"column":41}}],"line":217},"31":{"loc":{"start":{"line":231,"column":4},"end":{"line":234,"column":5}},"type":"if","locations":[{"start":{"line":231,"column":4},"end":{"line":234,"column":5}},{"start":{},"end":{}}],"line":231},"32":{"loc":{"start":{"line":236,"column":4},"end":{"line":255,"column":5}},"type":"if","locations":[{"start":{"line":236,"column":4},"end":{"line":255,"column":5}},{"start":{},"end":{}}],"line":236},"33":{"loc":{"start":{"line":238,"column":12},"end":{"line":251,"column":13}},"type":"if","locations":[{"start":{"line":238,"column":12},"end":{"line":251,"column":13}},{"start":{"line":242,"column":19},"end":{"line":251,"column":13}}],"line":238},"34":{"loc":{"start":{"line":259,"column":4},"end":{"line":262,"column":5}},"type":"if","locations":[{"start":{"line":259,"column":4},"end":{"line":262,"column":5}},{"start":{},"end":{}}],"line":259},"35":{"loc":{"start":{"line":274,"column":4},"end":{"line":274,"column":78}},"type":"if","locations":[{"start":{"line":274,"column":4},"end":{"line":274,"column":78}},{"start":{},"end":{}}],"line":274},"36":{"loc":{"start":{"line":274,"column":8},"end":{"line":274,"column":69}},"type":"binary-expr","locations":[{"start":{"line":274,"column":8},"end":{"line":274,"column":17}},{"start":{"line":274,"column":21},"end":{"line":274,"column":28}},{"start":{"line":274,"column":32},"end":{"line":274,"column":40}},{"start":{"line":274,"column":44},"end":{"line":274,"column":54}},{"start":{"line":274,"column":58},"end":{"line":274,"column":69}}],"line":274},"37":{"loc":{"start":{"line":278,"column":27},"end":{"line":278,"column":64}},"type":"cond-expr","locations":[{"start":{"line":278,"column":41},"end":{"line":278,"column":55}},{"start":{"line":278,"column":58},"end":{"line":278,"column":64}}],"line":278},"38":{"loc":{"start":{"line":279,"column":30},"end":{"line":279,"column":61}},"type":"cond-expr","locations":[{"start":{"line":279,"column":44},"end":{"line":279,"column":52}},{"start":{"line":279,"column":55},"end":{"line":279,"column":61}}],"line":279},"39":{"loc":{"start":{"line":290,"column":4},"end":{"line":296,"column":5}},"type":"if","locations":[{"start":{"line":290,"column":4},"end":{"line":296,"column":5}},{"start":{"line":293,"column":11},"end":{"line":296,"column":5}}],"line":290},"40":{"loc":{"start":{"line":307,"column":8},"end":{"line":307,"column":27}},"type":"if","locations":[{"start":{"line":307,"column":8},"end":{"line":307,"column":27}},{"start":{},"end":{}}],"line":307},"41":{"loc":{"start":{"line":315,"column":156},"end":{"line":315,"column":228}},"type":"cond-expr","locations":[{"start":{"line":315,"column":172},"end":{"line":315,"column":184}},{"start":{"line":315,"column":187},"end":{"line":315,"column":228}}],"line":315},"42":{"loc":{"start":{"line":315,"column":187},"end":{"line":315,"column":228}},"type":"cond-expr","locations":[{"start":{"line":315,"column":204},"end":{"line":315,"column":213}},{"start":{"line":315,"column":216},"end":{"line":315,"column":228}}],"line":315},"43":{"loc":{"start":{"line":333,"column":12},"end":{"line":333,"column":66}},"type":"if","locations":[{"start":{"line":333,"column":12},"end":{"line":333,"column":66}},{"start":{},"end":{}}],"line":333},"44":{"loc":{"start":{"line":338,"column":12},"end":{"line":338,"column":66}},"type":"if","locations":[{"start":{"line":338,"column":12},"end":{"line":338,"column":66}},{"start":{},"end":{}}],"line":338},"45":{"loc":{"start":{"line":356,"column":12},"end":{"line":356,"column":38}},"type":"if","locations":[{"start":{"line":356,"column":12},"end":{"line":356,"column":38}},{"start":{},"end":{}}],"line":356},"46":{"loc":{"start":{"line":359,"column":12},"end":{"line":366,"column":13}},"type":"if","locations":[{"start":{"line":359,"column":12},"end":{"line":366,"column":13}},{"start":{},"end":{}}],"line":359},"47":{"loc":{"start":{"line":359,"column":16},"end":{"line":359,"column":114}},"type":"binary-expr","locations":[{"start":{"line":359,"column":16},"end":{"line":359,"column":63}},{"start":{"line":359,"column":67},"end":{"line":359,"column":114}}],"line":359},"48":{"loc":{"start":{"line":362,"column":16},"end":{"line":365,"column":17}},"type":"if","locations":[{"start":{"line":362,"column":16},"end":{"line":365,"column":17}},{"start":{},"end":{}}],"line":362},"49":{"loc":{"start":{"line":372,"column":12},"end":{"line":378,"column":13}},"type":"if","locations":[{"start":{"line":372,"column":12},"end":{"line":378,"column":13}},{"start":{},"end":{}}],"line":372},"50":{"loc":{"start":{"line":386,"column":12},"end":{"line":389,"column":13}},"type":"if","locations":[{"start":{"line":386,"column":12},"end":{"line":389,"column":13}},{"start":{},"end":{}}],"line":386}},"s":{"0":0,"1":0,"2":0,"3":0,"4":0,"5":0,"6":0,"7":0,"8":0,"9":0,"10":0,"11":0,"12":0,"13":0,"14":0,"15":0,"16":0,"17":0,"18":0,"19":0,"20":0,"21":0,"22":0,"23":0,"24":0,"25":0,"26":0,"27":0,"28":0,"29":0,"30":0,"31":0,"32":0,"33":0,"34":0,"35":0,"36":0,"37":0,"38":0,"39":0,"40":0,"41":0,"42":0,"43":0,"44":0,"45":0,"46":0,"47":0,"48":0,"49":0,"50":0,"51":0,"52":0,"53":0,"54":0,"55":0,"56":0,"57":0,"58":0,"59":0,"60":0,"61":0,"62":0,"63":0,"64":0,"65":0,"66":0,"67":0,"68":0,"69":0,"70":0,"71":0,"72":0,"73":0,"74":0,"75":0,"76":0,"77":0,"78":0,"79":0,"80":0,"81":0,"82":0,"83":0,"84":0,"85":0,"86":0,"87":0,"88":0,"89":0,"90":0,"91":0,"92":0,"93":0,"94":0,"95":0,"96":0,"97":0,"98":0,"99":0,"100":0,"101":0,"102":0,"103":0,"104":0,"105":0,"106":0,"107":0,"108":0,"109":0,"110":0,"111":0,"112":0,"113":0,"114":0,"115":0,"116":0,"117":0,"118":0,"119":0,"120":0,"121":0,"122":0,"123":0,"124":0,"125":0,"126":0,"127":0,"128":0,"129":0,"130":0,"131":0,"132":0,"133":0,"134":0,"135":0,"136":0,"137":0,"138":0,"139":0,"140":0,"141":0,"142":0,"143":0,"144":0,"145":0,"146":0,"147":0,"148":0,"149":0,"150":0,"151":0,"152":0,"153":0,"154":0,"155":0,"156":0,"157":0,"158":0,"159":0,"160":0,"161":0,"162":0,"163":0,"164":0,"165":0,"166":0,"167":0,"168":0,"169":0,"170":0,"171":0,"172":0,"173":0,"174":0,"175":0,"176":0,"177":0,"178":0,"179":0,"180":0,"181":0,"182":0,"183":0,"184":0,"185":0,"186":0,"187":0,"188":0,"189":0,"190":0,"191":0,"192":0,"193":0,"194":0,"195":0,"196":0},"f":{"0":0,"1":0,"2":0,"3":0,"4":0,"5":0,"6":0,"7":0,"8":0,"9":0,"10":0,"11":0,"12":0,"13":0,"14":0,"15":0,"16":0,"17":0,"18":0,"19":0,"20":0,"21":0,"22":0,"23":0,"24":0,"25":0,"26":0,"27":0,"28":0},"b":{"0":[0,0],"1":[0],"2":[0,0],"3":[0,0],"4":[0,0],"5":[0,0],"6":[0,0],"7":[0,0,0,0,0],"8":[0,0],"9":[0,0],"10":[0,0,0,0],"11":[0,0],"12":[0,0],"13":[0,0],"14":[0,0],"15":[0,0],"16":[0,0,0,0,0],"17":[0,0],"18":[0,0,0,0,0],"19":[0,0],"20":[0,0],"21":[0,0],"22":[0,0],"23":[0,0],"24":[0,0],"25":[0,0],"26":[0,0],"27":[0,0],"28":[0,0],"29":[0,0],"30":[0,0],"31":[0,0],"32":[0,0],"33":[0,0],"34":[0,0],"35":[0,0],"36":[0,0,0,0,0],"37":[0,0],"38":[0,0],"39":[0,0],"40":[0,0],"41":[0,0],"42":[0,0],"43":[0,0],"44":[0,0],"45":[0,0],"46":[0,0],"47":[0,0],"48":[0,0],"49":[0,0],"50":[0,0]},"inputSourceMap":null}
}
