TN:
SF:ai.js
FN:15,computesheepPlan
FN:16,(anonymous_1)
FN:17,(anonymous_2)
FN:28,(anonymous_3)
FN:67,sheepAI
FN:69,(anonymous_5)
FN:78,(anonymous_6)
FN:87,(anonymous_7)
FN:94,(anonymous_8)
FN:125,(anonymous_9)
FN:131,(anonymous_10)
FN:144,(anonymous_11)
FN:152,computeBossPlan
FN:153,(anonymous_13)
FN:154,(anonymous_14)
FN:161,(anonymous_15)
FN:178,(anonymous_16)
FN:193,bossAI
FN:194,(anonymous_18)
FN:209,(anonymous_19)
FN:210,(anonymous_20)
FN:215,(anonymous_21)
FN:226,(anonymous_22)
FN:234,(anonymous_23)
FN:240,(anonymous_24)
FN:249,(anonymous_25)
FN:257,(anonymous_26)
FN:263,(anonymous_27)
FN:286,computesheepistNoirPlan
FN:287,(anonymous_29)
FN:288,(anonymous_30)
FN:291,(anonymous_31)
FN:292,(anonymous_32)
FN:335,(anonymous_33)
FN:336,(anonymous_34)
FN:358,(anonymous_35)
FN:370,findBestMoveTarget
FN:387,(anonymous_37)
FN:416,sheepistNoirAI
FN:418,(anonymous_39)
FN:419,(anonymous_40)
FN:420,(anonymous_41)
FN:475,(anonymous_42)
FN:487,(anonymous_43)
FN:501,computeChefPlan
FN:503,(anonymous_45)
FN:505,(anonymous_46)
FN:506,(anonymous_47)
FN:513,(anonymous_48)
FN:522,(anonymous_49)
FN:570,(anonymous_50)
FN:580,(anonymous_51)
FN:659,chefDeGuerreAI
FN:661,(anonymous_53)
FN:678,(anonymous_54)
FN:682,(anonymous_55)
FN:687,(anonymous_56)
FN:690,(anonymous_57)
FN:697,(anonymous_58)
FN:700,(anonymous_59)
FN:707,(anonymous_60)
FN:744,(anonymous_61)
FN:768,(anonymous_62)
FN:793,(anonymous_63)
FN:808,(anonymous_64)
FNF:65
FNH:24
FNDA:7,computesheepPlan
FNDA:17,(anonymous_1)
FNDA:7,(anonymous_2)
FNDA:88,(anonymous_3)
FNDA:0,sheepAI
FNDA:0,(anonymous_5)
FNDA:0,(anonymous_6)
FNDA:0,(anonymous_7)
FNDA:0,(anonymous_8)
FNDA:0,(anonymous_9)
FNDA:0,(anonymous_10)
FNDA:0,(anonymous_11)
FNDA:3,computeBossPlan
FNDA:9,(anonymous_13)
FNDA:3,(anonymous_14)
FNDA:238,(anonymous_15)
FNDA:15,(anonymous_16)
FNDA:0,bossAI
FNDA:0,(anonymous_18)
FNDA:0,(anonymous_19)
FNDA:0,(anonymous_20)
FNDA:0,(anonymous_21)
FNDA:0,(anonymous_22)
FNDA:0,(anonymous_23)
FNDA:0,(anonymous_24)
FNDA:0,(anonymous_25)
FNDA:0,(anonymous_26)
FNDA:0,(anonymous_27)
FNDA:2,computesheepistNoirPlan
FNDA:5,(anonymous_29)
FNDA:3,(anonymous_30)
FNDA:6,(anonymous_31)
FNDA:7,(anonymous_32)
FNDA:1,(anonymous_33)
FNDA:0,(anonymous_34)
FNDA:1,(anonymous_35)
FNDA:2,findBestMoveTarget
FNDA:1112,(anonymous_37)
FNDA:0,sheepistNoirAI
FNDA:0,(anonymous_39)
FNDA:0,(anonymous_40)
FNDA:0,(anonymous_41)
FNDA:0,(anonymous_42)
FNDA:0,(anonymous_43)
FNDA:2,computeChefPlan
FNDA:2,(anonymous_45)
FNDA:6,(anonymous_46)
FNDA:6,(anonymous_47)
FNDA:10,(anonymous_48)
FNDA:0,(anonymous_49)
FNDA:0,(anonymous_50)
FNDA:2,(anonymous_51)
FNDA:0,chefDeGuerreAI
FNDA:0,(anonymous_53)
FNDA:0,(anonymous_54)
FNDA:0,(anonymous_55)
FNDA:0,(anonymous_56)
FNDA:0,(anonymous_57)
FNDA:0,(anonymous_58)
FNDA:0,(anonymous_59)
FNDA:0,(anonymous_60)
FNDA:0,(anonymous_61)
FNDA:0,(anonymous_62)
FNDA:0,(anonymous_63)
FNDA:0,(anonymous_64)
DA:16,17
DA:17,7
DA:18,7
DA:21,5
DA:22,4
DA:23,4
DA:24,1
DA:28,3
DA:30,88
DA:32,64
DA:34,3
DA:36,3
DA:37,3
DA:38,3
DA:40,2
DA:41,2
DA:42,2
DA:46,3
DA:47,3
DA:48,2
DA:49,2
DA:50,2
DA:53,3
DA:68,0
DA:69,0
DA:71,0
DA:72,0
DA:73,0
DA:74,0
DA:77,0
DA:78,0
DA:81,0
DA:82,0
DA:83,0
DA:84,0
DA:85,0
DA:86,0
DA:87,0
DA:92,0
DA:93,0
DA:94,0
DA:95,0
DA:97,0
DA:99,0
DA:101,0
DA:103,0
DA:104,0
DA:105,0
DA:108,0
DA:109,0
DA:112,0
DA:113,0
DA:114,0
DA:115,0
DA:118,0
DA:119,0
DA:122,0
DA:123,0
DA:124,0
DA:125,0
DA:126,0
DA:127,0
DA:128,0
DA:129,0
DA:130,0
DA:131,0
DA:138,0
DA:139,0
DA:140,0
DA:141,0
DA:142,0
DA:144,0
DA:147,0
DA:148,0
DA:153,9
DA:154,3
DA:155,3
DA:157,3
DA:158,3
DA:161,3
DA:162,238
DA:164,183
DA:166,3
DA:168,3
DA:169,3
DA:170,3
DA:171,3
DA:174,3
DA:175,3
DA:178,15
DA:179,3
DA:180,3
DA:181,3
DA:182,3
DA:183,3
DA:184,3
DA:185,3
DA:186,3
DA:189,3
DA:194,0
DA:195,0
DA:198,0
DA:199,0
DA:201,0
DA:202,0
DA:203,0
DA:206,0
DA:207,0
DA:209,0
DA:210,0
DA:211,0
DA:212,0
DA:214,0
DA:215,0
DA:220,0
DA:221,0
DA:222,0
DA:223,0
DA:224,0
DA:225,0
DA:226,0
DA:227,0
DA:232,0
DA:233,0
DA:234,0
DA:235,0
DA:236,0
DA:237,0
DA:238,0
DA:239,0
DA:240,0
DA:241,0
DA:245,0
DA:246,0
DA:247,0
DA:248,0
DA:249,0
DA:250,0
DA:255,0
DA:256,0
DA:257,0
DA:258,0
DA:259,0
DA:260,0
DA:261,0
DA:262,0
DA:263,0
DA:264,0
DA:268,0
DA:269,0
DA:272,0
DA:273,0
DA:287,5
DA:288,3
DA:289,2
DA:291,6
DA:292,7
DA:294,1
DA:297,1
DA:299,1
DA:300,1
DA:301,1
DA:302,1
DA:303,0
DA:309,1
DA:310,1
DA:311,1
DA:312,1
DA:313,0
DA:318,1
DA:320,1
DA:321,1
DA:322,1
DA:323,1
DA:327,1
DA:328,1
DA:329,1
DA:330,1
DA:335,1
DA:336,0
DA:337,0
DA:339,0
DA:342,0
DA:343,0
DA:344,0
DA:345,0
DA:346,0
DA:347,0
DA:348,0
DA:350,0
DA:351,0
DA:358,1
DA:359,1
DA:360,1
DA:361,1
DA:362,1
DA:366,1
DA:371,2
DA:372,2
DA:373,2
DA:375,2
DA:376,26
DA:377,338
DA:378,168
DA:379,168
DA:381,168
DA:383,58
DA:384,58
DA:386,58
DA:387,1112
DA:389,32
DA:390,32
DA:391,32
DA:392,32
DA:393,11
DA:394,11
DA:395,11
DA:401,2
DA:417,0
DA:418,0
DA:419,0
DA:420,0
DA:422,0
DA:423,0
DA:424,0
DA:425,0
DA:427,0
DA:428,0
DA:429,0
DA:430,0
DA:433,0
DA:434,0
DA:435,0
DA:436,0
DA:437,0
DA:439,0
DA:440,0
DA:441,0
DA:444,0
DA:447,0
DA:448,0
DA:449,0
DA:450,0
DA:451,0
DA:452,0
DA:454,0
DA:455,0
DA:456,0
DA:457,0
DA:458,0
DA:460,0
DA:461,0
DA:464,0
DA:465,0
DA:466,0
DA:467,0
DA:468,0
DA:471,0
DA:472,0
DA:474,0
DA:475,0
DA:476,0
DA:477,0
DA:478,0
DA:479,0
DA:480,0
DA:482,0
DA:486,0
DA:487,0
DA:491,0
DA:492,0
DA:493,0
DA:502,2
DA:503,2
DA:505,6
DA:506,6
DA:513,2
DA:515,10
DA:519,2
DA:521,2
DA:522,2
DA:523,0
DA:524,0
DA:529,2
DA:530,2
DA:531,2
DA:534,2
DA:536,2
DA:537,2
DA:539,2
DA:541,2
DA:547,2
DA:548,2
DA:550,2
DA:551,0
DA:552,0
DA:554,0
DA:555,0
DA:556,0
DA:558,0
DA:559,0
DA:560,0
DA:568,0
DA:570,0
DA:571,0
DA:580,2
DA:581,0
DA:582,0
DA:584,0
DA:585,0
DA:587,0
DA:588,0
DA:589,0
DA:590,0
DA:592,0
DA:593,0
DA:595,0
DA:596,0
DA:598,0
DA:600,0
DA:601,0
DA:602,0
DA:608,0
DA:609,0
DA:611,0
DA:612,0
DA:614,0
DA:615,0
DA:616,0
DA:623,0
DA:624,0
DA:627,0
DA:632,0
DA:633,0
DA:634,0
DA:639,2
DA:641,0
DA:642,0
DA:643,0
DA:644,0
DA:645,0
DA:646,0
DA:647,0
DA:648,0
DA:653,2
DA:660,0
DA:661,0
DA:662,0
DA:664,0
DA:665,0
DA:666,0
DA:667,0
DA:669,0
DA:670,0
DA:671,0
DA:675,0
DA:678,0
DA:681,0
DA:682,0
DA:686,0
DA:687,0
DA:688,0
DA:690,0
DA:691,0
DA:696,0
DA:697,0
DA:699,0
DA:700,0
DA:701,0
DA:706,0
DA:707,0
DA:711,0
DA:713,0
DA:716,0
DA:717,0
DA:719,0
DA:720,0
DA:721,0
DA:723,0
DA:725,0
DA:726,0
DA:728,0
DA:730,0
DA:731,0
DA:732,0
DA:734,0
DA:735,0
DA:737,0
DA:738,0
DA:740,0
DA:742,0
DA:743,0
DA:744,0
DA:745,0
DA:746,0
DA:748,0
DA:751,0
DA:752,0
DA:753,0
DA:755,0
DA:757,0
DA:761,0
DA:762,0
DA:764,0
DA:766,0
DA:767,0
DA:768,0
DA:769,0
DA:770,0
DA:772,0
DA:775,0
DA:776,0
DA:777,0
DA:779,0
DA:780,0
DA:782,0
DA:786,0
DA:787,0
DA:789,0
DA:791,0
DA:792,0
DA:793,0
DA:794,0
DA:795,0
DA:797,0
DA:799,0
DA:800,0
DA:804,0
DA:805,0
DA:806,0
DA:808,0
DA:811,0
DA:812,0
LF:433
LH:123
BRDA:15,0,0,0
BRDA:16,1,0,17
BRDA:16,1,1,12
BRDA:18,2,0,2
BRDA:18,2,1,5
BRDA:22,3,0,4
BRDA:22,3,1,1
BRDA:23,4,0,1
BRDA:23,4,1,3
BRDA:30,5,0,24
BRDA:30,5,1,64
BRDA:30,6,0,88
BRDA:30,6,1,34
BRDA:34,7,0,3
BRDA:34,7,1,1
BRDA:38,8,0,2
BRDA:38,8,1,1
BRDA:47,9,0,2
BRDA:47,9,1,1
BRDA:50,10,0,2
BRDA:50,10,1,0
BRDA:67,11,0,0
BRDA:71,12,0,0
BRDA:71,12,1,0
BRDA:71,13,0,0
BRDA:71,13,1,0
BRDA:73,14,0,0
BRDA:73,14,1,0
BRDA:78,15,0,0
BRDA:78,15,1,0
BRDA:82,16,0,0
BRDA:82,16,1,0
BRDA:82,17,0,0
BRDA:82,17,1,0
BRDA:93,18,0,0
BRDA:93,18,1,0
BRDA:93,19,0,0
BRDA:93,19,1,0
BRDA:95,20,0,0
BRDA:95,20,1,0
BRDA:95,21,0,0
BRDA:95,21,1,0
BRDA:99,22,0,0
BRDA:99,22,1,0
BRDA:101,23,0,0
BRDA:101,23,1,0
BRDA:104,24,0,0
BRDA:104,24,1,0
BRDA:112,25,0,0
BRDA:112,25,1,0
BRDA:114,26,0,0
BRDA:114,26,1,0
BRDA:114,27,0,0
BRDA:114,27,1,0
BRDA:122,28,0,0
BRDA:122,28,1,0
BRDA:139,29,0,0
BRDA:139,29,1,0
BRDA:139,30,0,0
BRDA:139,30,1,0
BRDA:139,30,2,0
BRDA:148,31,0,0
BRDA:148,31,1,0
BRDA:152,32,0,0
BRDA:153,33,0,9
BRDA:153,33,1,6
BRDA:155,34,0,0
BRDA:155,34,1,3
BRDA:158,35,0,3
BRDA:158,35,1,1
BRDA:162,36,0,55
BRDA:162,36,1,183
BRDA:162,37,0,238
BRDA:162,37,1,77
BRDA:166,38,0,3
BRDA:166,38,1,0
BRDA:169,39,0,3
BRDA:169,39,1,0
BRDA:174,40,0,3
BRDA:174,40,1,0
BRDA:175,41,0,3
BRDA:175,41,1,1
BRDA:178,42,0,15
BRDA:178,42,1,6
BRDA:180,43,0,3
BRDA:180,43,1,0
BRDA:180,44,0,3
BRDA:180,44,1,3
BRDA:184,45,0,3
BRDA:184,45,1,0
BRDA:184,46,0,3
BRDA:184,46,1,3
BRDA:193,47,0,0
BRDA:195,48,0,0
BRDA:195,48,1,0
BRDA:195,49,0,0
BRDA:195,49,1,0
BRDA:199,50,0,0
BRDA:199,50,1,0
BRDA:201,51,0,0
BRDA:201,51,1,0
BRDA:209,52,0,0
BRDA:209,52,1,0
BRDA:210,53,0,0
BRDA:210,53,1,0
BRDA:211,54,0,0
BRDA:211,54,1,0
BRDA:212,55,0,0
BRDA:212,55,1,0
BRDA:215,56,0,0
BRDA:215,56,1,0
BRDA:215,56,2,0
BRDA:215,57,0,0
BRDA:215,57,1,0
BRDA:220,58,0,0
BRDA:220,58,1,0
BRDA:220,59,0,0
BRDA:220,59,1,0
BRDA:232,60,0,0
BRDA:232,60,1,0
BRDA:232,61,0,0
BRDA:232,61,1,0
BRDA:232,61,2,0
BRDA:232,61,3,0
BRDA:245,62,0,0
BRDA:245,62,1,0
BRDA:245,63,0,0
BRDA:245,63,1,0
BRDA:255,64,0,0
BRDA:255,64,1,0
BRDA:255,65,0,0
BRDA:255,65,1,0
BRDA:273,66,0,0
BRDA:273,66,1,0
BRDA:287,67,0,5
BRDA:287,67,1,4
BRDA:289,68,0,1
BRDA:289,68,1,1
BRDA:297,69,0,1
BRDA:297,69,1,0
BRDA:297,70,0,1
BRDA:297,70,1,1
BRDA:297,70,2,1
BRDA:299,71,0,1
BRDA:299,71,1,0
BRDA:299,72,0,1
BRDA:299,72,1,1
BRDA:302,73,0,0
BRDA:302,73,1,1
BRDA:302,74,0,1
BRDA:302,74,1,0
BRDA:309,75,0,1
BRDA:309,75,1,0
BRDA:309,76,0,1
BRDA:309,76,1,1
BRDA:312,77,0,0
BRDA:312,77,1,1
BRDA:312,78,0,1
BRDA:312,78,1,0
BRDA:318,79,0,1
BRDA:318,79,1,0
BRDA:320,80,0,1
BRDA:320,80,1,0
BRDA:320,81,0,1
BRDA:320,81,1,1
BRDA:320,81,2,1
BRDA:320,81,3,1
BRDA:320,81,4,1
BRDA:322,82,0,1
BRDA:322,82,1,0
BRDA:327,83,0,1
BRDA:327,83,1,0
BRDA:327,84,0,1
BRDA:327,84,1,1
BRDA:329,85,0,1
BRDA:329,85,1,0
BRDA:335,86,0,0
BRDA:335,86,1,1
BRDA:337,87,0,0
BRDA:337,87,1,0
BRDA:337,88,0,0
BRDA:337,88,1,0
BRDA:343,89,0,0
BRDA:343,89,1,0
BRDA:343,90,0,0
BRDA:343,90,1,0
BRDA:346,91,0,0
BRDA:346,91,1,0
BRDA:350,92,0,0
BRDA:350,92,1,0
BRDA:360,93,0,1
BRDA:360,93,1,0
BRDA:361,94,0,1
BRDA:361,94,1,0
BRDA:362,95,0,1
BRDA:362,95,1,0
BRDA:362,96,0,1
BRDA:362,96,1,0
BRDA:377,97,0,170
BRDA:377,97,1,168
BRDA:377,98,0,338
BRDA:377,98,1,170
BRDA:377,98,2,26
BRDA:381,99,0,110
BRDA:381,99,1,58
BRDA:386,100,0,32
BRDA:386,100,1,26
BRDA:386,101,0,58
BRDA:386,101,1,32
BRDA:390,102,0,32
BRDA:390,102,1,0
BRDA:390,103,0,32
BRDA:390,103,1,32
BRDA:392,104,0,11
BRDA:392,104,1,21
BRDA:392,105,0,32
BRDA:392,105,1,23
BRDA:392,105,2,7
BRDA:422,106,0,0
BRDA:422,106,1,0
BRDA:422,107,0,0
BRDA:422,107,1,0
BRDA:424,108,0,0
BRDA:424,108,1,0
BRDA:427,109,0,0
BRDA:427,109,1,0
BRDA:427,110,0,0
BRDA:427,110,1,0
BRDA:429,111,0,0
BRDA:429,111,1,0
BRDA:437,112,0,0
BRDA:437,112,1,0
BRDA:439,113,0,0
BRDA:439,113,1,0
BRDA:447,114,0,0
BRDA:447,114,1,0
BRDA:447,115,0,0
BRDA:447,115,1,0
BRDA:447,115,2,0
BRDA:454,116,0,0
BRDA:454,116,1,0
BRDA:454,117,0,0
BRDA:454,117,1,0
BRDA:460,118,0,0
BRDA:460,118,1,0
BRDA:460,119,0,0
BRDA:460,119,1,0
BRDA:460,119,2,0
BRDA:465,120,0,0
BRDA:465,120,1,0
BRDA:467,121,0,0
BRDA:467,121,1,0
BRDA:467,122,0,0
BRDA:467,122,1,0
BRDA:474,123,0,0
BRDA:474,123,1,0
BRDA:486,124,0,0
BRDA:486,124,1,0
BRDA:493,125,0,0
BRDA:493,125,1,0
BRDA:505,126,0,6
BRDA:505,126,1,4
BRDA:505,126,2,2
BRDA:506,127,0,6
BRDA:506,127,1,4
BRDA:519,128,0,2
BRDA:519,128,1,0
BRDA:522,129,0,0
BRDA:522,129,1,2
BRDA:522,130,0,2
BRDA:522,130,1,2
BRDA:522,131,0,0
BRDA:522,131,1,0
BRDA:531,132,0,2
BRDA:531,132,1,0
BRDA:531,133,0,2
BRDA:531,133,1,2
BRDA:539,134,0,2
BRDA:539,134,1,0
BRDA:539,135,0,2
BRDA:539,135,1,2
BRDA:547,136,0,2
BRDA:547,136,1,0
BRDA:547,137,0,2
BRDA:547,137,1,2
BRDA:550,138,0,0
BRDA:550,138,1,2
BRDA:550,139,0,2
BRDA:550,139,1,0
BRDA:554,140,0,0
BRDA:554,140,1,0
BRDA:558,141,0,0
BRDA:558,141,1,0
BRDA:570,142,0,0
BRDA:570,142,1,0
BRDA:580,143,0,0
BRDA:580,143,1,2
BRDA:580,144,0,2
BRDA:580,144,1,2
BRDA:580,144,2,2
BRDA:598,145,0,0
BRDA:598,145,1,0
BRDA:598,146,0,0
BRDA:598,146,1,0
BRDA:600,147,0,0
BRDA:600,147,1,0
BRDA:608,148,0,0
BRDA:608,148,1,0
BRDA:612,149,0,0
BRDA:612,149,1,0
BRDA:614,150,0,0
BRDA:614,150,1,0
BRDA:614,151,0,0
BRDA:614,151,1,0
BRDA:623,152,0,0
BRDA:623,152,1,0
BRDA:623,153,0,0
BRDA:623,153,1,0
BRDA:627,154,0,0
BRDA:627,154,1,0
BRDA:632,155,0,0
BRDA:632,155,1,0
BRDA:639,156,0,0
BRDA:639,156,1,2
BRDA:639,157,0,2
BRDA:639,157,1,2
BRDA:643,158,0,0
BRDA:643,158,1,0
BRDA:643,159,0,0
BRDA:643,159,1,0
BRDA:645,160,0,0
BRDA:645,160,1,0
BRDA:664,161,0,0
BRDA:664,161,1,0
BRDA:664,161,2,0
BRDA:669,162,0,0
BRDA:669,162,1,0
BRDA:681,163,0,0
BRDA:681,163,1,0
BRDA:686,164,0,0
BRDA:686,164,1,0
BRDA:688,165,0,0
BRDA:688,165,1,0
BRDA:696,166,0,0
BRDA:696,166,1,0
BRDA:699,167,0,0
BRDA:699,167,1,0
BRDA:706,168,0,0
BRDA:706,168,1,0
BRDA:711,169,0,0
BRDA:711,169,1,0
BRDA:711,170,0,0
BRDA:711,170,1,0
BRDA:717,171,0,0
BRDA:717,171,1,0
BRDA:719,172,0,0
BRDA:719,172,1,0
BRDA:728,173,0,0
BRDA:728,173,1,0
BRDA:730,174,0,0
BRDA:730,174,1,0
BRDA:740,175,0,0
BRDA:740,175,1,0
BRDA:742,176,0,0
BRDA:742,176,1,0
BRDA:751,177,0,0
BRDA:751,177,1,0
BRDA:764,178,0,0
BRDA:764,178,1,0
BRDA:766,179,0,0
BRDA:766,179,1,0
BRDA:775,180,0,0
BRDA:775,180,1,0
BRDA:789,181,0,0
BRDA:789,181,1,0
BRDA:791,182,0,0
BRDA:791,182,1,0
BRDA:804,183,0,0
BRDA:804,183,1,0
BRDA:812,184,0,0
BRDA:812,184,1,0
BRF:381
BRH:122
end_of_record
TN:
SF:constants.js
FNF:0
FNH:0
DA:7,8
DA:8,8
DA:9,8
DA:12,8
DA:22,8
DA:30,8
DA:38,8
DA:46,8
DA:57,8
DA:65,8
DA:73,8
DA:81,8
DA:88,8
DA:115,8
DA:127,8
DA:129,8
DA:134,8
DA:144,8
LF:18
LH:18
BRDA:127,0,0,8
BRDA:127,0,1,8
BRF:2
BRH:2
end_of_record
TN:
SF:draw.js
FN:16,drawParticleTrail
FN:61,drawGlowEffect
FN:106,hexToRgb
FN:134,drawStar
FN:354,get_noise
FN:363,loadImage
FN:369,(anonymous_6)
FN:373,(anonymous_7)
FN:385,drawTile
FN:696,drawGrid
FN:713,(anonymous_10)
FN:738,(anonymous_11)
FN:746,(anonymous_12)
FN:753,(anonymous_13)
FN:768,(anonymous_14)
FN:772,(anonymous_15)
FN:799,(anonymous_16)
FN:935,(anonymous_17)
FN:967,(anonymous_18)
FN:977,(anonymous_19)
FN:989,drawPortals
FN:1002,(anonymous_21)
FN:1064,drawEntity
FN:1299,drawProjectiles
FN:1302,(anonymous_24)
FN:1411,drawStarProjectile
FN:1441,drawOrbProjectile
FN:1513,drawArrowProjectile
FN:1575,drawFireballProjectile
FN:1641,drawMudProjectile
FN:1721,drawDarkOrbProjectile
FN:1817,(anonymous_31)
FN:1831,drawDamageAnimations
FN:1897,drawBackground
FN:1908,drawEndGameOverlay
FN:1928,drawEntitiesSorted
FN:1929,(anonymous_36)
FN:1930,(anonymous_37)
FN:1934,drawBuffAnimations
FN:1944,(anonymous_39)
FNF:40
FNH:0
FNDA:0,drawParticleTrail
FNDA:0,drawGlowEffect
FNDA:0,hexToRgb
FNDA:0,drawStar
FNDA:0,get_noise
FNDA:0,loadImage
FNDA:0,(anonymous_6)
FNDA:0,(anonymous_7)
FNDA:0,drawTile
FNDA:0,drawGrid
FNDA:0,(anonymous_10)
FNDA:0,(anonymous_11)
FNDA:0,(anonymous_12)
FNDA:0,(anonymous_13)
FNDA:0,(anonymous_14)
FNDA:0,(anonymous_15)
FNDA:0,(anonymous_16)
FNDA:0,(anonymous_17)
FNDA:0,(anonymous_18)
FNDA:0,(anonymous_19)
FNDA:0,drawPortals
FNDA:0,(anonymous_21)
FNDA:0,drawEntity
FNDA:0,drawProjectiles
FNDA:0,(anonymous_24)
FNDA:0,drawStarProjectile
FNDA:0,drawOrbProjectile
FNDA:0,drawArrowProjectile
FNDA:0,drawFireballProjectile
FNDA:0,drawMudProjectile
FNDA:0,drawDarkOrbProjectile
FNDA:0,(anonymous_31)
FNDA:0,drawDamageAnimations
FNDA:0,drawBackground
FNDA:0,drawEndGameOverlay
FNDA:0,drawEntitiesSorted
FNDA:0,(anonymous_36)
FNDA:0,(anonymous_37)
FNDA:0,drawBuffAnimations
FNDA:0,(anonymous_39)
DA:27,0
DA:28,0
DA:30,0
DA:31,0
DA:32,0
DA:34,0
DA:35,0
DA:36,0
DA:37,0
DA:40,0
DA:41,0
DA:43,0
DA:44,0
DA:45,0
DA:46,0
DA:49,0
DA:68,0
DA:69,0
DA:71,0
DA:73,0
DA:74,0
DA:75,0
DA:77,0
DA:78,0
DA:80,0
DA:81,0
DA:85,0
DA:86,0
DA:87,0
DA:89,0
DA:90,0
DA:93,0
DA:94,0
DA:95,0
DA:98,0
DA:108,0
DA:112,0
DA:113,0
DA:114,0
DA:115,0
DA:117,0
DA:118,0
DA:119,0
DA:122,0
DA:141,0
DA:142,0
DA:143,0
DA:145,0
DA:146,0
DA:148,0
DA:150,0
DA:151,0
DA:152,0
DA:154,0
DA:155,0
DA:157,0
DA:161,0
DA:163,0
DA:164,0
DA:165,0
DA:168,0
DA:169,0
DA:170,0
DA:171,0
DA:174,0
DA:180,0
DA:348,0
DA:349,0
DA:350,0
DA:351,0
DA:355,0
DA:356,0
DA:357,0
DA:362,0
DA:364,0
DA:365,0
DA:369,0
DA:370,0
DA:371,0
DA:373,0
DA:374,0
DA:376,0
DA:378,0
DA:380,0
DA:386,0
DA:388,0
DA:389,0
DA:392,0
DA:393,0
DA:394,0
DA:395,0
DA:396,0
DA:397,0
DA:400,0
DA:402,0
DA:403,0
DA:404,0
DA:405,0
DA:406,0
DA:407,0
DA:410,0
DA:411,0
DA:412,0
DA:414,0
DA:415,0
DA:416,0
DA:417,0
DA:418,0
DA:419,0
DA:420,0
DA:421,0
DA:426,0
DA:427,0
DA:428,0
DA:429,0
DA:431,0
DA:433,0
DA:434,0
DA:435,0
DA:436,0
DA:437,0
DA:438,0
DA:439,0
DA:442,0
DA:445,0
DA:449,0
DA:450,0
DA:451,0
DA:453,0
DA:454,0
DA:456,0
DA:457,0
DA:458,0
DA:461,0
DA:464,0
DA:465,0
DA:466,0
DA:467,0
DA:469,0
DA:470,0
DA:471,0
DA:473,0
DA:474,0
DA:477,0
DA:478,0
DA:479,0
DA:480,0
DA:481,0
DA:482,0
DA:483,0
DA:486,0
DA:487,0
DA:488,0
DA:489,0
DA:490,0
DA:491,0
DA:492,0
DA:493,0
DA:494,0
DA:495,0
DA:496,0
DA:498,0
DA:499,0
DA:500,0
DA:501,0
DA:502,0
DA:503,0
DA:504,0
DA:505,0
DA:506,0
DA:507,0
DA:508,0
DA:511,0
DA:512,0
DA:513,0
DA:514,0
DA:515,0
DA:516,0
DA:517,0
DA:518,0
DA:521,0
DA:522,0
DA:523,0
DA:525,0
DA:526,0
DA:527,0
DA:528,0
DA:530,0
DA:535,0
DA:536,0
DA:539,0
DA:540,0
DA:541,0
DA:542,0
DA:543,0
DA:546,0
DA:547,0
DA:548,0
DA:549,0
DA:550,0
DA:551,0
DA:552,0
DA:554,0
DA:555,0
DA:556,0
DA:557,0
DA:558,0
DA:559,0
DA:560,0
DA:564,0
DA:565,0
DA:566,0
DA:567,0
DA:568,0
DA:571,0
DA:572,0
DA:573,0
DA:576,0
DA:577,0
DA:578,0
DA:579,0
DA:580,0
DA:581,0
DA:582,0
DA:583,0
DA:584,0
DA:585,0
DA:588,0
DA:589,0
DA:590,0
DA:591,0
DA:592,0
DA:593,0
DA:594,0
DA:595,0
DA:596,0
DA:597,0
DA:601,0
DA:604,0
DA:605,0
DA:606,0
DA:610,0
DA:611,0
DA:612,0
DA:614,0
DA:615,0
DA:616,0
DA:617,0
DA:618,0
DA:619,0
DA:621,0
DA:622,0
DA:623,0
DA:624,0
DA:625,0
DA:627,0
DA:628,0
DA:629,0
DA:630,0
DA:631,0
DA:632,0
DA:634,0
DA:635,0
DA:636,0
DA:637,0
DA:638,0
DA:643,0
DA:644,0
DA:645,0
DA:646,0
DA:649,0
DA:650,0
DA:652,0
DA:654,0
DA:657,0
DA:658,0
DA:663,0
DA:664,0
DA:665,0
DA:666,0
DA:671,0
DA:672,0
DA:673,0
DA:675,0
DA:677,0
DA:679,0
DA:680,0
DA:681,0
DA:682,0
DA:689,0
DA:692,0
DA:711,0
DA:712,0
DA:713,0
DA:714,0
DA:715,0
DA:716,0
DA:717,0
DA:718,0
DA:719,0
DA:724,0
DA:725,0
DA:726,0
DA:729,0
DA:730,0
DA:731,0
DA:732,0
DA:734,0
DA:735,0
DA:738,0
DA:740,0
DA:741,0
DA:743,0
DA:744,0
DA:746,0
DA:748,0
DA:749,0
DA:753,0
DA:754,0
DA:755,0
DA:759,0
DA:760,0
DA:761,0
DA:766,0
DA:767,0
DA:768,0
DA:770,0
DA:771,0
DA:772,0
DA:774,0
DA:775,0
DA:776,0
DA:777,0
DA:778,0
DA:783,0
DA:797,0
DA:799,0
DA:800,0
DA:801,0
DA:804,0
DA:805,0
DA:808,0
DA:809,0
DA:810,0
DA:811,0
DA:814,0
DA:818,0
DA:819,0
DA:820,0
DA:822,0
DA:823,0
DA:825,0
DA:826,0
DA:828,0
DA:832,0
DA:833,0
DA:835,0
DA:836,0
DA:837,0
DA:838,0
DA:842,0
DA:844,0
DA:845,0
DA:848,0
DA:850,0
DA:851,0
DA:852,0
DA:853,0
DA:856,0
DA:858,0
DA:859,0
DA:860,0
DA:862,0
DA:865,0
DA:866,0
DA:868,0
DA:869,0
DA:870,0
DA:874,0
DA:875,0
DA:876,0
DA:877,0
DA:878,0
DA:879,0
DA:880,0
DA:881,0
DA:882,0
DA:883,0
DA:885,0
DA:886,0
DA:887,0
DA:888,0
DA:891,0
DA:893,0
DA:894,0
DA:895,0
DA:902,0
DA:903,0
DA:904,0
DA:905,0
DA:906,0
DA:907,0
DA:908,0
DA:909,0
DA:910,0
DA:911,0
DA:912,0
DA:914,0
DA:915,0
DA:916,0
DA:924,0
DA:926,0
DA:927,0
DA:928,0
DA:929,0
DA:931,0
DA:937,0
DA:954,0
DA:955,0
DA:957,0
DA:962,0
DA:964,0
DA:967,0
DA:977,0
DA:980,0
DA:981,0
DA:985,0
DA:991,0
DA:992,0
DA:994,0
DA:995,0
DA:997,0
DA:998,0
DA:1001,0
DA:1002,0
DA:1003,0
DA:1005,0
DA:1006,0
DA:1009,0
DA:1010,0
DA:1011,0
DA:1012,0
DA:1015,0
DA:1016,0
DA:1017,0
DA:1018,0
DA:1021,0
DA:1022,0
DA:1023,0
DA:1024,0
DA:1025,0
DA:1026,0
DA:1028,0
DA:1033,0
DA:1034,0
DA:1035,0
DA:1037,0
DA:1038,0
DA:1041,0
DA:1042,0
DA:1043,0
DA:1044,0
DA:1046,0
DA:1047,0
DA:1048,0
DA:1049,0
DA:1052,0
DA:1053,0
DA:1054,0
DA:1055,0
DA:1056,0
DA:1057,0
DA:1059,0
DA:1065,0
DA:1067,0
DA:1068,0
DA:1073,0
DA:1074,0
DA:1075,0
DA:1079,0
DA:1080,0
DA:1081,0
DA:1089,0
DA:1092,0
DA:1093,0
DA:1096,0
DA:1097,0
DA:1099,0
DA:1100,0
DA:1101,0
DA:1102,0
DA:1103,0
DA:1106,0
DA:1107,0
DA:1108,0
DA:1109,0
DA:1110,0
DA:1111,0
DA:1112,0
DA:1114,0
DA:1115,0
DA:1116,0
DA:1118,0
DA:1124,0
DA:1127,0
DA:1128,0
DA:1129,0
DA:1134,0
DA:1135,0
DA:1136,0
DA:1137,0
DA:1138,0
DA:1141,0
DA:1142,0
DA:1144,0
DA:1145,0
DA:1146,0
DA:1149,0
DA:1150,0
DA:1153,0
DA:1156,0
DA:1157,0
DA:1158,0
DA:1159,0
DA:1160,0
DA:1161,0
DA:1162,0
DA:1163,0
DA:1166,0
DA:1167,0
DA:1168,0
DA:1169,0
DA:1170,0
DA:1172,0
DA:1175,0
DA:1185,0
DA:1186,0
DA:1187,0
DA:1188,0
DA:1192,0
DA:1193,0
DA:1196,0
DA:1197,0
DA:1198,0
DA:1199,0
DA:1200,0
DA:1201,0
DA:1203,0
DA:1204,0
DA:1205,0
DA:1206,0
DA:1209,0
DA:1210,0
DA:1211,0
DA:1212,0
DA:1213,0
DA:1214,0
DA:1215,0
DA:1218,0
DA:1219,0
DA:1222,0
DA:1223,0
DA:1231,0
DA:1232,0
DA:1236,0
DA:1238,0
DA:1239,0
DA:1240,0
DA:1242,0
DA:1243,0
DA:1246,0
DA:1247,0
DA:1248,0
DA:1249,0
DA:1251,0
DA:1252,0
DA:1253,0
DA:1254,0
DA:1257,0
DA:1258,0
DA:1259,0
DA:1260,0
DA:1261,0
DA:1262,0
DA:1263,0
DA:1266,0
DA:1267,0
DA:1270,0
DA:1271,0
DA:1279,0
DA:1280,0
DA:1281,0
DA:1282,0
DA:1285,0
DA:1286,0
DA:1290,0
DA:1300,0
DA:1302,0
DA:1303,0
DA:1307,0
DA:1309,0
DA:1310,0
DA:1311,0
DA:1312,0
DA:1315,0
DA:1316,0
DA:1317,0
DA:1318,0
DA:1322,0
DA:1323,0
DA:1326,0
DA:1327,0
DA:1328,0
DA:1329,0
DA:1333,0
DA:1334,0
DA:1335,0
DA:1336,0
DA:1339,0
DA:1340,0
DA:1342,0
DA:1343,0
DA:1344,0
DA:1345,0
DA:1347,0
DA:1348,0
DA:1350,0
DA:1359,0
DA:1364,0
DA:1365,0
DA:1368,0
DA:1369,0
DA:1370,0
DA:1374,0
DA:1376,0
DA:1377,0
DA:1380,0
DA:1381,0
DA:1384,0
DA:1385,0
DA:1388,0
DA:1389,0
DA:1392,0
DA:1393,0
DA:1396,0
DA:1397,0
DA:1400,0
DA:1403,0
DA:1404,0
DA:1412,0
DA:1413,0
DA:1416,0
DA:1417,0
DA:1425,0
DA:1426,0
DA:1427,0
DA:1428,0
DA:1434,0
DA:1442,0
DA:1443,0
DA:1446,0
DA:1447,0
DA:1455,0
DA:1456,0
DA:1459,0
DA:1461,0
DA:1462,0
DA:1463,0
DA:1465,0
DA:1466,0
DA:1467,0
DA:1468,0
DA:1471,0
DA:1472,0
DA:1473,0
DA:1475,0
DA:1476,0
DA:1477,0
DA:1478,0
DA:1479,0
DA:1480,0
DA:1483,0
DA:1484,0
DA:1485,0
DA:1487,0
DA:1488,0
DA:1489,0
DA:1491,0
DA:1492,0
DA:1495,0
DA:1496,0
DA:1497,0
DA:1499,0
DA:1500,0
DA:1504,0
DA:1507,0
DA:1514,0
DA:1515,0
DA:1518,0
DA:1519,0
DA:1527,0
DA:1528,0
DA:1531,0
DA:1532,0
DA:1535,0
DA:1536,0
DA:1537,0
DA:1540,0
DA:1543,0
DA:1544,0
DA:1545,0
DA:1546,0
DA:1547,0
DA:1548,0
DA:1551,0
DA:1552,0
DA:1553,0
DA:1554,0
DA:1555,0
DA:1556,0
DA:1559,0
DA:1560,0
DA:1561,0
DA:1562,0
DA:1563,0
DA:1564,0
DA:1565,0
DA:1566,0
DA:1569,0
DA:1576,0
DA:1577,0
DA:1580,0
DA:1581,0
DA:1589,0
DA:1591,0
DA:1592,0
DA:1593,0
DA:1594,0
DA:1596,0
DA:1597,0
DA:1598,0
DA:1599,0
DA:1602,0
DA:1606,0
DA:1607,0
DA:1608,0
DA:1610,0
DA:1611,0
DA:1612,0
DA:1613,0
DA:1616,0
DA:1617,0
DA:1618,0
DA:1619,0
DA:1620,0
DA:1621,0
DA:1623,0
DA:1624,0
DA:1631,0
DA:1632,0
DA:1634,0
DA:1642,0
DA:1643,0
DA:1646,0
DA:1647,0
DA:1661,0
DA:1662,0
DA:1663,0
DA:1666,0
DA:1667,0
DA:1668,0
DA:1669,0
DA:1670,0
DA:1671,0
DA:1672,0
DA:1673,0
DA:1674,0
DA:1675,0
DA:1677,0
DA:1680,0
DA:1683,0
DA:1684,0
DA:1685,0
DA:1686,0
DA:1689,0
DA:1690,0
DA:1691,0
DA:1694,0
DA:1695,0
DA:1696,0
DA:1697,0
DA:1698,0
DA:1699,0
DA:1701,0
DA:1702,0
DA:1709,0
DA:1710,0
DA:1712,0
DA:1715,0
DA:1722,0
DA:1723,0
DA:1726,0
DA:1727,0
DA:1728,0
DA:1729,0
DA:1731,0
DA:1732,0
DA:1733,0
DA:1735,0
DA:1736,0
DA:1737,0
DA:1738,0
DA:1741,0
DA:1742,0
DA:1743,0
DA:1744,0
DA:1745,0
DA:1746,0
DA:1749,0
DA:1750,0
DA:1751,0
DA:1758,0
DA:1761,0
DA:1765,0
DA:1768,0
DA:1770,0
DA:1771,0
DA:1772,0
DA:1773,0
DA:1775,0
DA:1776,0
DA:1777,0
DA:1778,0
DA:1781,0
DA:1785,0
DA:1786,0
DA:1788,0
DA:1789,0
DA:1790,0
DA:1791,0
DA:1792,0
DA:1793,0
DA:1796,0
DA:1797,0
DA:1798,0
DA:1799,0
DA:1801,0
DA:1802,0
DA:1803,0
DA:1804,0
DA:1807,0
DA:1808,0
DA:1809,0
DA:1816,0
DA:1817,0
DA:1818,0
DA:1819,0
DA:1821,0
DA:1824,0
DA:1827,0
DA:1832,0
DA:1833,0
DA:1834,0
DA:1836,0
DA:1837,0
DA:1839,0
DA:1841,0
DA:1843,0
DA:1844,0
DA:1846,0
DA:1847,0
DA:1848,0
DA:1850,0
DA:1853,0
DA:1857,0
DA:1858,0
DA:1861,0
DA:1862,0
DA:1863,0
DA:1864,0
DA:1866,0
DA:1870,0
DA:1871,0
DA:1872,0
DA:1873,0
DA:1877,0
DA:1878,0
DA:1880,0
DA:1881,0
DA:1883,0
DA:1885,0
DA:1889,0
DA:1890,0
DA:1891,0
DA:1894,0
DA:1898,0
DA:1900,0
DA:1901,0
DA:1902,0
DA:1903,0
DA:1904,0
DA:1909,0
DA:1910,0
DA:1911,0
DA:1912,0
DA:1913,0
DA:1914,0
DA:1915,0
DA:1916,0
DA:1917,0
DA:1918,0
DA:1919,0
DA:1920,0
DA:1921,0
DA:1922,0
DA:1929,0
DA:1930,0
DA:1935,0
DA:1937,0
DA:1938,0
DA:1939,0
DA:1940,0
DA:1941,0
DA:1942,0
DA:1944,0
DA:1945,0
DA:1946,0
DA:1947,0
DA:1950,0
DA:1952,0
DA:1953,0
DA:1955,0
DA:1956,0
DA:1957,0
DA:1960,0
LF:935
LH:0
BRDA:16,0,0,0
BRDA:17,1,0,0
BRDA:18,2,0,0
BRDA:19,3,0,0
BRDA:20,4,0,0
BRDA:21,5,0,0
BRDA:22,6,0,0
BRDA:23,7,0,0
BRDA:24,8,0,0
BRDA:25,9,0,0
BRDA:32,10,0,0
BRDA:32,10,1,0
BRDA:61,11,0,0
BRDA:62,12,0,0
BRDA:63,13,0,0
BRDA:64,14,0,0
BRDA:65,15,0,0
BRDA:66,16,0,0
BRDA:80,17,0,0
BRDA:80,17,1,0
BRDA:112,18,0,0
BRDA:112,18,1,0
BRDA:134,19,0,0
BRDA:135,20,0,0
BRDA:136,21,0,0
BRDA:137,22,0,0
BRDA:138,23,0,0
BRDA:139,24,0,0
BRDA:152,25,0,0
BRDA:152,25,1,0
BRDA:154,26,0,0
BRDA:154,26,1,0
BRDA:163,27,0,0
BRDA:163,27,1,0
BRDA:168,28,0,0
BRDA:168,28,1,0
BRDA:357,29,0,0
BRDA:357,29,1,0
BRDA:364,30,0,0
BRDA:364,30,1,0
BRDA:385,31,0,0
BRDA:400,32,0,0
BRDA:400,32,1,0
BRDA:402,33,0,0
BRDA:402,33,1,0
BRDA:403,34,0,0
BRDA:403,34,1,0
BRDA:410,35,0,0
BRDA:410,35,1,0
BRDA:428,36,0,0
BRDA:428,36,1,0
BRDA:428,37,0,0
BRDA:428,37,1,0
BRDA:428,37,2,0
BRDA:429,38,0,0
BRDA:429,38,1,0
BRDA:429,39,0,0
BRDA:429,39,1,0
BRDA:429,39,2,0
BRDA:431,40,0,0
BRDA:431,40,1,0
BRDA:464,41,0,0
BRDA:464,41,1,0
BRDA:540,42,0,0
BRDA:540,42,1,0
BRDA:541,43,0,0
BRDA:541,43,1,0
BRDA:542,44,0,0
BRDA:542,44,1,0
BRDA:543,45,0,0
BRDA:543,45,1,0
BRDA:546,46,0,0
BRDA:546,46,1,0
BRDA:546,47,0,0
BRDA:546,47,1,0
BRDA:554,48,0,0
BRDA:554,48,1,0
BRDA:554,49,0,0
BRDA:554,49,1,0
BRDA:564,50,0,0
BRDA:564,50,1,0
BRDA:571,51,0,0
BRDA:571,51,1,0
BRDA:593,52,0,0
BRDA:593,52,1,0
BRDA:614,53,0,0
BRDA:614,53,1,0
BRDA:627,54,0,0
BRDA:627,54,1,0
BRDA:643,55,0,0
BRDA:643,55,1,0
BRDA:652,56,0,0
BRDA:652,56,1,0
BRDA:677,57,0,0
BRDA:677,57,1,0
BRDA:714,58,0,0
BRDA:714,58,1,0
BRDA:717,59,0,0
BRDA:717,59,1,0
BRDA:731,60,0,0
BRDA:731,60,1,0
BRDA:732,61,0,0
BRDA:732,61,1,0
BRDA:738,62,0,0
BRDA:738,62,1,0
BRDA:738,63,0,0
BRDA:738,63,1,0
BRDA:738,63,2,0
BRDA:738,64,0,0
BRDA:738,64,1,0
BRDA:738,64,2,0
BRDA:741,65,0,0
BRDA:741,65,1,0
BRDA:746,66,0,0
BRDA:746,66,1,0
BRDA:746,67,0,0
BRDA:746,67,1,0
BRDA:746,67,2,0
BRDA:746,68,0,0
BRDA:746,68,1,0
BRDA:753,69,0,0
BRDA:753,69,1,0
BRDA:753,70,0,0
BRDA:753,70,1,0
BRDA:753,70,2,0
BRDA:753,71,0,0
BRDA:753,71,1,0
BRDA:759,72,0,0
BRDA:759,72,1,0
BRDA:759,73,0,0
BRDA:759,73,1,0
BRDA:759,73,2,0
BRDA:766,74,0,0
BRDA:766,74,1,0
BRDA:766,75,0,0
BRDA:766,75,1,0
BRDA:768,76,0,0
BRDA:768,76,1,0
BRDA:768,77,0,0
BRDA:768,77,1,0
BRDA:768,77,2,0
BRDA:768,77,3,0
BRDA:768,78,0,0
BRDA:768,78,1,0
BRDA:768,78,2,0
BRDA:772,79,0,0
BRDA:772,79,1,0
BRDA:772,80,0,0
BRDA:772,80,1,0
BRDA:772,80,2,0
BRDA:772,81,0,0
BRDA:772,81,1,0
BRDA:776,82,0,0
BRDA:776,82,1,0
BRDA:776,83,0,0
BRDA:776,83,1,0
BRDA:801,84,0,0
BRDA:801,84,1,0
BRDA:801,85,0,0
BRDA:801,85,1,0
BRDA:801,85,2,0
BRDA:804,86,0,0
BRDA:804,86,1,0
BRDA:805,87,0,0
BRDA:805,87,1,0
BRDA:832,88,0,0
BRDA:832,88,1,0
BRDA:836,89,0,0
BRDA:836,89,1,0
BRDA:842,90,0,0
BRDA:842,90,1,0
BRDA:848,91,0,0
BRDA:848,91,1,0
BRDA:848,92,0,0
BRDA:848,92,1,0
BRDA:856,93,0,0
BRDA:856,93,1,0
BRDA:856,94,0,0
BRDA:856,94,1,0
BRDA:858,95,0,0
BRDA:858,95,1,0
BRDA:858,96,0,0
BRDA:858,96,1,0
BRDA:859,97,0,0
BRDA:859,97,1,0
BRDA:868,98,0,0
BRDA:868,98,1,0
BRDA:870,99,0,0
BRDA:870,99,1,0
BRDA:871,100,0,0
BRDA:871,100,1,0
BRDA:871,100,2,0
BRDA:871,100,3,0
BRDA:871,100,4,0
BRDA:891,101,0,0
BRDA:891,101,1,0
BRDA:891,102,0,0
BRDA:891,102,1,0
BRDA:903,103,0,0
BRDA:903,103,1,0
BRDA:903,104,0,0
BRDA:903,104,1,0
BRDA:903,104,2,0
BRDA:903,104,3,0
BRDA:928,105,0,0
BRDA:928,105,1,0
BRDA:955,106,0,0
BRDA:955,106,1,0
BRDA:957,107,0,0
BRDA:957,107,1,0
BRDA:992,108,0,0
BRDA:992,108,1,0
BRDA:995,109,0,0
BRDA:995,109,1,0
BRDA:1001,110,0,0
BRDA:1001,110,1,0
BRDA:1033,111,0,0
BRDA:1033,111,1,0
BRDA:1065,112,0,0
BRDA:1065,112,1,0
BRDA:1068,113,0,0
BRDA:1068,113,1,0
BRDA:1073,114,0,0
BRDA:1073,114,1,0
BRDA:1073,115,0,0
BRDA:1073,115,1,0
BRDA:1096,116,0,0
BRDA:1096,116,1,0
BRDA:1106,117,0,0
BRDA:1106,117,1,0
BRDA:1106,118,0,0
BRDA:1106,118,1,0
BRDA:1108,119,0,0
BRDA:1108,119,1,0
BRDA:1110,120,0,0
BRDA:1110,120,1,0
BRDA:1111,121,0,0
BRDA:1111,121,1,0
BRDA:1112,122,0,0
BRDA:1112,122,1,0
BRDA:1114,123,0,0
BRDA:1114,123,1,0
BRDA:1127,124,0,0
BRDA:1127,124,1,0
BRDA:1127,125,0,0
BRDA:1127,125,1,0
BRDA:1141,126,0,0
BRDA:1141,126,1,0
BRDA:1141,127,0,0
BRDA:1141,127,1,0
BRDA:1142,128,0,0
BRDA:1142,128,1,0
BRDA:1156,129,0,0
BRDA:1156,129,1,0
BRDA:1158,130,0,0
BRDA:1158,130,1,0
BRDA:1158,131,0,0
BRDA:1158,131,1,0
BRDA:1161,132,0,0
BRDA:1161,132,1,0
BRDA:1163,133,0,0
BRDA:1163,133,1,0
BRDA:1185,134,0,0
BRDA:1185,134,1,0
BRDA:1196,135,0,0
BRDA:1196,135,1,0
BRDA:1197,136,0,0
BRDA:1197,136,1,0
BRDA:1210,137,0,0
BRDA:1210,137,1,0
BRDA:1210,138,0,0
BRDA:1210,138,1,0
BRDA:1211,139,0,0
BRDA:1211,139,1,0
BRDA:1236,140,0,0
BRDA:1236,140,1,0
BRDA:1236,141,0,0
BRDA:1236,141,1,0
BRDA:1236,141,2,0
BRDA:1236,141,3,0
BRDA:1239,142,0,0
BRDA:1239,142,1,0
BRDA:1239,143,0,0
BRDA:1239,143,1,0
BRDA:1242,144,0,0
BRDA:1242,144,1,0
BRDA:1242,145,0,0
BRDA:1242,145,1,0
BRDA:1258,146,0,0
BRDA:1258,146,1,0
BRDA:1258,147,0,0
BRDA:1258,147,1,0
BRDA:1259,148,0,0
BRDA:1259,148,1,0
BRDA:1281,149,0,0
BRDA:1281,149,1,0
BRDA:1282,150,0,0
BRDA:1282,150,1,0
BRDA:1309,151,0,0
BRDA:1309,151,1,0
BRDA:1310,152,0,0
BRDA:1310,152,1,0
BRDA:1315,153,0,0
BRDA:1315,153,1,0
BRDA:1317,154,0,0
BRDA:1317,154,1,0
BRDA:1318,155,0,0
BRDA:1318,155,1,0
BRDA:1323,156,0,0
BRDA:1323,156,1,0
BRDA:1326,157,0,0
BRDA:1326,157,1,0
BRDA:1327,158,0,0
BRDA:1327,158,1,0
BRDA:1339,159,0,0
BRDA:1339,159,1,0
BRDA:1340,160,0,0
BRDA:1340,160,1,0
BRDA:1345,161,0,0
BRDA:1345,161,1,0
BRDA:1368,162,0,0
BRDA:1368,162,1,0
BRDA:1368,163,0,0
BRDA:1368,163,1,0
BRDA:1374,164,0,0
BRDA:1374,164,1,0
BRDA:1374,164,2,0
BRDA:1374,164,3,0
BRDA:1374,164,4,0
BRDA:1374,164,5,0
BRDA:1374,164,6,0
BRDA:1416,165,0,0
BRDA:1416,165,1,0
BRDA:1425,166,0,0
BRDA:1425,166,1,0
BRDA:1446,167,0,0
BRDA:1446,167,1,0
BRDA:1459,168,0,0
BRDA:1459,168,1,0
BRDA:1518,169,0,0
BRDA:1518,169,1,0
BRDA:1580,170,0,0
BRDA:1580,170,1,0
BRDA:1589,171,0,0
BRDA:1589,171,1,0
BRDA:1631,172,0,0
BRDA:1631,172,1,0
BRDA:1646,173,0,0
BRDA:1646,173,1,0
BRDA:1666,174,0,0
BRDA:1666,174,1,0
BRDA:1672,175,0,0
BRDA:1672,175,1,0
BRDA:1673,176,0,0
BRDA:1673,176,1,0
BRDA:1674,177,0,0
BRDA:1674,177,1,0
BRDA:1683,178,0,0
BRDA:1683,178,1,0
BRDA:1684,179,0,0
BRDA:1684,179,1,0
BRDA:1689,180,0,0
BRDA:1689,180,1,0
BRDA:1709,181,0,0
BRDA:1709,181,1,0
BRDA:1726,182,0,0
BRDA:1726,182,1,0
BRDA:1733,183,0,0
BRDA:1733,183,1,0
BRDA:1743,184,0,0
BRDA:1743,184,1,0
BRDA:1744,185,0,0
BRDA:1744,185,1,0
BRDA:1749,186,0,0
BRDA:1749,186,1,0
BRDA:1768,187,0,0
BRDA:1768,187,1,0
BRDA:1770,188,0,0
BRDA:1770,188,1,0
BRDA:1785,189,0,0
BRDA:1785,189,1,0
BRDA:1786,190,0,0
BRDA:1786,190,1,0
BRDA:1798,191,0,0
BRDA:1798,191,1,0
BRDA:1801,192,0,0
BRDA:1801,192,1,0
BRDA:1818,193,0,0
BRDA:1818,193,1,0
BRDA:1846,194,0,0
BRDA:1846,194,1,0
BRDA:1847,195,0,0
BRDA:1847,195,1,0
BRDA:1850,196,0,0
BRDA:1850,196,1,0
BRDA:1863,197,0,0
BRDA:1863,197,1,0
BRDA:1871,198,0,0
BRDA:1871,198,1,0
BRDA:1878,199,0,0
BRDA:1878,199,1,0
BRDA:1909,200,0,0
BRDA:1909,200,1,0
BRDA:1912,201,0,0
BRDA:1912,201,1,0
BRDA:1921,202,0,0
BRDA:1921,202,1,0
BRDA:1929,203,0,0
BRDA:1929,203,1,0
BRDA:1929,204,0,0
BRDA:1929,204,1,0
BRDA:1935,205,0,0
BRDA:1935,205,1,0
BRDA:1935,206,0,0
BRDA:1935,206,1,0
BRDA:1945,207,0,0
BRDA:1945,207,1,0
BRF:417
BRH:0
end_of_record
TN:
SF:entities.js
FN:30,(anonymous_0)
FN:58,(anonymous_1)
FN:67,(anonymous_2)
FN:77,(anonymous_3)
FN:86,(anonymous_4)
FN:94,(anonymous_5)
FN:156,createEnemy
FN:233,findPath
FN:275,key
FN:280,(anonymous_9)
FN:356,(anonymous_10)
FNF:11
FNH:6
FNDA:2,(anonymous_0)
FNDA:0,(anonymous_1)
FNDA:0,(anonymous_2)
FNDA:0,(anonymous_3)
FNDA:0,(anonymous_4)
FNDA:0,(anonymous_5)
FNDA:8,createEnemy
FNDA:45,findPath
FNDA:2505,key
FNDA:2651,(anonymous_9)
FNDA:3226,(anonymous_10)
DA:31,2
DA:32,2
DA:33,2
DA:34,2
DA:35,2
DA:36,2
DA:37,2
DA:38,2
DA:39,2
DA:40,2
DA:41,2
DA:42,2
DA:43,2
DA:44,2
DA:47,2
DA:48,2
DA:50,0
DA:59,0
DA:68,0
DA:78,0
DA:87,0
DA:95,0
DA:105,6
DA:129,6
DA:158,8
DA:159,0
DA:163,8
DA:165,8
DA:167,2
DA:171,2
DA:173,2
DA:177,2
DA:179,2
DA:183,2
DA:185,1
DA:195,1
DA:197,1
DA:198,1
DA:201,7
DA:213,7
DA:214,7
DA:216,0
DA:219,7
DA:234,45
DA:236,45
DA:237,1
DA:238,1
DA:242,44
DA:243,44
DA:246,44
DA:248,41
DA:250,1
DA:254,40
DA:255,0
DA:263,3
DA:264,0
DA:265,0
DA:270,43
DA:271,43
DA:272,43
DA:273,43
DA:274,43
DA:275,2505
DA:276,43
DA:277,43
DA:278,43
DA:279,43
DA:280,2651
DA:281,363
DA:284,363
DA:285,363
DA:287,22
DA:291,341
DA:292,39
DA:298,302
DA:299,302
DA:300,0
DA:301,0
DA:302,0
DA:303,0
DA:304,0
DA:310,363
DA:312,40
DA:313,40
DA:314,40
DA:315,173
DA:316,173
DA:319,40
DA:320,40
DA:321,0
DA:324,40
DA:326,323
DA:327,323
DA:333,323
DA:335,1292
DA:339,1292
DA:341,0
DA:342,0
DA:347,1292
DA:349,1098
DA:350,1098
DA:351,742
DA:352,742
DA:353,637
DA:354,637
DA:355,637
DA:356,3226
DA:357,637
DA:363,3
DA:364,3
DA:365,0
DA:368,3
LF:112
LH:92
BRDA:30,0,0,1
BRDA:30,1,0,1
BRDA:31,2,0,2
BRDA:31,2,1,1
BRDA:158,3,0,0
BRDA:158,3,1,8
BRDA:158,4,0,8
BRDA:158,4,1,8
BRDA:165,5,0,2
BRDA:165,5,1,2
BRDA:165,5,2,2
BRDA:165,5,3,1
BRDA:165,5,4,1
BRDA:233,6,0,42
BRDA:236,7,0,1
BRDA:236,7,1,44
BRDA:236,8,0,45
BRDA:236,8,1,5
BRDA:246,9,0,41
BRDA:246,9,1,3
BRDA:248,10,0,1
BRDA:248,10,1,40
BRDA:254,11,0,0
BRDA:254,11,1,40
BRDA:263,12,0,0
BRDA:263,12,1,3
BRDA:285,13,0,22
BRDA:285,13,1,341
BRDA:287,14,0,22
BRDA:287,14,1,1
BRDA:291,15,0,39
BRDA:291,15,1,302
BRDA:291,16,0,341
BRDA:291,16,1,115
BRDA:299,17,0,0
BRDA:299,17,1,302
BRDA:302,18,0,0
BRDA:302,18,1,0
BRDA:302,19,0,0
BRDA:302,19,1,0
BRDA:310,20,0,40
BRDA:310,20,1,323
BRDA:320,21,0,0
BRDA:320,21,1,40
BRDA:339,22,0,0
BRDA:339,22,1,1292
BRDA:339,23,0,1292
BRDA:339,23,1,84
BRDA:339,23,2,8
BRDA:341,24,0,0
BRDA:341,24,1,0
BRDA:341,25,0,0
BRDA:341,25,1,0
BRDA:341,26,0,0
BRDA:341,26,1,0
BRDA:341,26,2,0
BRDA:341,26,3,0
BRDA:347,27,0,194
BRDA:347,27,1,1098
BRDA:350,28,0,356
BRDA:350,28,1,742
BRDA:352,29,0,637
BRDA:352,29,1,105
BRDA:352,30,0,742
BRDA:352,30,1,105
BRDA:356,31,0,637
BRDA:356,31,1,0
BRDA:356,32,0,3226
BRDA:356,32,1,371
BRDA:364,33,0,0
BRDA:364,33,1,3
BRF:71
BRH:51
end_of_record
TN:
SF:game.js
FN:17,(anonymous_0)
FN:18,(anonymous_1)
FN:19,(anonymous_2)
FN:20,(anonymous_3)
FN:21,(anonymous_4)
FN:22,(anonymous_5)
FN:23,(anonymous_6)
FN:24,(anonymous_7)
FN:25,(anonymous_8)
FN:26,(anonymous_9)
FN:27,(anonymous_10)
FN:28,(anonymous_11)
FN:29,(anonymous_12)
FN:30,(anonymous_13)
FN:31,(anonymous_14)
FN:32,(anonymous_15)
FN:33,(anonymous_16)
FN:34,(anonymous_17)
FN:37,(anonymous_18)
FN:38,(anonymous_19)
FN:49,syncLegacyExports
FN:71,(anonymous_21)
FN:83,hasLineOfSightAllEntities
FN:88,getAllLivingEntities
FN:93,hasLineOfSightWithCurrentGrid
FN:98,updateAllUIWrapper
FN:123,endTurn
FN:140,startPlayerTurn
FN:180,startEnemyTurns
FN:187,(anonymous_29)
FN:189,(anonymous_30)
FN:199,(anonymous_31)
FN:205,(anonymous_32)
FN:235,(anonymous_33)
FN:272,(anonymous_34)
FN:303,(anonymous_35)
FN:312,(anonymous_36)
FN:337,(anonymous_37)
FN:353,(anonymous_38)
FN:387,(anonymous_39)
FN:394,(anonymous_40)
FN:403,(anonymous_41)
FN:407,(anonymous_42)
FN:418,(anonymous_43)
FN:460,(anonymous_44)
FN:469,(anonymous_45)
FN:522,(anonymous_46)
FN:530,handleCanvasClick
FN:550,(anonymous_48)
FN:571,(anonymous_49)
FN:586,(anonymous_50)
FN:624,(anonymous_51)
FN:678,handleKeyDown
FN:699,(anonymous_53)
FN:732,playerAttack
FN:799,easeInOutQuad
FN:804,animateEntityFullPath
FN:824,step
FN:890,moveEntityTo
FN:893,(anonymous_59)
FN:914,(anonymous_60)
FN:931,moveEntityToLobby
FN:947,(anonymous_62)
FN:964,(anonymous_63)
FN:976,(anonymous_64)
FN:983,sendPlayerPositionUpdate
FN:996,checkPortalInteraction
FN:1002,(anonymous_67)
FN:1012,(anonymous_68)
FN:1019,showPortalPrompt
FN:1024,(anonymous_70)
FN:1028,(anonymous_71)
FN:1042,(anonymous_72)
FN:1047,showDamageAnimation
FN:1053,showDeathAnimation
FN:1078,updateDeathAnimation
FN:1113,updateProjectiles
FN:1176,checkIfPlayerDefeated
FN:1194,checkVictory
FN:1196,(anonymous_79)
FN:1222,(anonymous_80)
FN:1232,bossAttackPlayer
FN:1255,gameTick
FN:1298,(anonymous_83)
FN:1299,(anonymous_84)
FN:1299,(anonymous_85)
FN:1300,(anonymous_86)
FN:1339,handleTouchStart
FN:1357,handleTouchMove
FN:1372,handleTouchEnd
FN:1392,(anonymous_90)
FN:1419,(anonymous_91)
FN:1452,updateEnemyHoverReachableTiles
FN:1468,(anonymous_93)
FN:1491,setupInputHandlers
FN:1521,(anonymous_95)
FN:1540,endTurnMobileHandler
FN:1547,toggleAimState
FN:1556,(anonymous_98)
FN:1572,canvasMouseMoveHandler
FN:1607,(anonymous_100)
FN:1640,canvasMouseLeaveHandler
FN:1650,resizeCanvas
FN:1679,(anonymous_103)
FN:1689,loadRoom
FN:1743,(anonymous_105)
FN:1762,initGame
FN:1784,(anonymous_107)
FN:1801,showBuffAnimation
FN:1820,applySpellEffect
FN:1825,(anonymous_110)
FN:1841,(anonymous_111)
FN:1843,(anonymous_112)
FN:1851,(anonymous_113)
FN:1866,(anonymous_114)
FN:1931,applyPush
FN:1951,(anonymous_116)
FN:1959,(anonymous_117)
FN:1965,(anonymous_118)
FN:2003,(anonymous_119)
FN:2019,handleSpellCast
FNF:121
FNH:3
FNDA:0,(anonymous_0)
FNDA:0,(anonymous_1)
FNDA:0,(anonymous_2)
FNDA:0,(anonymous_3)
FNDA:0,(anonymous_4)
FNDA:0,(anonymous_5)
FNDA:0,(anonymous_6)
FNDA:0,(anonymous_7)
FNDA:0,(anonymous_8)
FNDA:0,(anonymous_9)
FNDA:0,(anonymous_10)
FNDA:0,(anonymous_11)
FNDA:0,(anonymous_12)
FNDA:0,(anonymous_13)
FNDA:0,(anonymous_14)
FNDA:0,(anonymous_15)
FNDA:0,(anonymous_16)
FNDA:0,(anonymous_17)
FNDA:0,(anonymous_18)
FNDA:0,(anonymous_19)
FNDA:4,syncLegacyExports
FNDA:0,(anonymous_21)
FNDA:0,hasLineOfSightAllEntities
FNDA:0,getAllLivingEntities
FNDA:0,hasLineOfSightWithCurrentGrid
FNDA:0,updateAllUIWrapper
FNDA:0,endTurn
FNDA:0,startPlayerTurn
FNDA:0,startEnemyTurns
FNDA:0,(anonymous_29)
FNDA:0,(anonymous_30)
FNDA:0,(anonymous_31)
FNDA:0,(anonymous_32)
FNDA:0,(anonymous_33)
FNDA:0,(anonymous_34)
FNDA:0,(anonymous_35)
FNDA:0,(anonymous_36)
FNDA:0,(anonymous_37)
FNDA:0,(anonymous_38)
FNDA:0,(anonymous_39)
FNDA:0,(anonymous_40)
FNDA:0,(anonymous_41)
FNDA:0,(anonymous_42)
FNDA:0,(anonymous_43)
FNDA:0,(anonymous_44)
FNDA:0,(anonymous_45)
FNDA:0,(anonymous_46)
FNDA:0,handleCanvasClick
FNDA:0,(anonymous_48)
FNDA:0,(anonymous_49)
FNDA:0,(anonymous_50)
FNDA:0,(anonymous_51)
FNDA:0,handleKeyDown
FNDA:0,(anonymous_53)
FNDA:0,playerAttack
FNDA:0,easeInOutQuad
FNDA:0,animateEntityFullPath
FNDA:0,step
FNDA:0,moveEntityTo
FNDA:0,(anonymous_59)
FNDA:0,(anonymous_60)
FNDA:0,moveEntityToLobby
FNDA:0,(anonymous_62)
FNDA:0,(anonymous_63)
FNDA:0,(anonymous_64)
FNDA:0,sendPlayerPositionUpdate
FNDA:0,checkPortalInteraction
FNDA:0,(anonymous_67)
FNDA:0,(anonymous_68)
FNDA:0,showPortalPrompt
FNDA:0,(anonymous_70)
FNDA:0,(anonymous_71)
FNDA:0,(anonymous_72)
FNDA:0,showDamageAnimation
FNDA:0,showDeathAnimation
FNDA:0,updateDeathAnimation
FNDA:4,updateProjectiles
FNDA:0,checkIfPlayerDefeated
FNDA:0,checkVictory
FNDA:0,(anonymous_79)
FNDA:0,(anonymous_80)
FNDA:0,bossAttackPlayer
FNDA:4,gameTick
FNDA:0,(anonymous_83)
FNDA:0,(anonymous_84)
FNDA:0,(anonymous_85)
FNDA:0,(anonymous_86)
FNDA:0,handleTouchStart
FNDA:0,handleTouchMove
FNDA:0,handleTouchEnd
FNDA:0,(anonymous_90)
FNDA:0,(anonymous_91)
FNDA:0,updateEnemyHoverReachableTiles
FNDA:0,(anonymous_93)
FNDA:0,setupInputHandlers
FNDA:0,(anonymous_95)
FNDA:0,endTurnMobileHandler
FNDA:0,toggleAimState
FNDA:0,(anonymous_98)
FNDA:0,canvasMouseMoveHandler
FNDA:0,(anonymous_100)
FNDA:0,canvasMouseLeaveHandler
FNDA:0,resizeCanvas
FNDA:0,(anonymous_103)
FNDA:0,loadRoom
FNDA:0,(anonymous_105)
FNDA:0,initGame
FNDA:0,(anonymous_107)
FNDA:0,showBuffAnimation
FNDA:0,applySpellEffect
FNDA:0,(anonymous_110)
FNDA:0,(anonymous_111)
FNDA:0,(anonymous_112)
FNDA:0,(anonymous_113)
FNDA:0,(anonymous_114)
FNDA:0,applyPush
FNDA:0,(anonymous_116)
FNDA:0,(anonymous_117)
FNDA:0,(anonymous_118)
FNDA:0,(anonymous_119)
FNDA:0,handleSpellCast
DA:11,4
DA:14,4
DA:17,4
DA:18,4
DA:19,4
DA:20,4
DA:21,4
DA:22,4
DA:23,4
DA:24,4
DA:25,4
DA:26,4
DA:27,4
DA:28,4
DA:29,4
DA:30,4
DA:31,4
DA:32,4
DA:33,4
DA:34,4
DA:37,4
DA:38,4
DA:42,4
DA:43,4
DA:44,4
DA:45,4
DA:50,4
DA:51,4
DA:52,4
DA:53,4
DA:54,4
DA:55,4
DA:56,4
DA:57,4
DA:58,4
DA:59,4
DA:60,4
DA:61,4
DA:62,4
DA:63,4
DA:64,4
DA:65,4
DA:66,4
DA:67,4
DA:71,4
DA:72,0
DA:76,4
DA:84,0
DA:89,0
DA:94,0
DA:99,0
DA:124,0
DA:125,0
DA:127,0
DA:128,0
DA:129,0
DA:130,0
DA:131,0
DA:132,0
DA:134,0
DA:136,0
DA:141,0
DA:142,0
DA:143,0
DA:146,0
DA:147,0
DA:148,0
DA:149,0
DA:150,0
DA:153,0
DA:154,0
DA:155,0
DA:156,0
DA:157,0
DA:161,0
DA:162,0
DA:163,0
DA:165,0
DA:168,0
DA:169,0
DA:170,0
DA:171,0
DA:173,0
DA:174,0
DA:176,0
DA:181,0
DA:182,0
DA:183,0
DA:184,0
DA:185,0
DA:186,0
DA:187,0
DA:189,0
DA:192,0
DA:199,0
DA:200,0
DA:201,0
DA:202,0
DA:205,0
DA:208,0
DA:209,0
DA:210,0
DA:212,0
DA:214,0
DA:215,0
DA:216,0
DA:217,0
DA:220,0
DA:223,0
DA:224,0
DA:225,0
DA:228,0
DA:229,0
DA:230,0
DA:232,0
DA:234,0
DA:235,0
DA:237,0
DA:238,0
DA:239,0
DA:240,0
DA:243,0
DA:244,0
DA:245,0
DA:246,0
DA:247,0
DA:248,0
DA:249,0
DA:250,0
DA:252,0
DA:253,0
DA:261,0
DA:263,0
DA:264,0
DA:269,0
DA:271,0
DA:272,0
DA:274,0
DA:275,0
DA:276,0
DA:277,0
DA:280,0
DA:281,0
DA:282,0
DA:283,0
DA:284,0
DA:285,0
DA:286,0
DA:287,0
DA:289,0
DA:290,0
DA:297,0
DA:298,0
DA:303,0
DA:305,0
DA:306,0
DA:307,0
DA:308,0
DA:310,0
DA:312,0
DA:313,0
DA:314,0
DA:315,0
DA:317,0
DA:319,0
DA:320,0
DA:321,0
DA:322,0
DA:324,0
DA:326,0
DA:327,0
DA:328,0
DA:329,0
DA:331,0
DA:334,0
DA:336,0
DA:337,0
DA:339,0
DA:340,0
DA:341,0
DA:342,0
DA:345,0
DA:346,0
DA:348,0
DA:349,0
DA:350,0
DA:351,0
DA:353,0
DA:355,0
DA:356,0
DA:357,0
DA:358,0
DA:361,0
DA:362,0
DA:363,0
DA:365,0
DA:367,0
DA:369,0
DA:373,0
DA:374,0
DA:376,0
DA:377,0
DA:378,0
DA:381,0
DA:384,0
DA:386,0
DA:387,0
DA:389,0
DA:390,0
DA:391,0
DA:392,0
DA:394,0
DA:395,0
DA:396,0
DA:397,0
DA:399,0
DA:400,0
DA:401,0
DA:402,0
DA:403,0
DA:407,0
DA:410,0
DA:411,0
DA:412,0
DA:413,0
DA:414,0
DA:418,0
DA:419,0
DA:420,0
DA:421,0
DA:424,0
DA:425,0
DA:426,0
DA:429,0
DA:430,0
DA:433,0
DA:434,0
DA:436,0
DA:437,0
DA:439,0
DA:441,0
DA:442,0
DA:443,0
DA:444,0
DA:446,0
DA:447,0
DA:449,0
DA:457,0
DA:458,0
DA:460,0
DA:462,0
DA:464,0
DA:465,0
DA:468,0
DA:469,0
DA:470,0
DA:471,0
DA:483,0
DA:484,0
DA:496,0
DA:510,0
DA:513,0
DA:514,0
DA:515,0
DA:516,0
DA:519,0
DA:520,0
DA:521,0
DA:522,0
DA:525,0
DA:526,0
DA:531,0
DA:534,0
DA:535,0
DA:536,0
DA:537,0
DA:538,0
DA:540,0
DA:541,0
DA:544,0
DA:545,0
DA:548,0
DA:549,0
DA:550,0
DA:551,0
DA:552,0
DA:553,0
DA:556,0
DA:558,0
DA:562,0
DA:563,0
DA:566,0
DA:567,0
DA:568,0
DA:570,0
DA:571,0
DA:572,0
DA:573,0
DA:574,0
DA:575,0
DA:576,0
DA:577,0
DA:581,0
DA:582,0
DA:584,0
DA:586,0
DA:587,0
DA:588,0
DA:590,0
DA:592,0
DA:594,0
DA:595,0
DA:596,0
DA:597,0
DA:599,0
DA:604,0
DA:609,0
DA:610,0
DA:611,0
DA:612,0
DA:613,0
DA:614,0
DA:615,0
DA:617,0
DA:619,0
DA:620,0
DA:624,0
DA:626,0
DA:627,0
DA:629,0
DA:631,0
DA:632,0
DA:634,0
DA:635,0
DA:636,0
DA:637,0
DA:639,0
DA:641,0
DA:644,0
DA:645,0
DA:647,0
DA:648,0
DA:649,0
DA:650,0
DA:652,0
DA:654,0
DA:655,0
DA:659,0
DA:660,0
DA:662,0
DA:663,0
DA:664,0
DA:665,0
DA:667,0
DA:669,0
DA:670,0
DA:674,0
DA:679,0
DA:680,0
DA:681,0
DA:682,0
DA:686,0
DA:687,0
DA:688,0
DA:691,0
DA:692,0
DA:693,0
DA:694,0
DA:695,0
DA:696,0
DA:697,0
DA:698,0
DA:699,0
DA:700,0
DA:701,0
DA:702,0
DA:703,0
DA:704,0
DA:705,0
DA:706,0
DA:708,0
DA:710,0
DA:712,0
DA:713,0
DA:714,0
DA:715,0
DA:716,0
DA:717,0
DA:718,0
DA:720,0
DA:722,0
DA:723,0
DA:725,0
DA:726,0
DA:727,0
DA:734,0
DA:735,0
DA:736,0
DA:739,0
DA:740,0
DA:741,0
DA:742,0
DA:746,0
DA:747,0
DA:748,0
DA:749,0
DA:752,0
DA:753,0
DA:755,0
DA:756,0
DA:757,0
DA:758,0
DA:759,0
DA:761,0
DA:762,0
DA:763,0
DA:766,0
DA:767,0
DA:770,0
DA:781,0
DA:782,0
DA:792,0
DA:794,0
DA:795,0
DA:800,0
DA:805,0
DA:806,0
DA:807,0
DA:810,0
DA:811,0
DA:813,0
DA:814,0
DA:815,0
DA:818,0
DA:820,0
DA:822,0
DA:825,0
DA:826,0
DA:829,0
DA:830,0
DA:831,0
DA:832,0
DA:833,0
DA:834,0
DA:835,0
DA:836,0
DA:837,0
DA:839,0
DA:840,0
DA:841,0
DA:843,0
DA:847,0
DA:849,0
DA:852,0
DA:853,0
DA:854,0
DA:857,0
DA:858,0
DA:860,0
DA:861,0
DA:863,0
DA:864,0
DA:865,0
DA:866,0
DA:867,0
DA:868,0
DA:872,0
DA:873,0
DA:876,0
DA:877,0
DA:879,0
DA:884,0
DA:887,0
DA:891,0
DA:892,0
DA:893,0
DA:899,0
DA:900,0
DA:901,0
DA:904,0
DA:905,0
DA:906,0
DA:907,0
DA:910,0
DA:914,0
DA:915,0
DA:916,0
DA:917,0
DA:919,0
DA:923,0
DA:926,0
DA:932,0
DA:933,0
DA:934,0
DA:937,0
DA:940,0
DA:947,0
DA:948,0
DA:950,0
DA:953,0
DA:956,0
DA:959,0
DA:964,4
DA:965,0
DA:968,0
DA:969,0
DA:976,4
DA:977,0
DA:985,0
DA:986,0
DA:987,0
DA:997,0
DA:998,0
DA:1001,0
DA:1002,0
DA:1003,0
DA:1004,0
DA:1005,0
DA:1010,0
DA:1011,0
DA:1012,0
DA:1013,0
DA:1020,0
DA:1021,0
DA:1024,0
DA:1025,0
DA:1026,0
DA:1027,0
DA:1028,0
DA:1029,0
DA:1031,0
DA:1032,0
DA:1033,0
DA:1034,0
DA:1035,0
DA:1039,0
DA:1042,0
DA:1043,0
DA:1048,0
DA:1049,0
DA:1054,0
DA:1055,0
DA:1056,0
DA:1057,0
DA:1058,0
DA:1061,0
DA:1062,0
DA:1063,0
DA:1066,0
DA:1069,0
DA:1070,0
DA:1072,0
DA:1079,0
DA:1081,0
DA:1082,0
DA:1083,0
DA:1085,0
DA:1086,0
DA:1089,0
DA:1091,0
DA:1093,0
DA:1096,0
DA:1099,0
DA:1100,0
DA:1101,0
DA:1103,0
DA:1105,0
DA:1108,0
DA:1110,0
DA:1114,4
DA:1116,0
DA:1117,0
DA:1118,0
DA:1119,0
DA:1121,0
DA:1124,0
DA:1126,0
DA:1129,0
DA:1130,0
DA:1132,0
DA:1133,0
DA:1135,0
DA:1136,0
DA:1137,0
DA:1138,0
DA:1139,0
DA:1140,0
DA:1141,0
DA:1142,0
DA:1143,0
DA:1146,0
DA:1148,0
DA:1149,0
DA:1150,0
DA:1151,0
DA:1158,0
DA:1159,0
DA:1161,0
DA:1164,0
DA:1166,0
DA:1167,0
DA:1177,0
DA:1178,0
DA:1179,0
DA:1180,0
DA:1182,0
DA:1183,0
DA:1185,0
DA:1187,0
DA:1188,0
DA:1190,0
DA:1195,0
DA:1196,0
DA:1197,0
DA:1199,0
DA:1200,0
DA:1202,0
DA:1203,0
DA:1204,0
DA:1206,0
DA:1207,0
DA:1208,0
DA:1209,0
DA:1210,0
DA:1213,0
DA:1215,0
DA:1218,0
DA:1220,0
DA:1221,0
DA:1222,0
DA:1224,0
DA:1225,0
DA:1228,0
DA:1233,0
DA:1234,0
DA:1235,0
DA:1236,0
DA:1237,0
DA:1238,0
DA:1239,0
DA:1240,0
DA:1241,0
DA:1242,0
DA:1243,0
DA:1244,0
DA:1245,0
DA:1246,0
DA:1252,0
DA:1256,4
DA:1259,4
DA:1260,1
DA:1261,1
DA:1262,1
DA:1263,1
DA:1268,4
DA:1269,1
DA:1270,1
DA:1271,1
DA:1272,1
DA:1273,0
DA:1280,4
DA:1281,4
DA:1282,4
DA:1284,4
DA:1287,4
DA:1288,4
DA:1289,0
DA:1290,0
DA:1291,0
DA:1297,4
DA:1298,0
DA:1299,0
DA:1300,0
DA:1301,0
DA:1302,0
DA:1307,0
DA:1311,4
DA:1312,4
DA:1313,2
DA:1314,2
DA:1315,2
DA:1317,2
DA:1318,2
DA:1320,0
DA:1321,0
DA:1327,0
DA:1329,2
DA:1337,4
DA:1340,0
DA:1341,0
DA:1343,0
DA:1344,0
DA:1345,0
DA:1346,0
DA:1347,0
DA:1350,0
DA:1351,0
DA:1353,0
DA:1358,0
DA:1359,0
DA:1361,0
DA:1362,0
DA:1363,0
DA:1364,0
DA:1365,0
DA:1367,0
DA:1368,0
DA:1369,0
DA:1373,0
DA:1374,0
DA:1377,0
DA:1378,0
DA:1379,0
DA:1380,0
DA:1381,0
DA:1387,0
DA:1388,0
DA:1391,0
DA:1392,0
DA:1393,0
DA:1394,0
DA:1396,0
DA:1398,0
DA:1399,0
DA:1400,0
DA:1401,0
DA:1402,0
DA:1405,0
DA:1406,0
DA:1409,0
DA:1410,0
DA:1411,0
DA:1412,0
DA:1413,0
DA:1414,0
DA:1415,0
DA:1416,0
DA:1419,0
DA:1421,0
DA:1422,0
DA:1423,0
DA:1424,0
DA:1425,0
DA:1426,0
DA:1427,0
DA:1429,0
DA:1430,0
DA:1431,0
DA:1432,0
DA:1435,0
DA:1436,0
DA:1437,0
DA:1438,0
DA:1440,0
DA:1453,0
DA:1454,0
DA:1456,0
DA:1457,0
DA:1458,0
DA:1459,0
DA:1460,0
DA:1461,0
DA:1466,0
DA:1467,0
DA:1468,0
DA:1469,0
DA:1479,0
DA:1482,0
DA:1483,0
DA:1484,0
DA:1492,0
DA:1493,0
DA:1495,0
DA:1496,0
DA:1498,0
DA:1499,0
DA:1501,0
DA:1502,0
DA:1505,0
DA:1506,0
DA:1508,0
DA:1509,0
DA:1511,0
DA:1512,0
DA:1514,0
DA:1515,0
DA:1517,0
DA:1518,0
DA:1519,0
DA:1520,0
DA:1521,0
DA:1525,0
DA:1526,0
DA:1527,0
DA:1528,0
DA:1532,0
DA:1533,0
DA:1534,0
DA:1535,0
DA:1541,0
DA:1542,0
DA:1548,0
DA:1550,0
DA:1551,0
DA:1552,0
DA:1554,0
DA:1555,0
DA:1556,0
DA:1557,0
DA:1558,0
DA:1559,0
DA:1560,0
DA:1561,0
DA:1562,0
DA:1563,0
DA:1565,0
DA:1567,0
DA:1569,0
DA:1573,0
DA:1575,0
DA:1577,0
DA:1578,0
DA:1579,0
DA:1582,0
DA:1583,0
DA:1586,0
DA:1587,0
DA:1590,0
DA:1591,0
DA:1592,0
DA:1593,0
DA:1596,0
DA:1597,0
DA:1598,0
DA:1604,0
DA:1606,0
DA:1607,0
DA:1608,0
DA:1618,0
DA:1619,0
DA:1632,0
DA:1633,0
DA:1634,0
DA:1635,0
DA:1641,0
DA:1643,0
DA:1644,0
DA:1645,0
DA:1646,0
DA:1651,0
DA:1653,0
DA:1654,0
DA:1655,0
DA:1658,0
DA:1659,0
DA:1662,0
DA:1663,0
DA:1669,0
DA:1670,0
DA:1675,0
DA:1676,0
DA:1677,0
DA:1679,0
DA:1680,0
DA:1681,0
DA:1682,0
DA:1683,0
DA:1686,0
DA:1690,0
DA:1691,0
DA:1692,0
DA:1693,0
DA:1694,0
DA:1695,0
DA:1696,0
DA:1697,0
DA:1698,0
DA:1701,0
DA:1702,0
DA:1703,0
DA:1704,0
DA:1708,0
DA:1709,0
DA:1712,0
DA:1715,0
DA:1716,0
DA:1717,0
DA:1718,0
DA:1719,0
DA:1720,0
DA:1721,0
DA:1722,0
DA:1725,0
DA:1726,0
DA:1727,0
DA:1728,0
DA:1729,0
DA:1730,0
DA:1731,0
DA:1732,0
DA:1733,0
DA:1736,0
DA:1737,0
DA:1738,0
DA:1740,0
DA:1743,0
DA:1744,0
DA:1745,0
DA:1746,0
DA:1747,0
DA:1748,0
DA:1749,0
DA:1750,0
DA:1752,0
DA:1757,0
DA:1759,0
DA:1763,0
DA:1764,0
DA:1765,0
DA:1766,0
DA:1768,0
DA:1770,0
DA:1771,0
DA:1773,0
DA:1774,0
DA:1775,0
DA:1776,0
DA:1778,0
DA:1781,0
DA:1784,0
DA:1788,0
DA:1791,0
DA:1792,0
DA:1793,0
DA:1795,0
DA:1797,0
DA:1802,0
DA:1803,0
DA:1804,0
DA:1806,0
DA:1822,0
DA:1825,0
DA:1826,0
DA:1827,0
DA:1828,0
DA:1831,0
DA:1832,0
DA:1834,0
DA:1836,0
DA:1841,0
DA:1843,0
DA:1844,0
DA:1845,0
DA:1851,0
DA:1852,0
DA:1858,0
DA:1859,0
DA:1863,0
DA:1866,0
DA:1868,0
DA:1869,0
DA:1870,0
DA:1874,0
DA:1875,0
DA:1876,0
DA:1878,0
DA:1880,0
DA:1883,0
DA:1886,0
DA:1887,0
DA:1888,0
DA:1889,0
DA:1892,0
DA:1893,0
DA:1894,0
DA:1895,0
DA:1897,0
DA:1898,0
DA:1899,0
DA:1901,0
DA:1902,0
DA:1905,0
DA:1906,0
DA:1912,0
DA:1914,0
DA:1915,0
DA:1916,0
DA:1918,0
DA:1927,0
DA:1932,0
DA:1933,0
DA:1934,0
DA:1936,0
DA:1937,0
DA:1939,0
DA:1940,0
DA:1941,0
DA:1942,0
DA:1943,0
DA:1945,0
DA:1947,0
DA:1948,0
DA:1949,0
DA:1951,0
DA:1953,0
DA:1954,0
DA:1956,0
DA:1957,0
DA:1959,0
DA:1960,0
DA:1961,0
DA:1963,0
DA:1965,0
DA:1966,0
DA:1967,0
DA:1968,0
DA:1969,0
DA:1970,0
DA:1971,0
DA:1972,0
DA:1973,0
DA:1975,0
DA:1978,0
DA:1980,0
DA:1982,0
DA:1985,0
DA:1986,0
DA:1987,0
DA:1990,0
DA:1993,0
DA:1994,0
DA:1996,0
DA:2000,0
DA:2001,0
DA:2003,0
DA:2004,0
DA:2005,0
DA:2006,0
DA:2007,0
DA:2008,0
DA:2009,0
DA:2010,0
DA:2011,0
DA:2013,0
LF:1044
LH:76
BRDA:124,0,0,0
BRDA:124,0,1,0
BRDA:124,1,0,0
BRDA:124,1,1,0
BRDA:124,1,2,0
BRDA:124,1,3,0
BRDA:125,2,0,0
BRDA:125,2,1,0
BRDA:146,3,0,0
BRDA:146,3,1,0
BRDA:153,4,0,0
BRDA:153,4,1,0
BRDA:156,5,0,0
BRDA:156,5,1,0
BRDA:161,6,0,0
BRDA:161,6,1,0
BRDA:173,7,0,0
BRDA:173,7,1,0
BRDA:200,8,0,0
BRDA:200,8,1,0
BRDA:201,9,0,0
BRDA:201,9,1,0
BRDA:209,10,0,0
BRDA:209,10,1,0
BRDA:210,11,0,0
BRDA:210,11,1,0
BRDA:214,12,0,0
BRDA:214,12,1,0
BRDA:232,13,0,0
BRDA:232,13,1,0
BRDA:232,13,2,0
BRDA:232,13,3,0
BRDA:232,13,4,0
BRDA:250,14,0,0
BRDA:250,14,1,0
BRDA:287,15,0,0
BRDA:287,15,1,0
BRDA:313,16,0,0
BRDA:313,16,1,0
BRDA:313,17,0,0
BRDA:313,17,1,0
BRDA:319,18,0,0
BRDA:319,18,1,0
BRDA:320,19,0,0
BRDA:320,19,1,0
BRDA:324,20,0,0
BRDA:324,20,1,0
BRDA:361,21,0,0
BRDA:361,21,1,0
BRDA:369,22,0,0
BRDA:369,22,1,0
BRDA:394,23,0,0
BRDA:394,23,1,0
BRDA:395,24,0,0
BRDA:395,24,1,0
BRDA:410,25,0,0
BRDA:410,25,1,0
BRDA:419,26,0,0
BRDA:419,26,1,0
BRDA:424,27,0,0
BRDA:424,27,1,0
BRDA:444,28,0,0
BRDA:444,28,1,0
BRDA:470,29,0,0
BRDA:470,29,1,0
BRDA:483,30,0,0
BRDA:483,30,1,0
BRDA:522,31,0,0
BRDA:522,31,1,0
BRDA:525,32,0,0
BRDA:525,32,1,0
BRDA:531,33,0,0
BRDA:531,33,1,0
BRDA:531,34,0,0
BRDA:531,34,1,0
BRDA:534,35,0,0
BRDA:534,35,1,0
BRDA:536,36,0,0
BRDA:536,36,1,0
BRDA:544,37,0,0
BRDA:544,37,1,0
BRDA:549,38,0,0
BRDA:549,38,1,0
BRDA:549,39,0,0
BRDA:549,39,1,0
BRDA:550,40,0,0
BRDA:550,40,1,0
BRDA:551,41,0,0
BRDA:551,41,1,0
BRDA:562,42,0,0
BRDA:562,42,1,0
BRDA:562,43,0,0
BRDA:562,43,1,0
BRDA:566,44,0,0
BRDA:566,44,1,0
BRDA:572,45,0,0
BRDA:572,45,1,0
BRDA:573,46,0,0
BRDA:573,46,1,0
BRDA:574,47,0,0
BRDA:574,47,1,0
BRDA:576,48,0,0
BRDA:576,48,1,0
BRDA:584,49,0,0
BRDA:584,49,1,0
BRDA:586,50,0,0
BRDA:586,50,1,0
BRDA:586,50,2,0
BRDA:587,51,0,0
BRDA:587,51,1,0
BRDA:592,52,0,0
BRDA:592,52,1,0
BRDA:595,53,0,0
BRDA:595,53,1,0
BRDA:609,54,0,0
BRDA:609,54,1,0
BRDA:614,55,0,0
BRDA:614,55,1,0
BRDA:624,56,0,0
BRDA:624,56,1,0
BRDA:626,57,0,0
BRDA:626,57,1,0
BRDA:631,58,0,0
BRDA:631,58,1,0
BRDA:636,59,0,0
BRDA:636,59,1,0
BRDA:649,60,0,0
BRDA:649,60,1,0
BRDA:664,61,0,0
BRDA:664,61,1,0
BRDA:679,62,0,0
BRDA:679,62,1,0
BRDA:686,63,0,0
BRDA:686,63,1,0
BRDA:691,64,0,0
BRDA:691,64,1,0
BRDA:691,65,0,0
BRDA:691,65,1,0
BRDA:691,65,2,0
BRDA:691,65,3,0
BRDA:692,66,0,0
BRDA:692,66,1,0
BRDA:692,67,0,0
BRDA:692,67,1,0
BRDA:694,68,0,0
BRDA:694,68,1,0
BRDA:694,69,0,0
BRDA:694,69,1,0
BRDA:697,70,0,0
BRDA:697,70,1,0
BRDA:702,71,0,0
BRDA:702,71,1,0
BRDA:705,72,0,0
BRDA:705,72,1,0
BRDA:713,73,0,0
BRDA:713,73,1,0
BRDA:714,74,0,0
BRDA:714,74,1,0
BRDA:717,75,0,0
BRDA:717,75,1,0
BRDA:725,76,0,0
BRDA:725,76,1,0
BRDA:726,77,0,0
BRDA:726,77,1,0
BRDA:734,78,0,0
BRDA:734,78,1,0
BRDA:740,79,0,0
BRDA:740,79,1,0
BRDA:766,80,0,0
BRDA:766,80,1,0
BRDA:767,81,0,0
BRDA:767,81,1,0
BRDA:772,82,0,0
BRDA:772,82,1,0
BRDA:773,83,0,0
BRDA:773,83,1,0
BRDA:800,84,0,0
BRDA:800,84,1,0
BRDA:805,85,0,0
BRDA:805,85,1,0
BRDA:805,86,0,0
BRDA:805,86,1,0
BRDA:806,87,0,0
BRDA:806,87,1,0
BRDA:829,88,0,0
BRDA:829,88,1,0
BRDA:841,89,0,0
BRDA:841,89,1,0
BRDA:863,90,0,0
BRDA:863,90,1,0
BRDA:863,91,0,0
BRDA:863,91,1,0
BRDA:867,92,0,0
BRDA:867,92,1,0
BRDA:890,93,0,0
BRDA:899,94,0,0
BRDA:899,94,1,0
BRDA:899,95,0,0
BRDA:899,95,1,0
BRDA:905,96,0,0
BRDA:905,96,1,0
BRDA:905,97,0,0
BRDA:905,97,1,0
BRDA:905,97,2,0
BRDA:905,97,3,0
BRDA:905,97,4,0
BRDA:905,97,5,0
BRDA:910,98,0,0
BRDA:910,98,1,0
BRDA:915,99,0,0
BRDA:915,99,1,0
BRDA:916,100,0,0
BRDA:916,100,1,0
BRDA:932,101,0,0
BRDA:932,101,1,0
BRDA:948,102,0,0
BRDA:948,102,1,0
BRDA:968,103,0,0
BRDA:968,103,1,0
BRDA:985,104,0,0
BRDA:985,104,1,0
BRDA:985,105,0,0
BRDA:985,105,1,0
BRDA:985,105,2,0
BRDA:998,106,0,0
BRDA:998,106,1,0
BRDA:1001,107,0,0
BRDA:1001,107,1,0
BRDA:1002,108,0,0
BRDA:1002,108,1,0
BRDA:1003,109,0,0
BRDA:1003,109,1,0
BRDA:1010,110,0,0
BRDA:1010,110,1,0
BRDA:1010,111,0,0
BRDA:1010,111,1,0
BRDA:1010,111,2,0
BRDA:1025,112,0,0
BRDA:1025,112,1,0
BRDA:1032,113,0,0
BRDA:1032,113,1,0
BRDA:1047,114,0,0
BRDA:1053,115,0,0
BRDA:1053,116,0,0
BRDA:1054,117,0,0
BRDA:1054,117,1,0
BRDA:1066,118,0,0
BRDA:1066,118,1,0
BRDA:1079,119,0,0
BRDA:1079,119,1,0
BRDA:1099,120,0,0
BRDA:1099,120,1,0
BRDA:1100,121,0,0
BRDA:1100,121,1,0
BRDA:1103,122,0,0
BRDA:1103,122,1,0
BRDA:1114,123,0,4
BRDA:1114,123,1,0
BRDA:1114,124,0,4
BRDA:1114,124,1,4
BRDA:1124,125,0,0
BRDA:1124,125,1,0
BRDA:1126,126,0,0
BRDA:1126,126,1,0
BRDA:1126,127,0,0
BRDA:1126,127,1,0
BRDA:1126,127,2,0
BRDA:1126,127,3,0
BRDA:1132,128,0,0
BRDA:1132,128,1,0
BRDA:1135,129,0,0
BRDA:1135,129,1,0
BRDA:1136,130,0,0
BRDA:1136,130,1,0
BRDA:1138,131,0,0
BRDA:1138,131,1,0
BRDA:1141,132,0,0
BRDA:1141,132,1,0
BRDA:1158,133,0,0
BRDA:1158,133,1,0
BRDA:1158,134,0,0
BRDA:1158,134,1,0
BRDA:1159,135,0,0
BRDA:1159,135,1,0
BRDA:1177,136,0,0
BRDA:1177,136,1,0
BRDA:1177,137,0,0
BRDA:1177,137,1,0
BRDA:1177,137,2,0
BRDA:1182,138,0,0
BRDA:1182,138,1,0
BRDA:1183,139,0,0
BRDA:1183,139,1,0
BRDA:1195,140,0,0
BRDA:1195,140,1,0
BRDA:1197,141,0,0
BRDA:1197,141,1,0
BRDA:1202,142,0,0
BRDA:1202,142,1,0
BRDA:1210,143,0,0
BRDA:1210,143,1,0
BRDA:1213,144,0,0
BRDA:1213,144,1,0
BRDA:1220,145,0,0
BRDA:1220,145,1,0
BRDA:1243,146,0,0
BRDA:1243,146,1,0
BRDA:1259,147,0,1
BRDA:1259,147,1,3
BRDA:1259,148,0,4
BRDA:1259,148,1,4
BRDA:1262,149,0,1
BRDA:1262,149,1,0
BRDA:1263,150,0,0
BRDA:1263,150,1,1
BRDA:1268,151,0,1
BRDA:1268,151,1,3
BRDA:1268,152,0,4
BRDA:1268,152,1,4
BRDA:1271,153,0,1
BRDA:1271,153,1,0
BRDA:1272,154,0,0
BRDA:1272,154,1,1
BRDA:1281,155,0,0
BRDA:1281,155,1,4
BRDA:1288,156,0,0
BRDA:1288,156,1,4
BRDA:1290,157,0,0
BRDA:1290,157,1,0
BRDA:1290,158,0,0
BRDA:1290,158,1,0
BRDA:1297,159,0,0
BRDA:1297,159,1,4
BRDA:1300,160,0,0
BRDA:1300,160,1,0
BRDA:1300,161,0,0
BRDA:1300,161,1,0
BRDA:1312,162,0,2
BRDA:1312,162,1,2
BRDA:1312,163,0,4
BRDA:1312,163,1,4
BRDA:1315,164,0,2
BRDA:1315,164,1,0
BRDA:1318,165,0,0
BRDA:1318,165,1,2
BRDA:1341,166,0,0
BRDA:1341,166,1,0
BRDA:1341,167,0,0
BRDA:1341,167,1,0
BRDA:1341,167,2,0
BRDA:1345,168,0,0
BRDA:1345,168,1,0
BRDA:1359,169,0,0
BRDA:1359,169,1,0
BRDA:1359,170,0,0
BRDA:1359,170,1,0
BRDA:1359,170,2,0
BRDA:1363,171,0,0
BRDA:1363,171,1,0
BRDA:1374,172,0,0
BRDA:1374,172,1,0
BRDA:1374,173,0,0
BRDA:1374,173,1,0
BRDA:1374,173,2,0
BRDA:1374,173,3,0
BRDA:1379,174,0,0
BRDA:1379,174,1,0
BRDA:1391,175,0,0
BRDA:1391,175,1,0
BRDA:1392,176,0,0
BRDA:1392,176,1,0
BRDA:1392,176,2,0
BRDA:1393,177,0,0
BRDA:1393,177,1,0
BRDA:1398,178,0,0
BRDA:1398,178,1,0
BRDA:1400,179,0,0
BRDA:1400,179,1,0
BRDA:1409,180,0,0
BRDA:1409,180,1,0
BRDA:1419,181,0,0
BRDA:1419,181,1,0
BRDA:1421,182,0,0
BRDA:1421,182,1,0
BRDA:1423,183,0,0
BRDA:1423,183,1,0
BRDA:1456,184,0,0
BRDA:1456,184,1,0
BRDA:1458,185,0,0
BRDA:1458,185,1,0
BRDA:1458,186,0,0
BRDA:1458,186,1,0
BRDA:1459,187,0,0
BRDA:1459,187,1,0
BRDA:1459,188,0,0
BRDA:1459,188,1,0
BRDA:1466,189,0,0
BRDA:1466,189,1,0
BRDA:1466,190,0,0
BRDA:1466,190,1,0
BRDA:1467,191,0,0
BRDA:1467,191,1,0
BRDA:1468,192,0,0
BRDA:1468,192,1,0
BRDA:1482,193,0,0
BRDA:1482,193,1,0
BRDA:1493,194,0,0
BRDA:1493,194,1,0
BRDA:1518,195,0,0
BRDA:1518,195,1,0
BRDA:1520,196,0,0
BRDA:1520,196,1,0
BRDA:1521,197,0,0
BRDA:1521,197,1,0
BRDA:1521,198,0,0
BRDA:1521,198,1,0
BRDA:1521,198,2,0
BRDA:1521,198,3,0
BRDA:1526,199,0,0
BRDA:1526,199,1,0
BRDA:1533,200,0,0
BRDA:1533,200,1,0
BRDA:1541,201,0,0
BRDA:1541,201,1,0
BRDA:1541,202,0,0
BRDA:1541,202,1,0
BRDA:1541,202,2,0
BRDA:1541,202,3,0
BRDA:1548,203,0,0
BRDA:1548,203,1,0
BRDA:1548,204,0,0
BRDA:1548,204,1,0
BRDA:1548,204,2,0
BRDA:1548,204,3,0
BRDA:1548,204,4,0
BRDA:1550,205,0,0
BRDA:1550,205,1,0
BRDA:1550,206,0,0
BRDA:1550,206,1,0
BRDA:1554,207,0,0
BRDA:1554,207,1,0
BRDA:1559,208,0,0
BRDA:1559,208,1,0
BRDA:1562,209,0,0
BRDA:1562,209,1,0
BRDA:1573,210,0,0
BRDA:1573,210,1,0
BRDA:1577,211,0,0
BRDA:1577,211,1,0
BRDA:1590,212,0,0
BRDA:1590,212,1,0
BRDA:1592,213,0,0
BRDA:1592,213,1,0
BRDA:1593,214,0,0
BRDA:1593,214,1,0
BRDA:1596,215,0,0
BRDA:1596,215,1,0
BRDA:1596,216,0,0
BRDA:1596,216,1,0
BRDA:1604,217,0,0
BRDA:1604,217,1,0
BRDA:1604,218,0,0
BRDA:1604,218,1,0
BRDA:1606,219,0,0
BRDA:1606,219,1,0
BRDA:1607,220,0,0
BRDA:1607,220,1,0
BRDA:1632,221,0,0
BRDA:1632,221,1,0
BRDA:1643,222,0,0
BRDA:1643,222,1,0
BRDA:1651,223,0,0
BRDA:1651,223,1,0
BRDA:1653,224,0,0
BRDA:1653,224,1,0
BRDA:1669,225,0,0
BRDA:1669,225,1,0
BRDA:1676,226,0,0
BRDA:1676,226,1,0
BRDA:1680,227,0,0
BRDA:1680,227,1,0
BRDA:1693,228,0,0
BRDA:1693,228,1,0
BRDA:1694,229,0,0
BRDA:1694,229,1,0
BRDA:1708,230,0,0
BRDA:1708,230,1,0
BRDA:1736,231,0,0
BRDA:1736,231,1,0
BRDA:1745,232,0,0
BRDA:1745,232,1,0
BRDA:1749,233,0,0
BRDA:1749,233,1,0
BRDA:1762,234,0,0
BRDA:1764,235,0,0
BRDA:1764,235,1,0
BRDA:1791,236,0,0
BRDA:1791,236,1,0
BRDA:1801,237,0,0
BRDA:1801,238,0,0
BRDA:1802,239,0,0
BRDA:1802,239,1,0
BRDA:1802,240,0,0
BRDA:1802,240,1,0
BRDA:1802,240,2,0
BRDA:1826,241,0,0
BRDA:1826,241,1,0
BRDA:1834,242,0,0
BRDA:1834,242,1,0
BRDA:1843,243,0,0
BRDA:1843,243,1,0
BRDA:1843,244,0,0
BRDA:1843,244,1,0
BRDA:1843,245,0,0
BRDA:1843,245,1,0
BRDA:1844,246,0,0
BRDA:1844,246,1,0
BRDA:1844,247,0,0
BRDA:1844,247,1,0
BRDA:1852,248,0,0
BRDA:1852,248,1,0
BRDA:1852,248,2,0
BRDA:1852,248,3,0
BRDA:1852,248,4,0
BRDA:1858,249,0,0
BRDA:1858,249,1,0
BRDA:1868,250,0,0
BRDA:1868,250,1,0
BRDA:1868,251,0,0
BRDA:1868,251,1,0
BRDA:1868,251,2,0
BRDA:1874,252,0,0
BRDA:1874,252,1,0
BRDA:1875,253,0,0
BRDA:1875,253,1,0
BRDA:1878,254,0,0
BRDA:1878,254,1,0
BRDA:1880,255,0,0
BRDA:1880,255,1,0
BRDA:1883,256,0,0
BRDA:1883,256,1,0
BRDA:1889,257,0,0
BRDA:1889,257,1,0
BRDA:1892,258,0,0
BRDA:1892,258,1,0
BRDA:1894,259,0,0
BRDA:1894,259,1,0
BRDA:1897,260,0,0
BRDA:1897,260,1,0
BRDA:1912,261,0,0
BRDA:1912,261,1,0
BRDA:1912,262,0,0
BRDA:1912,262,1,0
BRDA:1912,262,2,0
BRDA:1914,263,0,0
BRDA:1914,263,1,0
BRDA:1934,264,0,0
BRDA:1934,264,1,0
BRDA:1934,265,0,0
BRDA:1934,265,1,0
BRDA:1936,266,0,0
BRDA:1936,266,1,0
BRDA:1956,267,0,0
BRDA:1956,267,1,0
BRDA:1959,268,0,0
BRDA:1959,268,1,0
BRDA:1959,268,2,0
BRDA:1960,269,0,0
BRDA:1960,269,1,0
BRDA:1966,270,0,0
BRDA:1966,270,1,0
BRDA:1971,271,0,0
BRDA:1971,271,1,0
BRDA:1993,272,0,0
BRDA:1993,272,1,0
BRDA:2000,273,0,0
BRDA:2000,273,1,0
BRDA:2004,274,0,0
BRDA:2004,274,1,0
BRDA:2009,275,0,0
BRDA:2009,275,1,0
BRDA:2014,276,0,0
BRDA:2014,276,1,0
BRF:583
BRH:24
end_of_record
TN:
SF:grid.js
FN:57,coordsToIndex
FN:180,updateCameraOffset
FN:217,isoToScreen
FN:231,screenToIso
FN:260,isTileValidAndFree
FN:287,getAdjacentTiles
FN:305,hasLineOfSight
FN:329,(anonymous_7)
FN:360,createTileRangeCacheKey
FN:363,(anonymous_9)
FN:364,(anonymous_10)
FN:373,getTilesInRangeBFS
FN:394,getValidNeighbors
FN:398,(anonymous_13)
FN:407,(anonymous_14)
FNF:15
FNH:11
FNDA:14,coordsToIndex
FNDA:6,updateCameraOffset
FNDA:3,isoToScreen
FNDA:2,screenToIso
FNDA:1546,isTileValidAndFree
FNDA:4,getAdjacentTiles
FNDA:67,hasLineOfSight
FNDA:320,(anonymous_7)
FNDA:3,createTileRangeCacheKey
FNDA:0,(anonymous_9)
FNDA:0,(anonymous_10)
FNDA:3,getTilesInRangeBFS
FNDA:6,getValidNeighbors
FNDA:0,(anonymous_13)
FNDA:0,(anonymous_14)
DA:12,6
DA:13,6
DA:14,6
DA:58,14
DA:154,6
DA:155,6
DA:182,6
DA:183,0
DA:185,6
DA:186,0
DA:189,6
DA:190,6
DA:192,0
DA:196,6
DA:197,6
DA:200,6
DA:201,6
DA:204,6
DA:206,6
DA:218,3
DA:219,3
DA:220,3
DA:232,2
DA:233,2
DA:236,2
DA:237,2
DA:243,2
DA:244,2
DA:247,2
DA:248,2
DA:251,2
DA:252,2
DA:254,2
DA:261,1546
DA:262,1388
DA:265,1386
DA:266,1386
DA:268,3827
DA:270,3827
DA:271,105
DA:275,1281
DA:288,4
DA:289,4
DA:291,4
DA:292,16
DA:293,16
DA:296,16
DA:297,6
DA:300,4
DA:306,67
DA:307,67
DA:308,67
DA:309,67
DA:312,67
DA:313,67
DA:314,67
DA:315,67
DA:317,67
DA:318,243
DA:319,243
DA:322,243
DA:324,112
DA:326,1
DA:329,320
DA:331,2
DA:335,240
DA:337,176
DA:338,176
DA:339,176
DA:342,176
DA:343,0
DA:344,0
DA:347,64
DA:362,3
DA:363,0
DA:364,0
DA:368,3
DA:374,3
DA:377,3
DA:378,3
DA:380,3
DA:381,1
DA:382,1
DA:385,2
DA:386,2
DA:387,2
DA:388,2
DA:389,2
DA:391,2
DA:395,6
DA:396,6
DA:398,6
DA:400,6
DA:401,24
DA:403,24
DA:405,16
DA:407,12
DA:409,12
DA:411,6
DA:414,2
DA:415,2
DA:416,10
DA:418,10
DA:420,6
DA:421,12
DA:422,12
DA:423,12
DA:425,12
DA:426,8
DA:427,8
DA:428,8
DA:429,8
DA:435,2
DA:437,0
DA:438,0
DA:440,2
DA:442,2
DA:443,2
DA:444,0
DA:448,2
DA:449,0
DA:452,2
LF:122
LH:111
BRDA:182,0,0,0
BRDA:182,0,1,6
BRDA:182,1,0,6
BRDA:182,1,1,6
BRDA:185,2,0,0
BRDA:185,2,1,6
BRDA:185,3,0,6
BRDA:185,3,1,6
BRDA:260,4,0,0
BRDA:261,5,0,158
BRDA:261,5,1,1388
BRDA:261,6,0,1546
BRDA:261,6,1,1531
BRDA:261,6,2,1457
BRDA:261,6,3,1442
BRDA:262,7,0,2
BRDA:262,7,1,1386
BRDA:265,8,0,1386
BRDA:265,8,1,0
BRDA:265,9,0,1386
BRDA:265,9,1,1386
BRDA:268,10,0,0
BRDA:268,10,1,3827
BRDA:268,11,0,3827
BRDA:268,11,1,3827
BRDA:268,11,2,3827
BRDA:268,11,3,3827
BRDA:270,12,0,105
BRDA:270,12,1,3722
BRDA:270,13,0,3827
BRDA:270,13,1,627
BRDA:296,14,0,6
BRDA:296,14,1,10
BRDA:296,15,0,16
BRDA:296,15,1,15
BRDA:296,15,2,9
BRDA:296,15,3,8
BRDA:305,16,0,0
BRDA:308,17,0,12
BRDA:308,17,1,55
BRDA:308,18,0,10
BRDA:308,18,1,57
BRDA:322,19,0,112
BRDA:322,19,1,131
BRDA:322,20,0,243
BRDA:322,20,1,176
BRDA:322,21,0,243
BRDA:322,21,1,99
BRDA:322,22,0,176
BRDA:322,22,1,96
BRDA:324,23,0,1
BRDA:324,23,1,111
BRDA:329,24,0,2
BRDA:329,24,1,109
BRDA:329,25,0,320
BRDA:329,25,1,320
BRDA:329,25,2,320
BRDA:329,25,3,54
BRDA:335,26,0,64
BRDA:335,26,1,176
BRDA:335,27,0,240
BRDA:335,27,1,106
BRDA:338,28,0,120
BRDA:338,28,1,56
BRDA:339,29,0,118
BRDA:339,29,1,58
BRDA:342,30,0,0
BRDA:342,30,1,176
BRDA:342,31,0,176
BRDA:342,31,1,176
BRDA:363,32,0,0
BRDA:363,32,1,0
BRDA:363,32,2,0
BRDA:373,33,0,0
BRDA:373,34,0,0
BRDA:380,35,0,1
BRDA:380,35,1,2
BRDA:391,36,0,1
BRDA:391,36,1,1
BRDA:398,37,0,0
BRDA:398,37,1,0
BRDA:398,37,2,0
BRDA:403,38,0,8
BRDA:403,38,1,16
BRDA:403,39,0,24
BRDA:403,39,1,20
BRDA:403,39,2,20
BRDA:403,39,3,16
BRDA:405,40,0,4
BRDA:405,40,1,12
BRDA:407,41,0,0
BRDA:407,41,1,12
BRDA:407,42,0,0
BRDA:407,42,1,0
BRDA:418,43,0,4
BRDA:418,43,1,6
BRDA:425,44,0,8
BRDA:425,44,1,4
BRDA:435,45,0,0
BRDA:435,45,1,2
BRDA:443,46,0,0
BRDA:443,46,1,2
BRDA:448,47,0,0
BRDA:448,47,1,2
BRF:104
BRH:83
end_of_record
TN:
SF:inventory.js
FN:132,(anonymous_0)
FN:138,(anonymous_1)
FN:145,(anonymous_2)
FN:154,(anonymous_3)
FN:169,(anonymous_4)
FN:173,(anonymous_5)
FN:178,(anonymous_6)
FN:187,(anonymous_7)
FN:202,(anonymous_8)
FN:206,(anonymous_9)
FN:211,(anonymous_10)
FN:240,(anonymous_11)
FN:264,(anonymous_12)
FN:281,(anonymous_13)
FN:285,(anonymous_14)
FN:297,(anonymous_15)
FN:305,(anonymous_16)
FN:325,(anonymous_17)
FNF:18
FNH:1
FNDA:5,(anonymous_0)
FNDA:0,(anonymous_1)
FNDA:0,(anonymous_2)
FNDA:0,(anonymous_3)
FNDA:0,(anonymous_4)
FNDA:0,(anonymous_5)
FNDA:0,(anonymous_6)
FNDA:0,(anonymous_7)
FNDA:0,(anonymous_8)
FNDA:0,(anonymous_9)
FNDA:0,(anonymous_10)
FNDA:0,(anonymous_11)
FNDA:0,(anonymous_12)
FNDA:0,(anonymous_13)
FNDA:0,(anonymous_14)
FNDA:0,(anonymous_15)
FNDA:0,(anonymous_16)
FNDA:0,(anonymous_17)
DA:1,5
DA:52,5
DA:76,5
DA:104,5
DA:133,5
DA:134,5
DA:135,5
DA:139,0
DA:140,0
DA:141,0
DA:146,0
DA:147,0
DA:148,0
DA:149,0
DA:150,0
DA:155,0
DA:156,0
DA:158,0
DA:159,0
DA:160,0
DA:162,0
DA:163,0
DA:164,0
DA:166,0
DA:170,0
DA:174,0
DA:179,0
DA:180,0
DA:181,0
DA:182,0
DA:183,0
DA:188,0
DA:189,0
DA:191,0
DA:192,0
DA:193,0
DA:195,0
DA:196,0
DA:197,0
DA:199,0
DA:203,0
DA:207,0
DA:212,0
DA:213,0
DA:216,0
DA:217,0
DA:218,0
DA:219,0
DA:224,0
DA:225,0
DA:229,0
DA:232,0
DA:233,0
DA:235,0
DA:236,0
DA:241,0
DA:242,0
DA:243,0
DA:245,0
DA:246,0
DA:249,0
DA:250,0
DA:254,0
DA:255,0
DA:257,0
DA:259,0
DA:260,0
DA:261,0
DA:265,0
DA:266,0
DA:269,0
DA:272,0
DA:274,0
DA:276,0
DA:277,0
DA:278,0
DA:282,0
DA:286,0
DA:287,0
DA:288,0
DA:289,0
DA:290,0
DA:293,0
DA:298,0
DA:299,0
DA:300,0
DA:301,0
DA:302,0
DA:303,0
DA:304,0
DA:305,0
DA:306,0
DA:307,0
DA:309,0
DA:311,0
DA:312,0
DA:321,0
DA:327,0
DA:328,0
DA:330,0
DA:344,5
LF:101
LH:8
BRDA:133,0,0,5
BRDA:133,0,1,5
BRDA:134,1,0,5
BRDA:134,1,1,5
BRDA:135,2,0,5
BRDA:135,2,1,5
BRDA:145,3,0,0
BRDA:145,4,0,0
BRDA:146,5,0,0
BRDA:146,5,1,0
BRDA:147,6,0,0
BRDA:147,6,1,0
BRDA:148,7,0,0
BRDA:148,7,1,0
BRDA:154,8,0,0
BRDA:154,9,0,0
BRDA:155,10,0,0
BRDA:155,10,1,0
BRDA:155,11,0,0
BRDA:155,11,1,0
BRDA:159,12,0,0
BRDA:159,12,1,0
BRDA:162,13,0,0
BRDA:162,13,1,0
BRDA:170,14,0,0
BRDA:170,14,1,0
BRDA:173,15,0,0
BRDA:178,16,0,0
BRDA:178,17,0,0
BRDA:179,18,0,0
BRDA:179,18,1,0
BRDA:180,19,0,0
BRDA:180,19,1,0
BRDA:181,20,0,0
BRDA:181,20,1,0
BRDA:187,21,0,0
BRDA:187,22,0,0
BRDA:188,23,0,0
BRDA:188,23,1,0
BRDA:188,24,0,0
BRDA:188,24,1,0
BRDA:192,25,0,0
BRDA:192,25,1,0
BRDA:195,26,0,0
BRDA:195,26,1,0
BRDA:203,27,0,0
BRDA:203,27,1,0
BRDA:206,28,0,0
BRDA:213,29,0,0
BRDA:213,29,1,0
BRDA:217,30,0,0
BRDA:217,30,1,0
BRDA:242,31,0,0
BRDA:242,31,1,0
BRDA:242,32,0,0
BRDA:242,32,1,0
BRDA:242,32,2,0
BRDA:243,33,0,0
BRDA:243,33,1,0
BRDA:249,34,0,0
BRDA:249,34,1,0
BRDA:249,35,0,0
BRDA:249,35,1,0
BRDA:266,36,0,0
BRDA:266,36,1,0
BRDA:289,37,0,0
BRDA:289,37,1,0
BRDA:289,38,0,0
BRDA:289,38,1,0
BRDA:289,38,2,0
BRDA:289,38,3,0
BRDA:301,39,0,0
BRDA:301,39,1,0
BRDA:303,40,0,0
BRDA:303,40,1,0
BRDA:306,41,0,0
BRDA:306,41,1,0
BRDA:311,42,0,0
BRDA:311,42,1,0
BRDA:327,43,0,0
BRDA:327,43,1,0
BRF:81
BRH:6
end_of_record
TN:
SF:loop.js
FN:28,(anonymous_0)
FN:32,(anonymous_1)
FN:36,(anonymous_2)
FN:48,(anonymous_3)
FN:56,(anonymous_4)
FN:61,(anonymous_5)
FN:90,startGameLoop
FN:91,gameLoop
FN:118,(anonymous_8)
FN:123,(anonymous_9)
FN:127,(anonymous_10)
FNF:11
FNH:0
FNDA:0,(anonymous_0)
FNDA:0,(anonymous_1)
FNDA:0,(anonymous_2)
FNDA:0,(anonymous_3)
FNDA:0,(anonymous_4)
FNDA:0,(anonymous_5)
FNDA:0,startGameLoop
FNDA:0,gameLoop
FNDA:0,(anonymous_8)
FNDA:0,(anonymous_9)
FNDA:0,(anonymous_10)
DA:25,0
DA:26,0
DA:27,0
DA:28,0
DA:29,0
DA:30,0
DA:31,0
DA:32,0
DA:33,0
DA:34,0
DA:35,0
DA:36,0
DA:39,0
DA:40,0
DA:41,0
DA:42,0
DA:45,0
DA:46,0
DA:47,0
DA:48,0
DA:49,0
DA:50,0
DA:53,0
DA:54,0
DA:55,0
DA:56,0
DA:58,0
DA:59,0
DA:60,0
DA:61,0
DA:65,0
DA:73,0
DA:86,0
DA:87,0
DA:88,0
DA:92,0
DA:94,0
DA:95,0
DA:96,0
DA:99,0
DA:100,0
DA:101,0
DA:102,0
DA:103,0
DA:104,0
DA:105,0
DA:106,0
DA:107,0
DA:109,0
DA:110,0
DA:111,0
DA:114,0
DA:115,0
DA:118,0
DA:123,0
DA:126,0
DA:127,0
DA:138,0
DA:141,0
DA:144,0
DA:145,0
DA:168,0
DA:170,0
DA:171,0
DA:172,0
DA:173,0
DA:174,0
DA:175,0
DA:177,0
DA:178,0
DA:179,0
DA:182,0
DA:183,0
DA:186,0
DA:189,0
DA:190,0
DA:195,0
DA:197,0
DA:198,0
DA:201,0
DA:203,0
LF:81
LH:0
BRDA:91,0,0,0
BRDA:95,1,0,0
BRDA:95,1,1,0
BRDA:117,2,0,0
BRDA:117,2,1,0
BRDA:121,3,0,0
BRDA:121,3,1,0
BRDA:126,4,0,0
BRDA:126,4,1,0
BRDA:126,5,0,0
BRDA:126,5,1,0
BRDA:189,6,0,0
BRDA:189,6,1,0
BRDA:195,7,0,0
BRDA:195,7,1,0
BRDA:195,7,2,0
BRDA:195,7,3,0
BRDA:195,7,4,0
BRDA:195,7,5,0
BRDA:197,8,0,0
BRDA:197,8,1,0
BRDA:197,9,0,0
BRDA:197,9,1,0
BRF:23
BRH:0
end_of_record
TN:
SF:multiplayer-inventory.js
FN:9,(anonymous_0)
FN:27,(anonymous_1)
FN:32,(anonymous_2)
FN:42,(anonymous_3)
FN:52,(anonymous_4)
FN:61,(anonymous_5)
FN:78,(anonymous_6)
FN:94,(anonymous_7)
FN:113,(anonymous_8)
FN:117,(anonymous_9)
FN:122,(anonymous_10)
FN:135,(anonymous_11)
FN:153,(anonymous_12)
FN:157,(anonymous_13)
FN:162,(anonymous_14)
FN:196,(anonymous_15)
FN:232,(anonymous_16)
FN:248,(anonymous_17)
FN:252,(anonymous_18)
FN:264,(anonymous_19)
FN:272,(anonymous_20)
FN:282,(anonymous_21)
FN:296,(anonymous_22)
FN:303,(anonymous_23)
FN:307,(anonymous_24)
FN:311,(anonymous_25)
FN:320,(anonymous_26)
FN:324,(anonymous_27)
FN:335,(anonymous_28)
FNF:29
FNH:0
FNDA:0,(anonymous_0)
FNDA:0,(anonymous_1)
FNDA:0,(anonymous_2)
FNDA:0,(anonymous_3)
FNDA:0,(anonymous_4)
FNDA:0,(anonymous_5)
FNDA:0,(anonymous_6)
FNDA:0,(anonymous_7)
FNDA:0,(anonymous_8)
FNDA:0,(anonymous_9)
FNDA:0,(anonymous_10)
FNDA:0,(anonymous_11)
FNDA:0,(anonymous_12)
FNDA:0,(anonymous_13)
FNDA:0,(anonymous_14)
FNDA:0,(anonymous_15)
FNDA:0,(anonymous_16)
FNDA:0,(anonymous_17)
FNDA:0,(anonymous_18)
FNDA:0,(anonymous_19)
FNDA:0,(anonymous_20)
FNDA:0,(anonymous_21)
FNDA:0,(anonymous_22)
FNDA:0,(anonymous_23)
FNDA:0,(anonymous_24)
FNDA:0,(anonymous_25)
FNDA:0,(anonymous_26)
FNDA:0,(anonymous_27)
FNDA:0,(anonymous_28)
DA:11,0
DA:12,0
DA:13,0
DA:14,0
DA:15,0
DA:18,0
DA:21,0
DA:29,0
DA:32,0
DA:33,0
DA:36,0
DA:43,0
DA:44,0
DA:45,0
DA:53,0
DA:54,0
DA:62,0
DA:63,0
DA:64,0
DA:65,0
DA:66,0
DA:69,0
DA:72,0
DA:74,0
DA:79,0
DA:82,0
DA:84,0
DA:85,0
DA:90,0
DA:91,0
DA:95,0
DA:96,0
DA:100,0
DA:101,0
DA:102,0
DA:105,0
DA:106,0
DA:109,0
DA:110,0
DA:114,0
DA:118,0
DA:123,0
DA:125,0
DA:127,0
DA:128,0
DA:131,0
DA:132,0
DA:136,0
DA:137,0
DA:140,0
DA:141,0
DA:142,0
DA:145,0
DA:146,0
DA:149,0
DA:150,0
DA:154,0
DA:158,0
DA:163,0
DA:164,0
DA:165,0
DA:166,0
DA:170,0
DA:171,0
DA:172,0
DA:173,0
DA:178,0
DA:179,0
DA:182,0
DA:183,0
DA:185,0
DA:187,0
DA:188,0
DA:190,0
DA:191,0
DA:197,0
DA:198,0
DA:199,0
DA:200,0
DA:203,0
DA:204,0
DA:205,0
DA:209,0
DA:210,0
DA:213,0
DA:214,0
DA:216,0
DA:217,0
DA:220,0
DA:221,0
DA:223,0
DA:224,0
DA:225,0
DA:227,0
DA:228,0
DA:233,0
DA:234,0
DA:235,0
DA:236,0
DA:240,0
DA:241,0
DA:243,0
DA:244,0
DA:245,0
DA:249,0
DA:253,0
DA:254,0
DA:255,0
DA:256,0
DA:257,0
DA:260,0
DA:265,0
DA:268,0
DA:274,0
DA:275,0
DA:277,0
DA:283,0
DA:298,0
DA:299,0
DA:304,0
DA:308,0
DA:312,0
DA:317,0
DA:320,0
DA:321,0
DA:324,0
DA:325,0
DA:326,0
DA:329,0
DA:331,0
DA:335,0
DA:336,0
DA:337,0
DA:339,0
DA:341,0
DA:349,0
LF:136
LH:0
BRDA:43,0,0,0
BRDA:43,0,1,0
BRDA:53,1,0,0
BRDA:53,1,1,0
BRDA:53,2,0,0
BRDA:53,2,1,0
BRDA:65,3,0,0
BRDA:65,3,1,0
BRDA:66,4,0,0
BRDA:66,4,1,0
BRDA:78,5,0,0
BRDA:78,6,0,0
BRDA:79,7,0,0
BRDA:79,7,1,0
BRDA:82,8,0,0
BRDA:82,8,1,0
BRDA:84,9,0,0
BRDA:84,9,1,0
BRDA:94,10,0,0
BRDA:94,11,0,0
BRDA:95,12,0,0
BRDA:95,12,1,0
BRDA:95,13,0,0
BRDA:95,13,1,0
BRDA:101,14,0,0
BRDA:101,14,1,0
BRDA:105,15,0,0
BRDA:105,15,1,0
BRDA:114,16,0,0
BRDA:114,16,1,0
BRDA:117,17,0,0
BRDA:122,18,0,0
BRDA:122,19,0,0
BRDA:123,20,0,0
BRDA:123,20,1,0
BRDA:125,21,0,0
BRDA:125,21,1,0
BRDA:127,22,0,0
BRDA:127,22,1,0
BRDA:135,23,0,0
BRDA:135,24,0,0
BRDA:136,25,0,0
BRDA:136,25,1,0
BRDA:136,26,0,0
BRDA:136,26,1,0
BRDA:141,27,0,0
BRDA:141,27,1,0
BRDA:145,28,0,0
BRDA:145,28,1,0
BRDA:154,29,0,0
BRDA:154,29,1,0
BRDA:157,30,0,0
BRDA:164,31,0,0
BRDA:164,31,1,0
BRDA:171,32,0,0
BRDA:171,32,1,0
BRDA:178,33,0,0
BRDA:178,33,1,0
BRDA:178,34,0,0
BRDA:178,34,1,0
BRDA:198,35,0,0
BRDA:198,35,1,0
BRDA:198,36,0,0
BRDA:198,36,1,0
BRDA:198,36,2,0
BRDA:203,37,0,0
BRDA:203,37,1,0
BRDA:209,38,0,0
BRDA:209,38,1,0
BRDA:209,39,0,0
BRDA:209,39,1,0
BRDA:216,40,0,0
BRDA:216,40,1,0
BRDA:216,41,0,0
BRDA:216,41,1,0
BRDA:234,42,0,0
BRDA:234,42,1,0
BRDA:256,43,0,0
BRDA:256,43,1,0
BRDA:256,44,0,0
BRDA:256,44,1,0
BRDA:256,44,2,0
BRDA:256,44,3,0
BRDA:274,45,0,0
BRDA:274,45,1,0
BRDA:325,46,0,0
BRDA:325,46,1,0
BRDA:336,47,0,0
BRDA:336,47,1,0
BRF:89
BRH:0
end_of_record
TN:
SF:rooms.js
FN:4,createEmptyGrid
FN:5,(anonymous_1)
FN:16,(anonymous_2)
FN:62,(anonymous_3)
FN:86,(anonymous_4)
FN:90,(anonymous_5)
FN:91,(anonymous_6)
FN:92,(anonymous_7)
FN:93,(anonymous_8)
FN:118,(anonymous_9)
FN:141,getRoomData
FN:142,(anonymous_11)
FNF:12
FNH:12
FNDA:24,createEmptyGrid
FNDA:312,(anonymous_1)
FNDA:6,(anonymous_2)
FNDA:6,(anonymous_3)
FNDA:6,(anonymous_4)
FNDA:1176,(anonymous_5)
FNDA:1146,(anonymous_6)
FNDA:1116,(anonymous_7)
FNDA:1086,(anonymous_8)
FNDA:6,(anonymous_9)
FNDA:35,getRoomData
FNDA:83,(anonymous_11)
DA:5,312
DA:8,6
DA:17,6
DA:19,6
DA:20,6
DA:21,6
DA:22,6
DA:25,6
DA:26,6
DA:28,6
DA:63,6
DA:65,6
DA:66,6
DA:67,6
DA:68,6
DA:87,6
DA:88,6
DA:89,6
DA:90,1176
DA:91,1146
DA:92,1116
DA:93,1086
DA:94,6
DA:95,84
DA:96,1176
DA:97,120
DA:101,6
DA:119,6
DA:121,36
DA:122,6
DA:124,24
DA:125,24
DA:127,6
DA:128,6
DA:142,83
LF:35
LH:35
BRDA:90,0,0,1176
BRDA:90,0,1,84
BRDA:90,0,2,66
BRDA:90,0,3,1158
BRDA:90,0,4,78
BRDA:90,0,5,60
BRDA:91,1,0,1146
BRDA:91,1,1,84
BRDA:91,1,2,66
BRDA:91,1,3,1128
BRDA:91,1,4,60
BRDA:91,1,5,30
BRDA:92,2,0,1116
BRDA:92,2,1,66
BRDA:92,2,2,36
BRDA:92,2,3,1098
BRDA:92,2,4,78
BRDA:92,2,5,60
BRDA:93,3,0,1086
BRDA:93,3,1,66
BRDA:93,3,2,36
BRDA:93,3,3,1068
BRDA:93,3,4,60
BRDA:93,3,5,30
BRDA:96,4,0,120
BRDA:96,4,1,1056
BRDA:96,5,0,1176
BRDA:96,5,1,1146
BRDA:96,5,2,1116
BRDA:96,5,3,1086
BRDA:124,6,0,18
BRDA:124,6,1,6
BRF:32
BRH:32
end_of_record
TN:
SF:spells.js
FN:11,(anonymous_0)
FN:21,(anonymous_1)
FN:31,(anonymous_2)
FN:42,(anonymous_3)
FN:54,(anonymous_4)
FN:66,(anonymous_5)
FN:78,(anonymous_6)
FN:97,setSelectedSpell
FN:107,getSelectedSpellIndex
FN:115,getSelectedSpell
FNF:10
FNH:10
FNDA:35,(anonymous_0)
FNDA:35,(anonymous_1)
FNDA:35,(anonymous_2)
FNDA:35,(anonymous_3)
FNDA:35,(anonymous_4)
FNDA:35,(anonymous_5)
FNDA:26,(anonymous_6)
FNDA:8,setSelectedSpell
FNDA:5,getSelectedSpellIndex
FNDA:3,getSelectedSpell
DA:6,6
DA:11,35
DA:21,35
DA:31,35
DA:42,35
DA:54,35
DA:66,35
DA:78,26
DA:91,6
DA:98,8
DA:99,6
DA:108,5
DA:116,3
LF:13
LH:13
BRDA:98,0,0,6
BRDA:98,0,1,2
BRDA:98,1,0,8
BRDA:98,1,1,7
BRF:4
BRH:4
end_of_record
TN:
SF:ui.js
FN:8,handleFirstInteraction
FN:25,initAudioInteraction
FN:33,showMessage
FN:38,(anonymous_3)
FN:44,updateHealthBar
FN:61,updateUI
FN:81,(anonymous_6)
FN:109,(anonymous_7)
FN:133,(anonymous_8)
FN:142,(anonymous_9)
FN:143,(anonymous_10)
FN:144,(anonymous_11)
FN:164,updateSpellBarSelection
FN:182,setupSpellBarListeners
FN:189,(anonymous_14)
FN:202,(anonymous_15)
FN:229,updateAllUI
FN:280,playSound
FN:295,(anonymous_18)
FN:309,stopSound
FN:318,updateTurnOrder
FN:351,setupSpellTooltips
FN:364,(anonymous_22)
FN:377,(anonymous_23)
FN:382,(anonymous_24)
FN:387,(anonymous_25)
FN:394,(anonymous_26)
FN:400,(anonymous_27)
FN:406,(anonymous_28)
FN:420,(anonymous_29)
FN:435,(anonymous_30)
FNF:31
FNH:0
FNDA:0,handleFirstInteraction
FNDA:0,initAudioInteraction
FNDA:0,showMessage
FNDA:0,(anonymous_3)
FNDA:0,updateHealthBar
FNDA:0,updateUI
FNDA:0,(anonymous_6)
FNDA:0,(anonymous_7)
FNDA:0,(anonymous_8)
FNDA:0,(anonymous_9)
FNDA:0,(anonymous_10)
FNDA:0,(anonymous_11)
FNDA:0,updateSpellBarSelection
FNDA:0,setupSpellBarListeners
FNDA:0,(anonymous_14)
FNDA:0,(anonymous_15)
FNDA:0,updateAllUI
FNDA:0,playSound
FNDA:0,(anonymous_18)
FNDA:0,stopSound
FNDA:0,updateTurnOrder
FNDA:0,setupSpellTooltips
FNDA:0,(anonymous_22)
FNDA:0,(anonymous_23)
FNDA:0,(anonymous_24)
FNDA:0,(anonymous_25)
FNDA:0,(anonymous_26)
FNDA:0,(anonymous_27)
FNDA:0,(anonymous_28)
FNDA:0,(anonymous_29)
FNDA:0,(anonymous_30)
DA:6,4
DA:9,0
DA:10,0
DA:11,0
DA:21,0
DA:22,0
DA:27,0
DA:28,0
DA:34,0
DA:35,0
DA:36,0
DA:37,0
DA:38,0
DA:39,0
DA:45,0
DA:47,0
DA:48,0
DA:51,0
DA:52,0
DA:53,0
DA:55,0
DA:56,0
DA:70,0
DA:72,0
DA:81,0
DA:82,0
DA:83,0
DA:87,0
DA:88,0
DA:89,0
DA:93,0
DA:94,0
DA:95,0
DA:96,0
DA:100,0
DA:109,0
DA:110,0
DA:111,0
DA:112,0
DA:116,0
DA:117,0
DA:118,0
DA:121,0
DA:122,0
DA:123,0
DA:124,0
DA:125,0
DA:126,0
DA:127,0
DA:128,0
DA:132,0
DA:133,0
DA:134,0
DA:135,0
DA:137,0
DA:138,0
DA:140,0
DA:142,0
DA:143,0
DA:144,0
DA:145,0
DA:147,0
DA:150,0
DA:151,0
DA:154,0
DA:155,0
DA:156,0
DA:165,0
DA:166,0
DA:167,0
DA:168,0
DA:169,0
DA:183,0
DA:184,0
DA:185,0
DA:186,0
DA:189,0
DA:191,0
DA:192,0
DA:193,0
DA:195,0
DA:196,0
DA:197,0
DA:198,0
DA:202,0
DA:207,0
DA:209,0
DA:210,0
DA:211,0
DA:212,0
DA:213,0
DA:223,0
DA:252,0
DA:261,0
DA:262,0
DA:263,0
DA:264,0
DA:266,0
DA:267,0
DA:268,0
DA:269,0
DA:273,4
DA:282,0
DA:284,0
DA:287,0
DA:288,0
DA:289,0
DA:290,0
DA:291,0
DA:292,0
DA:294,0
DA:295,0
DA:297,0
DA:304,0
DA:310,0
DA:311,0
DA:312,0
DA:319,0
DA:320,0
DA:321,0
DA:322,0
DA:323,0
DA:325,0
DA:328,0
DA:329,0
DA:330,0
DA:333,0
DA:334,0
DA:335,0
DA:336,0
DA:337,0
DA:338,0
DA:341,0
DA:342,0
DA:343,0
DA:345,0
DA:346,0
DA:352,0
DA:353,0
DA:354,0
DA:356,0
DA:357,0
DA:358,0
DA:360,0
DA:362,0
DA:364,0
DA:365,0
DA:366,0
DA:367,0
DA:368,0
DA:369,0
DA:370,0
DA:371,0
DA:372,0
DA:373,0
DA:374,0
DA:377,0
DA:378,0
DA:382,0
DA:384,0
DA:385,0
DA:387,0
DA:389,0
DA:390,0
DA:394,0
DA:395,0
DA:396,0
DA:397,0
DA:398,0
DA:399,0
DA:400,0
DA:401,0
DA:402,0
DA:406,0
DA:407,0
DA:408,0
DA:409,0
DA:410,0
DA:411,0
DA:413,0
DA:414,0
DA:415,0
DA:420,0
DA:422,0
DA:423,0
DA:426,0
DA:427,0
DA:428,0
DA:435,0
DA:436,0
DA:437,0
DA:438,0
DA:439,0
LF:193
LH:2
BRDA:9,0,0,0
BRDA:9,0,1,0
BRDA:33,1,0,0
BRDA:47,2,0,0
BRDA:47,2,1,0
BRDA:52,3,0,0
BRDA:52,3,1,0
BRDA:53,4,0,0
BRDA:53,4,1,0
BRDA:55,5,0,0
BRDA:55,5,1,0
BRDA:67,6,0,0
BRDA:70,7,0,0
BRDA:70,7,1,0
BRDA:83,8,0,0
BRDA:83,8,1,0
BRDA:88,9,0,0
BRDA:88,9,1,0
BRDA:88,10,0,0
BRDA:88,10,1,0
BRDA:111,11,0,0
BRDA:111,11,1,0
BRDA:111,12,0,0
BRDA:111,12,1,0
BRDA:111,13,0,0
BRDA:111,13,1,0
BRDA:112,14,0,0
BRDA:112,14,1,0
BRDA:112,15,0,0
BRDA:112,15,1,0
BRDA:122,16,0,0
BRDA:122,16,1,0
BRDA:122,17,0,0
BRDA:122,17,1,0
BRDA:122,17,2,0
BRDA:122,17,3,0
BRDA:122,17,4,0
BRDA:127,18,0,0
BRDA:127,18,1,0
BRDA:132,19,0,0
BRDA:132,19,1,0
BRDA:132,20,0,0
BRDA:132,20,1,0
BRDA:132,20,2,0
BRDA:132,20,3,0
BRDA:134,21,0,0
BRDA:134,21,1,0
BRDA:134,22,0,0
BRDA:134,22,1,0
BRDA:135,23,0,0
BRDA:135,23,1,0
BRDA:140,24,0,0
BRDA:140,24,1,0
BRDA:151,25,0,0
BRDA:151,25,1,0
BRDA:154,26,0,0
BRDA:154,26,1,0
BRDA:154,26,2,0
BRDA:154,26,3,0
BRDA:154,26,4,0
BRDA:155,27,0,0
BRDA:155,27,1,0
BRDA:156,28,0,0
BRDA:156,28,1,0
BRDA:156,28,2,0
BRDA:156,28,3,0
BRDA:156,28,4,0
BRDA:167,29,0,0
BRDA:167,29,1,0
BRDA:168,30,0,0
BRDA:168,30,1,0
BRDA:169,31,0,0
BRDA:169,31,1,0
BRDA:185,32,0,0
BRDA:185,32,1,0
BRDA:191,33,0,0
BRDA:191,33,1,0
BRDA:207,34,0,0
BRDA:207,34,1,0
BRDA:249,35,0,0
BRDA:262,36,0,0
BRDA:262,36,1,0
BRDA:263,37,0,0
BRDA:263,37,1,0
BRDA:264,38,0,0
BRDA:264,38,1,0
BRDA:266,39,0,0
BRDA:266,39,1,0
BRDA:266,40,0,0
BRDA:266,40,1,0
BRDA:267,41,0,0
BRDA:267,41,1,0
BRDA:268,42,0,0
BRDA:268,42,1,0
BRDA:282,43,0,0
BRDA:282,43,1,0
BRDA:287,44,0,0
BRDA:287,44,1,0
BRDA:289,45,0,0
BRDA:289,45,1,0
BRDA:310,46,0,0
BRDA:310,46,1,0
BRDA:325,47,0,0
BRDA:325,47,1,0
BRDA:325,48,0,0
BRDA:325,48,1,0
BRDA:325,48,2,0
BRDA:325,48,3,0
BRDA:325,48,4,0
BRDA:329,49,0,0
BRDA:329,49,1,0
BRDA:330,50,0,0
BRDA:330,50,1,0
BRDA:341,51,0,0
BRDA:341,51,1,0
BRDA:358,52,0,0
BRDA:358,52,1,0
BRDA:366,53,0,0
BRDA:366,53,1,0
BRDA:366,54,0,0
BRDA:366,54,1,0
BRDA:384,55,0,0
BRDA:384,55,1,0
BRDA:389,56,0,0
BRDA:389,56,1,0
BRDA:407,57,0,0
BRDA:407,57,1,0
BRDA:410,58,0,0
BRDA:410,58,1,0
BRDA:410,59,0,0
BRDA:410,59,1,0
BRDA:413,60,0,0
BRDA:413,60,1,0
BRDA:423,61,0,0
BRDA:423,61,1,0
BRDA:437,62,0,0
BRDA:437,62,1,0
BRF:137
BRH:0
end_of_record
TN:
SF:client/multiplayer.js
FN:10,(anonymous_0)
FN:27,(anonymous_1)
FN:46,(anonymous_2)
FN:47,(anonymous_3)
FN:51,(anonymous_4)
FN:58,(anonymous_5)
FN:74,(anonymous_6)
FN:86,(anonymous_7)
FN:88,(anonymous_8)
FN:94,(anonymous_9)
FN:100,(anonymous_10)
FN:106,(anonymous_11)
FN:133,(anonymous_12)
FN:139,(anonymous_13)
FN:149,(anonymous_14)
FN:159,(anonymous_15)
FN:167,(anonymous_16)
FN:175,(anonymous_17)
FN:183,(anonymous_18)
FN:188,(anonymous_19)
FN:196,(anonymous_20)
FN:201,(anonymous_21)
FN:205,(anonymous_22)
FN:210,(anonymous_23)
FN:216,(anonymous_24)
FN:229,(anonymous_25)
FN:240,(anonymous_26)
FN:248,(anonymous_27)
FN:256,(anonymous_28)
FN:264,(anonymous_29)
FN:272,(anonymous_30)
FN:280,(anonymous_31)
FN:286,(anonymous_32)
FN:296,(anonymous_33)
FN:305,(anonymous_34)
FN:311,(anonymous_35)
FN:317,(anonymous_36)
FN:326,(anonymous_37)
FN:341,(anonymous_38)
FN:347,(anonymous_39)
FN:356,(anonymous_40)
FN:368,(anonymous_41)
FN:380,(anonymous_42)
FN:387,(anonymous_43)
FN:394,(anonymous_44)
FN:402,(anonymous_45)
FN:413,(anonymous_46)
[...]
BRDA:180,23,0,6
BRDA:181,24,0,3
BRDA:181,24,1,4
BRDA:182,25,0,1
BRDA:182,25,1,2
BRDA:185,26,0,1
BRDA:185,26,1,1
BRDA:203,27,0,0
BRDA:203,27,1,3
BRDA:203,28,0,3
BRDA:203,28,1,0
BRDA:235,29,0,1
BRDA:235,29,1,2
BRDA:251,30,0,0
BRDA:252,31,0,8
BRDA:252,31,1,2
BRDA:253,32,0,8
BRDA:253,32,1,0
BRDA:254,33,0,8
BRDA:254,33,1,7
BRDA:255,34,0,8
BRDA:255,34,1,8
BRDA:259,35,0,3
BRDA:260,36,0,3
BRDA:260,36,1,3
BRDA:269,37,0,1
BRDA:269,37,1,4
BRDA:290,38,0,0
BRDA:290,38,1,8
BRDA:308,39,0,1
BRDA:308,39,1,3
BRDA:308,40,0,4
BRDA:308,40,1,3
BRDA:312,41,0,0
BRDA:312,41,1,4
BRDA:312,42,0,4
BRDA:312,42,1,4
BRDA:316,43,0,1
BRDA:316,43,1,3
BRDA:316,44,0,4
BRDA:316,44,1,2
BRDA:316,44,2,2
BRDA:316,44,3,2
BRDA:320,45,0,1
BRDA:320,45,1,3
BRDA:320,46,0,4
BRDA:320,46,1,2
BRDA:324,47,0,3
BRDA:324,47,1,1
BRDA:338,48,0,1
BRDA:338,48,1,2
BRDA:338,49,0,3
BRDA:338,49,1,2
BRDA:342,50,0,0
BRDA:342,50,1,3
BRDA:342,51,0,3
BRDA:342,51,1,3
BRDA:346,52,0,1
BRDA:346,52,1,2
BRDA:346,53,0,3
BRDA:346,53,1,3
BRDA:350,54,0,2
BRDA:350,54,1,1
BRDA:364,55,0,1
BRDA:364,55,1,5
BRDA:364,56,0,6
BRDA:364,56,1,5
BRDA:369,57,0,1
BRDA:369,57,1,5
BRDA:369,58,0,6
BRDA:369,58,1,5
BRDA:373,59,0,1
BRDA:373,59,1,5
BRDA:373,60,0,6
BRDA:373,60,1,2
BRDA:377,61,0,1
BRDA:377,61,1,5
BRDA:377,62,0,6
BRDA:377,62,1,2
BRDA:377,62,2,1
BRDA:381,63,0,4
BRDA:381,63,1,2
BRF:124
BRH:99
end_of_record
TN:
SF:utils/errors.js
FN:12,(anonymous_0)
FN:22,(anonymous_1)
FN:29,(anonymous_2)
FN:36,(anonymous_3)
FN:48,(anonymous_4)
FN:76,(anonymous_5)
FN:81,(anonymous_6)
FN:86,(anonymous_7)
FN:88,(anonymous_8)
FN:93,(anonymous_9)
FN:108,(anonymous_10)
FN:149,(anonymous_11)
FN:172,(anonymous_12)
FN:205,safeExecute
FN:225,safeExecuteAsync
FN:246,retry
FN:261,(anonymous_16)
FNF:17
FNH:10
FNDA:10,(anonymous_0)
FNDA:3,(anonymous_1)
FNDA:0,(anonymous_2)
FNDA:1,(anonymous_3)
FNDA:5,(anonymous_4)
FNDA:0,(anonymous_5)
FNDA:0,(anonymous_6)
FNDA:1,(anonymous_7)
FNDA:0,(anonymous_8)
FNDA:6,(anonymous_9)
FNDA:17,(anonymous_10)
FNDA:0,(anonymous_11)
FNDA:0,(anonymous_12)
FNDA:2,safeExecute
FNDA:0,safeExecuteAsync
FNDA:1,retry
FNDA:2,(anonymous_16)
DA:13,10
DA:14,10
DA:15,10
DA:16,10
DA:17,10
DA:23,3
DA:24,3
DA:30,0
DA:31,0
DA:37,1
DA:38,1
DA:46,8
DA:49,5
DA:61,5
DA:64,5
DA:65,0
DA:68,5
DA:69,0
DA:77,0
DA:78,0
DA:82,0
DA:83,0
DA:87,1
DA:88,0
DA:90,1
DA:94,6
DA:109,17
DA:110,1
DA:113,16
DA:114,62
DA:115,1
DA:124,15
DA:125,0
DA:132,15
DA:133,0
DA:150,0
DA:151,0
DA:158,0
DA:159,0
DA:173,0
DA:174,0
DA:177,0
DA:178,0
DA:179,0
DA:180,0
DA:184,0
DA:185,0
DA:188,0
DA:189,0
DA:192,0
DA:193,0
DA:206,2
DA:207,2
DA:209,1
DA:214,1
DA:226,0
DA:227,0
DA:229,0
DA:234,0
DA:247,1
DA:249,1
DA:250,3
DA:251,3
DA:253,2
DA:254,2
DA:260,2
DA:261,2
DA:266,0
LF:68
LH:36
BRDA:12,0,0,2
BRDA:12,1,0,2
BRDA:48,2,0,5
BRDA:64,3,0,0
BRDA:64,3,1,5
BRDA:68,4,0,0
BRDA:68,4,1,5
BRDA:69,5,0,0
BRDA:69,5,1,0
BRDA:76,6,0,0
BRDA:81,7,0,0
BRDA:86,8,0,1
BRDA:87,9,0,0
BRDA:87,9,1,1
BRDA:108,10,0,17
BRDA:109,11,0,1
BRDA:109,11,1,16
BRDA:109,12,0,17
BRDA:109,12,1,16
BRDA:114,13,0,1
BRDA:114,13,1,61
BRDA:124,14,0,0
BRDA:124,14,1,15
BRDA:124,15,0,15
BRDA:124,15,1,15
BRDA:132,16,0,0
BRDA:132,16,1,15
BRDA:132,17,0,15
BRDA:132,17,1,15
BRDA:132,17,2,15
BRDA:150,18,0,0
BRDA:150,18,1,0
BRDA:150,19,0,0
BRDA:150,19,1,0
BRDA:158,20,0,0
BRDA:158,20,1,0
BRDA:158,21,0,0
BRDA:158,21,1,0
BRDA:158,21,2,0
BRDA:158,21,3,0
BRDA:173,22,0,0
BRDA:173,22,1,0
BRDA:173,23,0,0
BRDA:173,23,1,0
BRDA:179,24,0,0
BRDA:179,24,1,0
BRDA:184,25,0,0
BRDA:184,25,1,0
BRDA:188,26,0,0
BRDA:188,26,1,0
BRDA:188,27,0,0
BRDA:188,27,1,0
BRDA:192,28,0,0
BRDA:192,28,1,0
BRDA:192,29,0,0
BRDA:192,29,1,0
BRDA:205,30,0,0
BRDA:205,31,0,1
BRDA:225,32,0,0
BRDA:225,33,0,0
BRDA:246,34,0,0
BRDA:246,35,0,0
BRDA:246,36,0,0
BRDA:260,37,0,2
BRDA:260,37,1,0
BRF:65
BRH:23
end_of_record
TN:
SF:utils/helpers.js
FN:21,(anonymous_0)
FN:33,(anonymous_1)
FN:44,(anonymous_2)
FN:55,(anonymous_3)
FN:65,(anonymous_4)
FN:75,(anonymous_5)
FN:89,(anonymous_6)
FN:104,(anonymous_7)
FN:119,(anonymous_8)
FN:125,(anonymous_9)
FN:141,(anonymous_10)
FN:155,(anonymous_11)
FN:157,(anonymous_12)
FN:168,(anonymous_13)
FN:170,(anonymous_14)
FN:185,(anonymous_15)
FN:195,(anonymous_16)
FN:212,(anonymous_17)
FN:238,(anonymous_18)
FN:259,(anonymous_19)
FN:286,(anonymous_20)
FN:300,(anonymous_21)
FN:312,(anonymous_22)
FN:322,(anonymous_23)
FN:323,(anonymous_24)
FN:332,(anonymous_25)
FN:343,(anonymous_26)
FN:355,(anonymous_27)
FN:374,(anonymous_28)
FN:407,(anonymous_29)
FN:416,(anonymous_30)
FN:434,(anonymous_31)
FN:448,(anonymous_32)
FN:450,(anonymous_33)
FN:452,(anonymous_34)
FN:462,(anonymous_35)
FN:464,(anonymous_36)
FN:468,(anonymous_37)
FNF:38
FNH:35
FNDA:7,(anonymous_0)
FNDA:2,(anonymous_1)
FNDA:12,(anonymous_2)
FNDA:3,(anonymous_3)
FNDA:10,(anonymous_4)
FNDA:10,(anonymous_5)
FNDA:0,(anonymous_6)
FNDA:1,(anonymous_7)
FNDA:2,(anonymous_8)
FNDA:3,(anonymous_9)
FNDA:1,(anonymous_10)
FNDA:1,(anonymous_11)
FNDA:2,(anonymous_12)
FNDA:1,(anonymous_13)
FNDA:2,(anonymous_14)
FNDA:2492,(anonymous_15)
FNDA:3,(anonymous_16)
FNDA:2,(anonymous_17)
FNDA:112,(anonymous_18)
FNDA:24,(anonymous_19)
FNDA:2,(anonymous_20)
FNDA:2,(anonymous_21)
FNDA:4,(anonymous_22)
FNDA:0,(anonymous_23)
FNDA:0,(anonymous_24)
FNDA:10,(anonymous_25)
FNDA:11,(anonymous_26)
FNDA:6,(anonymous_27)
FNDA:1,(anonymous_28)
FNDA:49,(anonymous_29)
FNDA:48,(anonymous_30)
FNDA:1,(anonymous_31)
FNDA:1,(anonymous_32)
FNDA:3,(anonymous_33)
FNDA:1,(anonymous_34)
FNDA:1,(anonymous_35)
FNDA:4,(anonymous_36)
FNDA:1,(anonymous_37)
DA:22,7
DA:34,2
DA:45,12
DA:56,3
DA:66,10
DA:76,10
DA:90,0
DA:105,1
DA:106,1
DA:107,4
DA:108,4
DA:110,1
DA:120,2
DA:121,1
DA:124,1
DA:125,1
DA:126,3
DA:127,3
DA:128,1
DA:130,2
DA:131,2
DA:142,1
DA:143,1
DA:144,3
DA:146,1
DA:156,1
DA:157,1
DA:158,2
DA:169,1
DA:170,1
DA:171,2
DA:186,2492
DA:187,1600
DA:190,892
DA:191,0
DA:194,892
DA:195,693
DA:198,199
DA:199,199
DA:200,2411
DA:201,2411
DA:204,199
DA:213,2
DA:215,2
DA:216,4
DA:217,6
DA:218,6
DA:220,1
DA:222,5
DA:228,2
DA:239,112
DA:240,112
DA:242,112
DA:243,116
DA:244,2
DA:246,114
DA:249,110
DA:260,24
DA:261,24
DA:262,24
DA:264,24
DA:265,2
DA:266,2
DA:268,2
DA:271,24
DA:272,24
DA:287,2
DA:301,2
DA:313,4
DA:314,3
DA:323,0
DA:333,10
DA:334,10
DA:335,10
DA:344,11
DA:356,6
DA:357,0
DA:360,6
DA:361,0
DA:364,6
DA:365,0
DA:375,1
DA:389,1
DA:390,1
DA:391,1
DA:393,1
DA:401,8
DA:408,49
DA:417,48
DA:418,48
DA:419,0
DA:420,0
DA:423,48
DA:424,48
DA:425,48
DA:435,1
DA:436,1
DA:437,1
DA:439,1
DA:450,1
DA:451,3
DA:452,3
DA:464,1
DA:465,4
DA:466,2
DA:467,2
DA:468,2
LF:107
LH:99
BRDA:90,0,0,0
BRDA:90,0,1,0
BRDA:90,0,2,0
BRDA:90,0,3,0
BRDA:119,1,0,1
BRDA:120,2,0,1
BRDA:120,2,1,1
BRDA:127,3,0,1
BRDA:127,3,1,2
BRDA:156,4,0,0
BRDA:156,4,1,1
BRDA:158,5,0,1
BRDA:158,5,1,1
BRDA:169,6,0,0
BRDA:169,6,1,1
BRDA:171,7,0,1
BRDA:171,7,1,1
BRDA:186,8,0,1600
BRDA:186,8,1,892
BRDA:186,9,0,2492
BRDA:186,9,1,2139
BRDA:190,10,0,0
BRDA:190,10,1,892
BRDA:194,11,0,693
BRDA:194,11,1,199
BRDA:200,12,0,2411
BRDA:200,12,1,0
BRDA:217,13,0,6
BRDA:217,13,1,0
BRDA:218,14,0,1
BRDA:218,14,1,5
BRDA:218,15,0,6
BRDA:218,15,1,1
BRDA:218,15,2,1
BRDA:218,15,3,1
BRDA:238,16,0,111
BRDA:243,17,0,2
BRDA:243,17,1,114
BRDA:243,18,0,116
BRDA:243,18,1,116
BRDA:243,18,2,116
BRDA:265,19,0,2
BRDA:265,19,1,0
BRDA:265,20,0,2
BRDA:265,20,1,0
BRDA:313,21,0,1
BRDA:313,21,1,3
BRDA:314,22,0,3
BRDA:314,22,1,2
BRDA:332,23,0,0
BRDA:343,24,0,0
BRDA:356,25,0,0
BRDA:356,25,1,6
BRDA:356,26,0,6
BRDA:356,26,1,6
BRDA:360,27,0,0
BRDA:360,27,1,6
BRDA:360,28,0,6
BRDA:360,28,1,6
BRDA:364,29,0,0
BRDA:364,29,1,6
BRDA:364,30,0,6
BRDA:364,30,1,6
BRDA:364,30,2,6
BRDA:364,30,3,6
BRDA:379,31,0,1
BRDA:379,31,1,0
BRDA:380,32,0,1
BRDA:380,32,1,0
BRDA:381,33,0,1
BRDA:381,33,1,0
BRDA:382,34,0,1
BRDA:382,34,1,1
BRDA:383,35,0,1
BRDA:383,35,1,0
BRDA:384,36,0,1
BRDA:384,36,1,1
BRDA:385,37,0,1
BRDA:385,37,1,1
BRDA:389,38,0,0
BRDA:389,38,1,1
BRDA:390,39,0,0
BRDA:390,39,1,1
BRDA:391,40,0,0
BRDA:391,40,1,1
BRDA:418,41,0,0
BRDA:418,41,1,48
BRDA:434,42,0,0
BRDA:465,43,0,2
BRDA:465,43,1,2
BRF:90
BRH:65
end_of_record
TN:
SF:utils/multiplayer-sync.js
FN:5,(anonymous_0)
FN:19,(anonymous_1)
FN:56,(anonymous_2)
FN:70,(anonymous_3)
FN:86,(anonymous_4)
FN:96,(anonymous_5)
FN:102,(anonymous_6)
FN:112,(anonymous_7)
FN:136,(anonymous_8)
FN:141,(anonymous_9)
FN:153,(anonymous_10)
FN:157,(anonymous_11)
FN:158,(anonymous_12)
FN:170,(anonymous_13)
FN:176,(anonymous_14)
FN:195,(anonymous_15)
FN:218,(anonymous_16)
FN:223,(anonymous_17)
FN:243,(anonymous_18)
FN:258,(anonymous_19)
FN:270,(anonymous_20)
FN:275,(anonymous_21)
FN:288,(anonymous_22)
FN:302,(anonymous_23)
FN:305,(anonymous_24)
FN:310,(anonymous_25)
FN:318,(anonymous_26)
FN:325,(anonymous_27)
FN:337,(anonymous_28)
FN:344,(anonymous_29)
FN:361,(anonymous_30)
FN:371,(anonymous_31)
FN:383,(anonymous_32)
FN:400,(anonymous_33)
FN:415,(anonymous_34)
FN:424,(anonymous_35)
FN:431,(anonymous_36)
FN:436,(anonymous_37)
FN:441,(anonymous_38)
FN:447,(anonymous_39)
FN:450,(anonymous_40)
FN:454,(anonymous_41)
FN:457,(anonymous_42)
FN:458,(anonymous_43)
FN:461,(anonymous_44)
FN:462,(anonymous_45)
FN:476,(anonymous_46)
FN:484,(anonymous_47)
FN:497,(anonymous_48)
FN:498,(anonymous_49)
FN:499,(anonymous_50)
FN:502,(anonymous_51)
FN:503,(anonymous_52)
FN:507,(anonymous_53)
FN:515,(anonymous_54)
FN:525,(anonymous_55)
FN:536,(anonymous_56)
FN:547,(anonymous_57)
FN:554,(anonymous_58)
FN:555,(anonymous_59)
FN:564,(anonymous_60)
FN:571,(anonymous_61)
FN:586,(anonymous_62)
FN:596,(anonymous_63)
FNF:64
FNH:0
FNDA:0,(anonymous_0)
FNDA:0,(anonymous_1)
FNDA:0,(anonymous_2)
FNDA:0,(anonymous_3)
FNDA:0,(anonymous_4)
FNDA:0,(anonymous_5)
FNDA:0,(anonymous_6)
FNDA:0,(anonymous_7)
FNDA:0,(anonymous_8)
FNDA:0,(anonymous_9)
FNDA:0,(anonymous_10)
FNDA:0,(anonymous_11)
FNDA:0,(anonymous_12)
FNDA:0,(anonymous_13)
FNDA:0,(anonymous_14)
FNDA:0,(anonymous_15)
FNDA:0,(anonymous_16)
FNDA:0,(anonymous_17)
FNDA:0,(anonymous_18)
FNDA:0,(anonymous_19)
FNDA:0,(anonymous_20)
FNDA:0,(anonymous_21)
FNDA:0,(anonymous_22)
FNDA:0,(anonymous_23)
FNDA:0,(anonymous_24)
FNDA:0,(anonymous_25)
FNDA:0,(anonymous_26)
FNDA:0,(anonymous_27)
FNDA:0,(anonymous_28)
FNDA:0,(anonymous_29)
FNDA:0,(anonymous_30)
FNDA:0,(anonymous_31)
FNDA:0,(anonymous_32)
FNDA:0,(anonymous_33)
FNDA:0,(anonymous_34)
FNDA:0,(anonymous_35)
FNDA:0,(anonymous_36)
FNDA:0,(anonymous_37)
FNDA:0,(anonymous_38)
FNDA:0,(anonymous_39)
FNDA:0,(anonymous_40)
FNDA:0,(anonymous_41)
FNDA:0,(anonymous_42)
FNDA:0,(anonymous_43)
FNDA:0,(anonymous_44)
FNDA:0,(anonymous_45)
FNDA:0,(anonymous_46)
FNDA:0,(anonymous_47)
FNDA:0,(anonymous_48)
FNDA:0,(anonymous_49)
FNDA:0,(anonymous_50)
FNDA:0,(anonymous_51)
FNDA:0,(anonymous_52)
FNDA:0,(anonymous_53)
FNDA:0,(anonymous_54)
FNDA:0,(anonymous_55)
FNDA:0,(anonymous_56)
FNDA:0,(anonymous_57)
FNDA:0,(anonymous_58)
FNDA:0,(anonymous_59)
FNDA:0,(anonymous_60)
FNDA:0,(anonymous_61)
FNDA:0,(anonymous_62)
FNDA:0,(anonymous_63)
DA:6,0
DA:7,0
DA:8,0
DA:9,0
DA:11,0
DA:12,0
DA:13,0
DA:14,0
DA:15,0
DA:16,0
DA:20,0
DA:21,0
DA:24,0
DA:25,0
DA:28,0
DA:31,0
DA:38,0
DA:39,0
DA:42,0
DA:43,0
DA:46,0
DA:48,0
DA:58,0
DA:59,0
DA:63,0
DA:64,0
DA:67,0
DA:71,0
DA:73,0
DA:74,0
DA:75,0
DA:83,0
DA:87,0
DA:89,0
DA:90,0
DA:93,0
DA:97,0
DA:98,0
DA:99,0
DA:103,0
DA:104,0
DA:105,0
DA:107,0
DA:113,0
DA:115,0
DA:117,0
DA:118,0
DA:127,0
DA:137,0
DA:140,0
DA:141,0
DA:145,0
DA:147,0
DA:150,0
DA:154,0
DA:158,0
DA:160,0
DA:161,0
DA:164,0
DA:165,0
DA:166,0
DA:169,0
DA:170,0
DA:173,0
DA:177,0
DA:179,0
DA:182,0
DA:185,0
DA:188,0
DA:191,0
DA:196,0
DA:198,0
DA:199,0
DA:200,0
DA:202,0
DA:203,0
DA:204,0
DA:205,0
DA:208,0
DA:209,0
DA:211,0
DA:215,0
DA:220,0
DA:224,0
DA:227,0
DA:230,0
DA:235,0
DA:244,0
DA:247,0
DA:248,0
DA:252,0
DA:254,0
DA:259,0
DA:271,0
DA:274,0
DA:275,0
DA:279,0
DA:280,0
DA:281,0
DA:289,0
DA:290,0
DA:291,0
DA:292,0
DA:294,0
DA:295,0
DA:296,0
DA:297,0
DA:299,0
DA:303,0
DA:305,0
DA:306,0
DA:311,0
DA:312,0
DA:315,0
DA:319,0
DA:320,0
DA:326,0
DA:327,0
DA:330,0
DA:336,0
DA:337,0
DA:339,0
DA:340,0
DA:345,0
DA:347,0
DA:355,0
DA:357,0
DA:358,0
DA:359,0
DA:360,0
DA:361,0
DA:362,0
DA:366,0
DA:367,0
DA:372,0
DA:373,0
DA:376,0
DA:384,0
DA:385,0
DA:386,0
DA:387,0
DA:388,0
DA:389,0
DA:391,0
DA:392,0
DA:396,0
DA:397,0
DA:401,0
DA:402,0
DA:403,0
DA:406,0
DA:416,0
DA:417,0
DA:418,0
DA:425,0
DA:426,0
DA:427,0
DA:428,0
DA:432,0
DA:433,0
DA:437,0
DA:438,0
DA:442,0
DA:443,0
DA:446,0
DA:447,0
DA:451,0
DA:452,0
DA:454,0
DA:456,0
DA:457,0
DA:458,0
DA:460,0
DA:461,0
DA:462,0
DA:464,0
DA:466,0
DA:477,0
DA:478,0
DA:479,0
DA:485,0
DA:486,0
DA:487,0
DA:488,0
DA:490,0
DA:491,0
DA:492,0
DA:493,0
DA:494,0
DA:495,0
DA:497,0
DA:498,0
DA:499,0
DA:503,0
DA:504,0
DA:505,0
DA:507,0
DA:508,0
DA:509,0
DA:510,0
DA:511,0
DA:512,0
DA:515,0
DA:516,0
DA:517,0
DA:518,0
DA:520,0
DA:521,0
DA:525,0
DA:526,0
DA:527,0
DA:531,0
DA:537,0
DA:538,0
DA:539,0
DA:542,0
DA:547,0
DA:548,0
DA:549,0
DA:550,0
DA:555,0
DA:556,0
DA:557,0
DA:558,0
DA:559,0
DA:565,0
DA:566,0
DA:567,0
DA:572,0
DA:574,0
DA:575,0
DA:576,0
DA:577,0
DA:580,0
DA:581,0
DA:582,0
DA:587,0
DA:597,0
DA:598,0
DA:600,0
DA:601,0
DA:606,0
DA:607,0
DA:608,0
LF:244
LH:0
BRDA:5,0,0,0
BRDA:8,1,0,0
BRDA:8,1,1,0
BRDA:9,2,0,0
BRDA:9,2,1,0
BRDA:19,3,0,0
BRDA:20,4,0,0
BRDA:20,4,1,0
BRDA:38,5,0,0
BRDA:38,5,1,0
BRDA:58,6,0,0
BRDA:58,6,1,0
BRDA:58,7,0,0
BRDA:58,7,1,0
BRDA:63,8,0,0
BRDA:63,8,1,0
BRDA:74,9,0,0
BRDA:74,9,1,0
BRDA:87,10,0,0
BRDA:87,10,1,0
BRDA:89,11,0,0
BRDA:89,11,1,0
BRDA:89,12,0,0
BRDA:89,12,1,0
BRDA:97,13,0,0
BRDA:97,13,1,0
BRDA:98,14,0,0
BRDA:98,14,1,0
BRDA:98,15,0,0
BRDA:98,15,1,0
BRDA:104,16,0,0
BRDA:104,16,1,0
BRDA:104,17,0,0
BRDA:104,17,1,0
BRDA:113,18,0,0
BRDA:113,18,1,0
BRDA:115,19,0,0
BRDA:115,19,1,0
BRDA:115,20,0,0
BRDA:115,20,1,0
BRDA:115,20,2,0
BRDA:160,21,0,0
BRDA:160,21,1,0
BRDA:177,22,0,0
BRDA:177,22,1,0
BRDA:177,22,2,0
BRDA:177,22,3,0
BRDA:177,22,4,0
BRDA:202,23,0,0
BRDA:202,23,1,0
BRDA:204,24,0,0
BRDA:204,24,1,0
BRDA:208,25,0,0
BRDA:208,25,1,0
BRDA:209,26,0,0
BRDA:209,26,1,0
BRDA:211,27,0,0
BRDA:211,27,1,0
BRDA:224,28,0,0
BRDA:224,28,1,0
BRDA:244,29,0,0
BRDA:244,29,1,0
BRDA:270,30,0,0
BRDA:280,31,0,0
BRDA:280,31,1,0
BRDA:288,32,0,0
BRDA:290,33,0,0
BRDA:290,33,1,0
BRDA:291,34,0,0
BRDA:291,34,1,0
BRDA:292,35,0,0
BRDA:292,35,1,0
BRDA:303,36,0,0
BRDA:303,36,1,0
BRDA:310,37,0,0
BRDA:310,38,0,0
BRDA:311,39,0,0
BRDA:311,39,1,0
BRDA:311,40,0,0
BRDA:311,40,1,0
BRDA:311,40,2,0
BRDA:320,41,0,0
BRDA:320,41,1,0
BRDA:320,41,2,0
BRDA:326,42,0,0
BRDA:326,42,1,0
BRDA:339,43,0,0
BRDA:339,43,1,0
BRDA:345,44,0,0
BRDA:345,44,1,0
BRDA:359,45,0,0
BRDA:359,45,1,0
BRDA:359,46,0,0
BRDA:359,46,1,0
BRDA:366,47,0,0
BRDA:366,47,1,0
BRDA:384,48,0,0
BRDA:384,48,1,0
BRDA:387,49,0,0
BRDA:387,49,1,0
BRDA:416,50,0,0
BRDA:416,50,1,0
BRDA:424,51,0,0
BRDA:425,52,0,0
BRDA:425,52,1,0
BRDA:471,53,0,0
BRDA:471,53,1,0
BRDA:484,54,0,0
BRDA:485,55,0,0
BRDA:485,55,1,0
BRDA:486,56,0,0
BRDA:486,56,1,0
BRDA:487,57,0,0
BRDA:487,57,1,0
BRDA:488,58,0,0
BRDA:488,58,1,0
BRDA:497,59,0,0
BRDA:497,59,1,0
BRDA:498,60,0,0
BRDA:498,60,1,0
BRDA:499,61,0,0
BRDA:499,61,1,0
BRDA:520,62,0,0
BRDA:520,62,1,0
BRDA:537,63,0,0
BRDA:537,63,1,0
BRDA:556,64,0,0
BRDA:556,64,1,0
BRDA:556,65,0,0
BRDA:556,65,1,0
BRDA:565,66,0,0
BRDA:565,66,1,0
BRDA:574,67,0,0
BRDA:574,67,1,0
BRDA:576,68,0,0
BRDA:576,68,1,0
BRDA:580,69,0,0
BRDA:580,69,1,0
BRDA:597,70,0,0
BRDA:597,70,1,0
BRF:140
BRH:0
end_of_record
TN:
SF:utils/performance-monitoring.js
FN:5,(anonymous_0)
FN:34,(anonymous_1)
FN:47,(anonymous_2)
FN:60,(anonymous_3)
FN:105,(anonymous_4)
FN:143,(anonymous_5)
FN:144,(anonymous_6)
FN:155,(anonymous_7)
FN:160,(anonymous_8)
FN:185,(anonymous_9)
FN:189,(anonymous_10)
FN:206,(anonymous_11)
FN:218,(anonymous_12)
FN:231,(anonymous_13)
FN:232,(anonymous_14)
FN:240,(anonymous_15)
FN:260,(anonymous_16)
FN:300,(anonymous_17)
FN:305,(anonymous_18)
FN:325,(anonymous_19)
FN:363,(anonymous_20)
FN:376,(anonymous_21)
FN:385,(anonymous_22)
FN:399,(anonymous_23)
FN:403,(anonymous_24)
FN:407,(anonymous_25)
FN:461,(anonymous_26)
FN:499,(anonymous_27)
FN:504,(anonymous_28)
FNF:29
FNH:24
FNDA:12,(anonymous_0)
FNDA:2,(anonymous_1)
FNDA:1,(anonymous_2)
FNDA:46,(anonymous_3)
FNDA:46,(anonymous_4)
FNDA:46,(anonymous_5)
FNDA:159,(anonymous_6)
FNDA:184,(anonymous_7)
FNDA:46,(anonymous_8)
FNDA:203,(anonymous_9)
FNDA:46,(anonymous_10)
FNDA:203,(anonymous_11)
FNDA:5,(anonymous_12)
FNDA:12,(anonymous_13)
FNDA:0,(anonymous_14)
FNDA:0,(anonymous_15)
FNDA:10,(anonymous_16)
FNDA:10,(anonymous_17)
FNDA:0,(anonymous_18)
FNDA:2,(anonymous_19)
FNDA:1,(anonymous_20)
FNDA:10,(anonymous_21)
FNDA:10,(anonymous_22)
FNDA:12,(anonymous_23)
FNDA:1,(anonymous_24)
FNDA:11,(anonymous_25)
FNDA:15,(anonymous_26)
FNDA:0,(anonymous_27)
FNDA:0,(anonymous_28)
DA:6,12
DA:7,12
DA:8,12
DA:10,12
DA:25,12
DA:26,12
DA:29,12
DA:30,12
DA:35,2
DA:37,1
DA:38,1
DA:44,1
DA:48,1
DA:50,1
DA:51,1
DA:53,1
DA:55,1
DA:57,1
DA:61,46
DA:64,46
DA:65,9
DA:77,46
DA:78,46
DA:79,46
DA:80,46
DA:81,46
DA:82,46
DA:83,46
DA:85,46
DA:86,32
DA:88,14
DA:92,46
DA:95,46
DA:98,46
DA:100,46
DA:101,0
DA:106,46
DA:107,9
DA:121,46
DA:124,46
DA:125,44
DA:126,38
DA:127,16
DA:128,12
DA:129,11
DA:132,46
DA:135,46
DA:136,0
DA:140,46
DA:144,159
DA:145,46
DA:147,46
DA:149,46
DA:150,46
DA:151,46
DA:152,46
DA:156,184
DA:157,184
DA:161,46
DA:162,9
DA:171,46
DA:172,46
DA:174,46
DA:175,14
DA:178,46
DA:180,46
DA:181,0
DA:185,203
DA:186,46
DA:190,46
DA:191,9
DA:199,46
DA:200,46
DA:202,46
DA:205,46
DA:206,203
DA:209,46
DA:210,46
DA:213,46
DA:214,46
DA:215,46
DA:219,5
DA:220,4
DA:221,4
DA:222,4
DA:226,1
DA:227,1
DA:232,12
DA:233,0
DA:237,12
DA:241,0
DA:242,0
DA:244,0
DA:253,0
DA:254,0
DA:257,0
DA:261,10
DA:262,10
DA:263,9
DA:270,10
DA:271,10
DA:272,9
DA:275,10
DA:276,10
DA:277,9
DA:280,10
DA:281,10
DA:282,9
DA:285,10
DA:301,10
DA:303,10
DA:305,0
DA:312,0
DA:313,0
DA:326,2
DA:327,2
DA:328,2
DA:331,2
DA:332,3
DA:333,1
DA:334,1
DA:337,3
DA:338,1
DA:339,1
DA:344,2
DA:345,2
DA:346,0
DA:347,0
DA:351,2
DA:352,0
DA:353,0
DA:356,2
DA:364,1
DA:365,1
DA:366,1
DA:367,1
DA:368,1
DA:369,1
DA:370,1
DA:371,1
DA:372,1
DA:373,1
DA:377,10
DA:378,10
DA:379,10
DA:386,10
DA:394,10
DA:395,10
DA:396,10
DA:400,12
DA:404,1
DA:408,11
DA:411,11
DA:412,10
DA:413,8
DA:422,10
DA:423,3
DA:434,11
DA:435,2
DA:444,11
DA:445,2
DA:454,11
DA:455,15
DA:458,11
DA:462,15
DA:463,15
DA:464,15
DA:467,15
DA:468,1
DA:471,14
DA:474,14
DA:475,15
DA:476,15
DA:485,1
DA:492,1
DA:499,1
DA:500,0
DA:504,1
DA:505,0
DA:506,0
LF:180
LH:160
BRDA:5,0,0,0
BRDA:8,1,0,12
BRDA:8,1,1,11
BRDA:8,1,2,0
BRDA:29,2,0,12
BRDA:29,2,1,0
BRDA:34,3,0,2
BRDA:35,4,0,1
BRDA:35,4,1,1
BRDA:47,5,0,1
BRDA:48,6,0,0
BRDA:48,6,1,1
BRDA:48,7,0,1
BRDA:48,7,1,1
BRDA:60,8,0,0
BRDA:60,9,0,45
BRDA:61,10,0,0
BRDA:61,10,1,46
BRDA:64,11,0,9
BRDA:64,11,1,37
BRDA:85,12,0,32
BRDA:85,12,1,14
BRDA:100,13,0,0
BRDA:100,13,1,46
BRDA:100,14,0,46
BRDA:100,14,1,0
BRDA:106,15,0,9
BRDA:106,15,1,37
BRDA:124,16,0,2
BRDA:124,16,1,44
BRDA:125,17,0,6
BRDA:125,17,1,38
BRDA:126,18,0,22
BRDA:126,18,1,16
BRDA:127,19,0,4
BRDA:127,19,1,12
BRDA:128,20,0,1
BRDA:128,20,1,11
BRDA:135,21,0,0
BRDA:135,21,1,46
BRDA:147,22,0,0
BRDA:147,22,1,46
BRDA:157,23,0,184
BRDA:157,23,1,0
BRDA:161,24,0,9
BRDA:161,24,1,37
BRDA:174,25,0,14
BRDA:174,25,1,32
BRDA:178,26,0,14
BRDA:178,26,1,32
BRDA:180,27,0,0
BRDA:180,27,1,46
BRDA:190,28,0,9
BRDA:190,28,1,37
BRDA:214,29,0,46
BRDA:214,29,1,0
BRDA:218,30,0,0
BRDA:219,31,0,4
BRDA:219,31,1,1
BRDA:226,32,0,1
BRDA:226,32,1,0
BRDA:253,33,0,0
BRDA:253,33,1,0
BRDA:265,34,0,9
BRDA:265,34,1,0
BRDA:266,35,0,9
BRDA:266,35,1,0
BRDA:303,36,0,10
BRDA:303,36,1,0
BRDA:332,37,0,1
BRDA:332,37,1,2
BRDA:337,38,0,1
BRDA:337,38,1,2
BRDA:345,39,0,0
BRDA:345,39,1,2
BRDA:345,40,0,2
BRDA:345,40,1,0
BRDA:351,41,0,0
BRDA:351,41,1,2
BRDA:358,42,0,1
BRDA:358,42,1,1
BRDA:358,43,0,1
BRDA:358,43,1,0
BRDA:377,44,0,10
BRDA:377,44,1,0
BRDA:385,45,0,0
BRDA:387,46,0,10
BRDA:387,46,1,0
BRDA:388,47,0,10
BRDA:388,47,1,0
BRDA:389,48,0,10
BRDA:389,48,1,0
BRDA:390,49,0,10
BRDA:390,49,1,10
BRDA:396,50,0,10
BRDA:396,50,1,1
BRDA:412,51,0,8
BRDA:412,51,1,2
BRDA:422,52,0,3
BRDA:422,52,1,7
BRDA:434,53,0,2
BRDA:434,53,1,9
BRDA:434,54,0,11
BRDA:434,54,1,11
BRDA:444,55,0,2
BRDA:444,55,1,9
BRDA:462,56,0,15
BRDA:462,56,1,4
BRDA:467,57,0,1
BRDA:467,57,1,14
BRDA:467,58,0,15
BRDA:467,58,1,2
BRF:112
BRH:83
end_of_record
